[ 2015-12-16T17:40:59+08:00 ] 119.123.114.236 /
INFO: [ app_init ] --START--
INFO: Run Behavior\BuildLiteBehavior [ RunTime:0.000014s ]
INFO: [ app_init ] --END-- [ RunTime:0.000102s ]
INFO: [ app_begin ] --START--
INFO: Run Behavior\ReadHtmlCacheBehavior [ RunTime:0.000328s ]
INFO: [ app_begin ] --END-- [ RunTime:0.000368s ]
INFO: [ view_parse ] --START--
INFO: [ template_filter ] --START--
INFO: Run Behavior\ContentReplaceBehavior [ RunTime:0.000035s ]
INFO: [ template_filter ] --END-- [ RunTime:0.000087s ]
INFO: Run Behavior\ParseTemplateBehavior [ RunTime:0.004081s ]
INFO: [ view_parse ] --END-- [ RunTime:0.004118s ]
INFO: [ view_filter ] --START--
INFO: Run Behavior\WriteHtmlCacheBehavior [ RunTime:0.000108s ]
INFO: [ view_filter ] --END-- [ RunTime:0.000143s ]
INFO: [ app_end ] --START--
INFO: Run Behavior\ShowPageTraceBehavior [ RunTime:0.000389s ]
INFO: [ app_end ] --END-- [ RunTime:0.000428s ]

[ 2015-12-16T17:42:37+08:00 ] 23.251.38.143 /
INFO: [ app_init ] --START--
INFO: Run Behavior\BuildLiteBehavior [ RunTime:0.000010s ]
INFO: [ app_init ] --END-- [ RunTime:0.000274s ]
INFO: [ app_begin ] --START--
INFO: Run Behavior\ReadHtmlCacheBehavior [ RunTime:0.000310s ]
INFO: [ app_begin ] --END-- [ RunTime:0.000343s ]
INFO: [ view_parse ] --START--
INFO: Run Behavior\ParseTemplateBehavior [ RunTime:0.000102s ]
INFO: [ view_parse ] --END-- [ RunTime:0.000135s ]
INFO: [ view_filter ] --START--
INFO: Run Behavior\WriteHtmlCacheBehavior [ RunTime:0.000097s ]
INFO: [ view_filter ] --END-- [ RunTime:0.000122s ]
INFO: [ app_end ] --START--
INFO: Run Behavior\ShowPageTraceBehavior [ RunTime:0.000320s ]
INFO: [ app_end ] --END-- [ RunTime:0.000348s ]

[ 2015-12-16T17:43:14+08:00 ] 119.123.114.236 /
INFO: [ app_init ] --START--
INFO: Run Behavior\BuildLiteBehavior [ RunTime:0.000010s ]
INFO: [ app_init ] --END-- [ RunTime:0.000247s ]
INFO: [ app_begin ] --START--
INFO: Run Behavior\ReadHtmlCacheBehavior [ RunTime:0.000289s ]
INFO: [ app_begin ] --END-- [ RunTime:0.000320s ]
INFO: [ view_parse ] --START--
INFO: Run Behavior\ParseTemplateBehavior [ RunTime:0.000106s ]
INFO: [ view_parse ] --END-- [ RunTime:0.000137s ]
INFO: [ view_filter ] --START--
INFO: Run Behavior\WriteHtmlCacheBehavior [ RunTime:0.000089s ]
INFO: [ view_filter ] --END-- [ RunTime:0.000113s ]
INFO: [ app_end ] --START--
INFO: Run Behavior\ShowPageTraceBehavior [ RunTime:0.000301s ]
INFO: [ app_end ] --END-- [ RunTime:0.000327s ]

[ 2015-12-16T17:44:55+08:00 ] 119.123.114.236 /
INFO: [ app_init ] --START--
INFO: Run Behavior\BuildLiteBehavior [ RunTime:0.000013s ]
INFO: [ app_init ] --END-- [ RunTime:0.000526s ]
INFO: [ app_begin ] --START--
INFO: Run Behavior\ReadHtmlCacheBehavior [ RunTime:0.000694s ]
INFO: [ app_begin ] --END-- [ RunTime:0.000736s ]
INFO: [ view_parse ] --START--
INFO: Run Behavior\ParseTemplateBehavior [ RunTime:0.000709s ]
INFO: [ view_parse ] --END-- [ RunTime:0.000747s ]
INFO: [ view_filter ] --START--
INFO: Run Behavior\WriteHtmlCacheBehavior [ RunTime:0.000319s ]
INFO: [ view_filter ] --END-- [ RunTime:0.000353s ]
INFO: [ app_end ] --START--
INFO: Run Behavior\ShowPageTraceBehavior [ RunTime:0.000576s ]
INFO: [ app_end ] --END-- [ RunTime:0.000611s ]

[ 2015-12-16T17:49:13+08:00 ] 119.123.114.236 /Home/Index/index
INFO: [ app_init ] --START--
INFO: Run Behavior\BuildLiteBehavior [ RunTime:0.000012s ]
INFO: [ app_init ] --END-- [ RunTime:0.000287s ]
INFO: [ app_begin ] --START--
INFO: Run Behavior\ReadHtmlCacheBehavior [ RunTime:0.000456s ]
INFO: [ app_begin ] --END-- [ RunTime:0.000496s ]
INFO: [ view_parse ] --START--
INFO: Run Behavior\ParseTemplateBehavior [ RunTime:0.000105s ]
INFO: [ view_parse ] --END-- [ RunTime:0.000144s ]
INFO: [ view_filter ] --START--
INFO: Run Behavior\WriteHtmlCacheBehavior [ RunTime:0.000102s ]
INFO: [ view_filter ] --END-- [ RunTime:0.000132s ]
INFO: [ app_end ] --START--
INFO: Run Behavior\ShowPageTraceBehavior [ RunTime:0.000360s ]
INFO: [ app_end ] --END-- [ RunTime:0.000393s ]

[ 2015-12-16T17:50:01+08:00 ] 119.123.114.236 /Home/Index/test
INFO: [ app_init ] --START--
INFO: Run Behavior\BuildLiteBehavior [ RunTime:0.000010s ]
INFO: [ app_init ] --END-- [ RunTime:0.000239s ]
INFO: [ app_begin ] --START--
INFO: Run Behavior\ReadHtmlCacheBehavior [ RunTime:0.000326s ]
INFO: [ app_begin ] --END-- [ RunTime:0.000371s ]
INFO: [ app_end ] --START--
INFO: Run Behavior\ShowPageTraceBehavior [ RunTime:0.000428s ]
INFO: [ app_end ] --END-- [ RunTime:0.000469s ]

[ 2015-12-16T17:50:16+08:00 ] 119.123.114.236 /Home/Index/test
INFO: [ app_init ] --START--
INFO: Run Behavior\BuildLiteBehavior [ RunTime:0.000009s ]
INFO: [ app_init ] --END-- [ RunTime:0.000236s ]
INFO: [ app_begin ] --START--
INFO: Run Behavior\ReadHtmlCacheBehavior [ RunTime:0.000380s ]
INFO: [ app_begin ] --END-- [ RunTime:0.000420s ]
ERR: 非法操作:test

[ 2015-12-16T18:05:44+08:00 ] 115.61.84.118 /
INFO: [ app_init ] --START--
INFO: Run Behavior\BuildLiteBehavior [ RunTime:0.000010s ]
INFO: [ app_init ] --END-- [ RunTime:0.000276s ]
INFO: [ app_begin ] --START--
INFO: Run Behavior\ReadHtmlCacheBehavior [ RunTime:0.000307s ]
INFO: [ app_begin ] --END-- [ RunTime:0.000344s ]
INFO: [ view_parse ] --START--
INFO: Run Behavior\ParseTemplateBehavior [ RunTime:0.000099s ]
INFO: [ view_parse ] --END-- [ RunTime:0.000138s ]
INFO: [ view_filter ] --START--
INFO: Run Behavior\WriteHtmlCacheBehavior [ RunTime:0.000103s ]
INFO: [ view_filter ] --END-- [ RunTime:0.000134s ]
INFO: [ app_end ] --START--
INFO: Run Behavior\ShowPageTraceBehavior [ RunTime:0.000322s ]
INFO: [ app_end ] --END-- [ RunTime:0.000354s ]

[ 2015-12-16T18:31:11+08:00 ] 110.172.208.211 /
INFO: [ app_init ] --START--
INFO: Run Behavior\BuildLiteBehavior [ RunTime:0.000014s ]
INFO: [ app_init ] --END-- [ RunTime:0.000266s ]
INFO: [ app_begin ] --START--
INFO: Run Behavior\ReadHtmlCacheBehavior [ RunTime:0.000305s ]
INFO: [ app_begin ] --END-- [ RunTime:0.000350s ]
INFO: [ view_parse ] --START--
INFO: Run Behavior\ParseTemplateBehavior [ RunTime:0.000099s ]
INFO: [ view_parse ] --END-- [ RunTime:0.000143s ]
INFO: [ view_filter ] --START--
INFO: Run Behavior\WriteHtmlCacheBehavior [ RunTime:0.000095s ]
INFO: [ view_filter ] --END-- [ RunTime:0.000140s ]
INFO: [ app_end ] --START--
INFO: Run Behavior\ShowPageTraceBehavior [ RunTime:0.000329s ]
INFO: [ app_end ] --END-- [ RunTime:0.000359s ]

[ 2015-12-16T18:31:11+08:00 ] 110.172.208.211 /
INFO: [ app_init ] --START--
INFO: Run Behavior\BuildLiteBehavior [ RunTime:0.000010s ]
INFO: [ app_init ] --END-- [ RunTime:0.000251s ]
INFO: [ app_begin ] --START--
INFO: Run Behavior\ReadHtmlCacheBehavior [ RunTime:0.000298s ]
INFO: [ app_begin ] --END-- [ RunTime:0.000335s ]
INFO: [ view_parse ] --START--
INFO: Run Behavior\ParseTemplateBehavior [ RunTime:0.000090s ]
INFO: [ view_parse ] --END-- [ RunTime:0.000125s ]
INFO: [ view_filter ] --START--
INFO: Run Behavior\WriteHtmlCacheBehavior [ RunTime:0.000116s ]
INFO: [ view_filter ] --END-- [ RunTime:0.000144s ]
INFO: [ app_end ] --START--
INFO: Run Behavior\ShowPageTraceBehavior [ RunTime:0.000325s ]
INFO: [ app_end ] --END-- [ RunTime:0.000355s ]

[ 2015-12-16T18:31:12+08:00 ] 110.172.208.211 /
INFO: [ app_init ] --START--
INFO: Run Behavior\BuildLiteBehavior [ RunTime:0.000010s ]
INFO: [ app_init ] --END-- [ RunTime:0.000248s ]
INFO: [ app_begin ] --START--
INFO: Run Behavior\ReadHtmlCacheBehavior [ RunTime:0.000330s ]
INFO: [ app_begin ] --END-- [ RunTime:0.000366s ]
INFO: [ view_parse ] --START--
INFO: Run Behavior\ParseTemplateBehavior [ RunTime:0.000091s ]
INFO: [ view_parse ] --END-- [ RunTime:0.000129s ]
INFO: [ view_filter ] --START--
INFO: Run Behavior\WriteHtmlCacheBehavior [ RunTime:0.000091s ]
INFO: [ view_filter ] --END-- [ RunTime:0.000120s ]
INFO: [ app_end ] --START--
INFO: Run Behavior\ShowPageTraceBehavior [ RunTime:0.000380s ]
INFO: [ app_end ] --END-- [ RunTime:0.000418s ]

[ 2015-12-16T18:43:17+08:00 ] 115.61.84.118 /
INFO: [ app_init ] --START--
INFO: Run Behavior\BuildLiteBehavior [ RunTime:0.000011s ]
INFO: [ app_init ] --END-- [ RunTime:0.000262s ]
INFO: [ app_begin ] --START--
INFO: Run Behavior\ReadHtmlCacheBehavior [ RunTime:0.000302s ]
INFO: [ app_begin ] --END-- [ RunTime:0.000341s ]
INFO: [ view_parse ] --START--
INFO: Run Behavior\ParseTemplateBehavior [ RunTime:0.000098s ]
INFO: [ view_parse ] --END-- [ RunTime:0.000136s ]
INFO: [ view_filter ] --START--
INFO: Run Behavior\WriteHtmlCacheBehavior [ RunTime:0.000116s ]
INFO: [ view_filter ] --END-- [ RunTime:0.000146s ]
INFO: [ app_end ] --START--
INFO: Run Behavior\ShowPageTraceBehavior [ RunTime:0.000339s ]
INFO: [ app_end ] --END-- [ RunTime:0.000373s ]

[ 2015-12-16T18:43:25+08:00 ] 115.61.84.118 /
INFO: [ app_init ] --START--
INFO: Run Behavior\BuildLiteBehavior [ RunTime:0.000011s ]
INFO: [ app_init ] --END-- [ RunTime:0.000309s ]
INFO: [ app_begin ] --START--
INFO: Run Behavior\ReadHtmlCacheBehavior [ RunTime:0.000321s ]
INFO: [ app_begin ] --END-- [ RunTime:0.000357s ]
INFO: [ view_parse ] --START--
INFO: Run Behavior\ParseTemplateBehavior [ RunTime:0.000097s ]
INFO: [ view_parse ] --END-- [ RunTime:0.000136s ]
INFO: [ view_filter ] --START--
INFO: Run Behavior\WriteHtmlCacheBehavior [ RunTime:0.000087s ]
INFO: [ view_filter ] --END-- [ RunTime:0.000116s ]
INFO: [ app_end ] --START--
INFO: Run Behavior\ShowPageTraceBehavior [ RunTime:0.000336s ]
INFO: [ app_end ] --END-- [ RunTime:0.000369s ]

[ 2015-12-16T18:43:32+08:00 ] 115.61.84.118 /
INFO: [ app_init ] --START--
INFO: Run Behavior\BuildLiteBehavior [ RunTime:0.000010s ]
INFO: [ app_init ] --END-- [ RunTime:0.000238s ]
INFO: [ app_begin ] --START--
INFO: Run Behavior\ReadHtmlCacheBehavior [ RunTime:0.000385s ]
INFO: [ app_begin ] --END-- [ RunTime:0.000422s ]
INFO: [ view_parse ] --START--
INFO: Run Behavior\ParseTemplateBehavior [ RunTime:0.000084s ]
INFO: [ view_parse ] --END-- [ RunTime:0.000119s ]
INFO: [ view_filter ] --START--
INFO: Run Behavior\WriteHtmlCacheBehavior [ RunTime:0.000083s ]
INFO: [ view_filter ] --END-- [ RunTime:0.000110s ]
INFO: [ app_end ] --START--
INFO: Run Behavior\ShowPageTraceBehavior [ RunTime:0.000437s ]
INFO: [ app_end ] --END-- [ RunTime:0.000474s ]

[ 2015-12-16T18:49:04+08:00 ] 220.180.172.124 /
INFO: [ app_init ] --START--
INFO: Run Behavior\BuildLiteBehavior [ RunTime:0.000010s ]
INFO: [ app_init ] --END-- [ RunTime:0.000239s ]
INFO: [ app_begin ] --START--
INFO: Run Behavior\ReadHtmlCacheBehavior [ RunTime:0.000300s ]
INFO: [ app_begin ] --END-- [ RunTime:0.000340s ]
INFO: [ view_parse ] --START--
INFO: Run Behavior\ParseTemplateBehavior [ RunTime:0.000090s ]
INFO: [ view_parse ] --END-- [ RunTime:0.000124s ]
INFO: [ view_filter ] --START--
INFO: Run Behavior\WriteHtmlCacheBehavior [ RunTime:0.000085s ]
INFO: [ view_filter ] --END-- [ RunTime:0.000113s ]
INFO: [ app_end ] --START--
INFO: Run Behavior\ShowPageTraceBehavior [ RunTime:0.000332s ]
INFO: [ app_end ] --END-- [ RunTime:0.000362s ]

[ 2015-12-16T19:44:23+08:00 ] 115.61.84.118 /
INFO: [ app_init ] --START--
INFO: Run Behavior\BuildLiteBehavior [ RunTime:0.000010s ]
INFO: [ app_init ] --END-- [ RunTime:0.000257s ]
INFO: [ app_begin ] --START--
INFO: Run Behavior\ReadHtmlCacheBehavior [ RunTime:0.000311s ]
INFO: [ app_begin ] --END-- [ RunTime:0.000348s ]
INFO: [ view_parse ] --START--
INFO: Run Behavior\ParseTemplateBehavior [ RunTime:0.000093s ]
INFO: [ view_parse ] --END-- [ RunTime:0.000128s ]
INFO: [ view_filter ] --START--
INFO: Run Behavior\WriteHtmlCacheBehavior [ RunTime:0.000107s ]
INFO: [ view_filter ] --END-- [ RunTime:0.000137s ]
INFO: [ app_end ] --START--
INFO: Run Behavior\ShowPageTraceBehavior [ RunTime:0.000326s ]
INFO: [ app_end ] --END-- [ RunTime:0.000359s ]

[ 2015-12-16T19:44:30+08:00 ] 115.61.84.118 /
INFO: [ app_init ] --START--
INFO: Run Behavior\BuildLiteBehavior [ RunTime:0.000015s ]
INFO: [ app_init ] --END-- [ RunTime:0.000370s ]
INFO: [ app_begin ] --START--
INFO: Run Behavior\ReadHtmlCacheBehavior [ RunTime:0.000334s ]
INFO: [ app_begin ] --END-- [ RunTime:0.000377s ]
INFO: [ view_parse ] --START--
INFO: Run Behavior\ParseTemplateBehavior [ RunTime:0.000102s ]
INFO: [ view_parse ] --END-- [ RunTime:0.000147s ]
INFO: [ view_filter ] --START--
INFO: Run Behavior\WriteHtmlCacheBehavior [ RunTime:0.000114s ]
INFO: [ view_filter ] --END-- [ RunTime:0.000144s ]
INFO: [ app_end ] --START--
INFO: Run Behavior\ShowPageTraceBehavior [ RunTime:0.000382s ]
INFO: [ app_end ] --END-- [ RunTime:0.000421s ]

[ 2015-12-16T19:44:38+08:00 ] 115.61.84.118 /
INFO: [ app_init ] --START--
INFO: Run Behavior\BuildLiteBehavior [ RunTime:0.000010s ]
INFO: [ app_init ] --END-- [ RunTime:0.000251s ]
INFO: [ app_begin ] --START--
INFO: Run Behavior\ReadHtmlCacheBehavior [ RunTime:0.000316s ]
INFO: [ app_begin ] --END-- [ RunTime:0.000353s ]
INFO: [ view_parse ] --START--
INFO: Run Behavior\ParseTemplateBehavior [ RunTime:0.000090s ]
INFO: [ view_parse ] --END-- [ RunTime:0.000127s ]
INFO: [ view_filter ] --START--
INFO: Run Behavior\WriteHtmlCacheBehavior [ RunTime:0.000093s ]
INFO: [ view_filter ] --END-- [ RunTime:0.000123s ]
INFO: [ app_end ] --START--
INFO: Run Behavior\ShowPageTraceBehavior [ RunTime:0.000326s ]
INFO: [ app_end ] --END-- [ RunTime:0.000358s ]

[ 2015-12-16T19:47:36+08:00 ] 115.61.84.118 /
INFO: [ app_init ] --START--
INFO: Run Behavior\BuildLiteBehavior [ RunTime:0.000011s ]
INFO: [ app_init ] --END-- [ RunTime:0.000244s ]
INFO: [ app_begin ] --START--
INFO: Run Behavior\ReadHtmlCacheBehavior [ RunTime:0.000323s ]
INFO: [ app_begin ] --END-- [ RunTime:0.000359s ]
INFO: [ view_parse ] --START--
INFO: Run Behavior\ParseTemplateBehavior [ RunTime:0.000090s ]
INFO: [ view_parse ] --END-- [ RunTime:0.000126s ]
INFO: [ view_filter ] --START--
INFO: Run Behavior\WriteHtmlCacheBehavior [ RunTime:0.000086s ]
INFO: [ view_filter ] --END-- [ RunTime:0.000114s ]
INFO: [ app_end ] --START--
INFO: Run Behavior\ShowPageTraceBehavior [ RunTime:0.000333s ]
INFO: [ app_end ] --END-- [ RunTime:0.000364s ]

[ 2015-12-16T19:47:38+08:00 ] 27.38.155.46 /
INFO: [ app_init ] --START--
INFO: Run Behavior\BuildLiteBehavior [ RunTime:0.000010s ]
INFO: [ app_init ] --END-- [ RunTime:0.000249s ]
INFO: [ app_begin ] --START--
INFO: Run Behavior\ReadHtmlCacheBehavior [ RunTime:0.000334s ]
INFO: [ app_begin ] --END-- [ RunTime:0.000372s ]
INFO: [ view_parse ] --START--
INFO: Run Behavior\ParseTemplateBehavior [ RunTime:0.000095s ]
INFO: [ view_parse ] --END-- [ RunTime:0.000133s ]
INFO: [ view_filter ] --START--
INFO: Run Behavior\WriteHtmlCacheBehavior [ RunTime:0.000096s ]
INFO: [ view_filter ] --END-- [ RunTime:0.000125s ]
INFO: [ app_end ] --START--
INFO: Run Behavior\ShowPageTraceBehavior [ RunTime:0.000350s ]
INFO: [ app_end ] --END-- [ RunTime:0.000382s ]

[ 2015-12-16T19:48:44+08:00 ] 175.0.192.161 /
INFO: [ app_init ] --START--
INFO: Run Behavior\BuildLiteBehavior [ RunTime:0.000010s ]
INFO: [ app_init ] --END-- [ RunTime:0.000274s ]
INFO: [ app_begin ] --START--
INFO: Run Behavior\ReadHtmlCacheBehavior [ RunTime:0.000306s ]
INFO: [ app_begin ] --END-- [ RunTime:0.000340s ]
INFO: [ view_parse ] --START--
INFO: Run Behavior\ParseTemplateBehavior [ RunTime:0.000095s ]
INFO: [ view_parse ] --END-- [ RunTime:0.000138s ]
INFO: [ view_filter ] --START--
INFO: Run Behavior\WriteHtmlCacheBehavior [ RunTime:0.000126s ]
INFO: [ view_filter ] --END-- [ RunTime:0.000159s ]
INFO: [ app_end ] --START--
INFO: Run Behavior\ShowPageTraceBehavior [ RunTime:0.000322s ]
INFO: [ app_end ] --END-- [ RunTime:0.000350s ]

[ 2015-12-16T19:48:47+08:00 ] 175.0.192.161 /
INFO: [ app_init ] --START--
INFO: Run Behavior\BuildLiteBehavior [ RunTime:0.000010s ]
INFO: [ app_init ] --END-- [ RunTime:0.000240s ]
INFO: [ app_begin ] --START--
INFO: Run Behavior\ReadHtmlCacheBehavior [ RunTime:0.000307s ]
INFO: [ app_begin ] --END-- [ RunTime:0.000340s ]
INFO: [ view_parse ] --START--
INFO: Run Behavior\ParseTemplateBehavior [ RunTime:0.000084s ]
INFO: [ view_parse ] --END-- [ RunTime:0.000121s ]
INFO: [ view_filter ] --START--
INFO: Run Behavior\WriteHtmlCacheBehavior [ RunTime:0.000103s ]
INFO: [ view_filter ] --END-- [ RunTime:0.000141s ]
INFO: [ app_end ] --START--
INFO: Run Behavior\ShowPageTraceBehavior [ RunTime:0.000322s ]
INFO: [ app_end ] --END-- [ RunTime:0.000354s ]

[ 2015-12-16T19:48:52+08:00 ] 175.0.192.161 /
INFO: [ app_init ] --START--
INFO: Run Behavior\BuildLiteBehavior [ RunTime:0.000010s ]
INFO: [ app_init ] --END-- [ RunTime:0.000227s ]
INFO: [ app_begin ] --START--
INFO: Run Behavior\ReadHtmlCacheBehavior [ RunTime:0.000283s ]
INFO: [ app_begin ] --END-- [ RunTime:0.000316s ]
INFO: [ view_parse ] --START--
INFO: Run Behavior\ParseTemplateBehavior [ RunTime:0.000083s ]
INFO: [ view_parse ] --END-- [ RunTime:0.000116s ]
INFO: [ view_filter ] --START--
INFO: Run Behavior\WriteHtmlCacheBehavior [ RunTime:0.000088s ]
INFO: [ view_filter ] --END-- [ RunTime:0.000112s ]
INFO: [ app_end ] --START--
INFO: Run Behavior\ShowPageTraceBehavior [ RunTime:0.000303s ]
INFO: [ app_end ] --END-- [ RunTime:0.000329s ]

[ 2015-12-16T19:52:36+08:00 ] 27.38.152.13 /
INFO: [ app_init ] --START--
INFO: Run Behavior\BuildLiteBehavior [ RunTime:0.000010s ]
INFO: [ app_init ] --END-- [ RunTime:0.000242s ]
INFO: [ app_begin ] --START--
INFO: Run Behavior\ReadHtmlCacheBehavior [ RunTime:0.000291s ]
INFO: [ app_begin ] --END-- [ RunTime:0.000326s ]
INFO: [ view_parse ] --START--
INFO: Run Behavior\ParseTemplateBehavior [ RunTime:0.000096s ]
INFO: [ view_parse ] --END-- [ RunTime:0.000130s ]
INFO: [ view_filter ] --START--
INFO: Run Behavior\WriteHtmlCacheBehavior [ RunTime:0.000114s ]
INFO: [ view_filter ] --END-- [ RunTime:0.000140s ]
INFO: [ app_end ] --START--
INFO: Run Behavior\ShowPageTraceBehavior [ RunTime:0.000343s ]
INFO: [ app_end ] --END-- [ RunTime:0.000371s ]

[ 2015-12-16T20:04:22+08:00 ] 23.251.38.143 /
INFO: [ app_init ] --START--
INFO: Run Behavior\BuildLiteBehavior [ RunTime:0.000010s ]
INFO: [ app_init ] --END-- [ RunTime:0.000229s ]
INFO: [ app_begin ] --START--
INFO: Run Behavior\ReadHtmlCacheBehavior [ RunTime:0.000312s ]
INFO: [ app_begin ] --END-- [ RunTime:0.000345s ]
INFO: [ view_parse ] --START--
INFO: Run Behavior\ParseTemplateBehavior [ RunTime:0.000089s ]
INFO: [ view_parse ] --END-- [ RunTime:0.000120s ]
INFO: [ view_filter ] --START--
INFO: Run Behavior\WriteHtmlCacheBehavior [ RunTime:0.000088s ]
INFO: [ view_filter ] --END-- [ RunTime:0.000114s ]
INFO: [ app_end ] --START--
INFO: Run Behavior\ShowPageTraceBehavior [ RunTime:0.000323s ]
INFO: [ app_end ] --END-- [ RunTime:0.000350s ]

[ 2015-12-16T20:09:56+08:00 ] 115.61.84.118 /
INFO: [ app_init ] --START--
INFO: Run Behavior\BuildLiteBehavior [ RunTime:0.000011s ]
INFO: [ app_init ] --END-- [ RunTime:0.000303s ]
INFO: [ app_begin ] --START--
INFO: Run Behavior\ReadHtmlCacheBehavior [ RunTime:0.000330s ]
INFO: [ app_begin ] --END-- [ RunTime:0.000369s ]
INFO: [ view_parse ] --START--
INFO: Run Behavior\ParseTemplateBehavior [ RunTime:0.000110s ]
INFO: [ view_parse ] --END-- [ RunTime:0.000168s ]
INFO: [ view_filter ] --START--
INFO: Run Behavior\WriteHtmlCacheBehavior [ RunTime:0.000099s ]
INFO: [ view_filter ] --END-- [ RunTime:0.000128s ]
INFO: [ app_end ] --START--
INFO: Run Behavior\ShowPageTraceBehavior [ RunTime:0.000356s ]
INFO: [ app_end ] --END-- [ RunTime:0.000392s ]

[ 2015-12-16T20:10:06+08:00 ] 115.61.84.118 /
INFO: [ app_init ] --START--
INFO: Run Behavior\BuildLiteBehavior [ RunTime:0.000009s ]
INFO: [ app_init ] --END-- [ RunTime:0.000233s ]
INFO: [ app_begin ] --START--
INFO: Run Behavior\ReadHtmlCacheBehavior [ RunTime:0.000302s ]
INFO: [ app_begin ] --END-- [ RunTime:0.000336s ]
INFO: [ view_parse ] --START--
INFO: Run Behavior\ParseTemplateBehavior [ RunTime:0.000095s ]
INFO: [ view_parse ] --END-- [ RunTime:0.000128s ]
INFO: [ view_filter ] --START--
INFO: Run Behavior\WriteHtmlCacheBehavior [ RunTime:0.000112s ]
INFO: [ view_filter ] --END-- [ RunTime:0.000138s ]
INFO: [ app_end ] --START--
INFO: Run Behavior\ShowPageTraceBehavior [ RunTime:0.000322s ]
INFO: [ app_end ] --END-- [ RunTime:0.000350s ]

[ 2015-12-16T20:10:15+08:00 ] 115.61.84.118 /
INFO: [ app_init ] --START--
INFO: Run Behavior\BuildLiteBehavior [ RunTime:0.000010s ]
INFO: [ app_init ] --END-- [ RunTime:0.000278s ]
INFO: [ app_begin ] --START--
INFO: Run Behavior\ReadHtmlCacheBehavior [ RunTime:0.000333s ]
INFO: [ app_begin ] --END-- [ RunTime:0.000368s ]
INFO: [ view_parse ] --START--
INFO: Run Behavior\ParseTemplateBehavior [ RunTime:0.000100s ]
INFO: [ view_parse ] --END-- [ RunTime:0.000145s ]
INFO: [ view_filter ] --START--
INFO: Run Behavior\WriteHtmlCacheBehavior [ RunTime:0.000099s ]
INFO: [ view_filter ] --END-- [ RunTime:0.000126s ]
INFO: [ app_end ] --START--
INFO: Run Behavior\ShowPageTraceBehavior [ RunTime:0.000321s ]
INFO: [ app_end ] --END-- [ RunTime:0.000352s ]

[ 2015-12-16T20:38:25+08:00 ] 23.251.38.143 /
INFO: [ app_init ] --START--
INFO: Run Behavior\BuildLiteBehavior [ RunTime:0.000011s ]
INFO: [ app_init ] --END-- [ RunTime:0.000239s ]
INFO: [ app_begin ] --START--
INFO: Run Behavior\ReadHtmlCacheBehavior [ RunTime:0.000302s ]
INFO: [ app_begin ] --END-- [ RunTime:0.000339s ]
INFO: [ view_parse ] --START--
INFO: Run Behavior\ParseTemplateBehavior [ RunTime:0.000088s ]
INFO: [ view_parse ] --END-- [ RunTime:0.000124s ]
INFO: [ view_filter ] --START--
INFO: Run Behavior\WriteHtmlCacheBehavior [ RunTime:0.000105s ]
INFO: [ view_filter ] --END-- [ RunTime:0.000133s ]
INFO: [ app_end ] --START--
INFO: Run Behavior\ShowPageTraceBehavior [ RunTime:0.000317s ]
INFO: [ app_end ] --END-- [ RunTime:0.000348s ]

[ 2015-12-16T20:51:27+08:00 ] 115.61.84.118 /
INFO: [ app_init ] --START--
INFO: Run Behavior\BuildLiteBehavior [ RunTime:0.000011s ]
INFO: [ app_init ] --END-- [ RunTime:0.000271s ]
INFO: [ app_begin ] --START--
INFO: Run Behavior\ReadHtmlCacheBehavior [ RunTime:0.000286s ]
INFO: [ app_begin ] --END-- [ RunTime:0.000319s ]
INFO: [ view_parse ] --START--
INFO: Run Behavior\ParseTemplateBehavior [ RunTime:0.000094s ]
INFO: [ view_parse ] --END-- [ RunTime:0.000141s ]
INFO: [ view_filter ] --START--
INFO: Run Behavior\WriteHtmlCacheBehavior [ RunTime:0.000099s ]
INFO: [ view_filter ] --END-- [ RunTime:0.000123s ]
INFO: [ app_end ] --START--
INFO: Run Behavior\ShowPageTraceBehavior [ RunTime:0.000308s ]
INFO: [ app_end ] --END-- [ RunTime:0.000334s ]

[ 2015-12-16T20:51:31+08:00 ] 115.61.84.118 /
INFO: [ app_init ] --START--
INFO: Run Behavior\BuildLiteBehavior [ RunTime:0.000010s ]
INFO: [ app_init ] --END-- [ RunTime:0.000226s ]
INFO: [ app_begin ] --START--
INFO: Run Behavior\ReadHtmlCacheBehavior [ RunTime:0.000301s ]
INFO: [ app_begin ] --END-- [ RunTime:0.000333s ]
INFO: [ view_parse ] --START--
INFO: Run Behavior\ParseTemplateBehavior [ RunTime:0.000087s ]
INFO: [ view_parse ] --END-- [ RunTime:0.000118s ]
INFO: [ view_filter ] --START--
INFO: Run Behavior\WriteHtmlCacheBehavior [ RunTime:0.000087s ]
INFO: [ view_filter ] --END-- [ RunTime:0.000110s ]
INFO: [ app_end ] --START--
INFO: Run Behavior\ShowPageTraceBehavior [ RunTime:0.000302s ]
INFO: [ app_end ] --END-- [ RunTime:0.000327s ]

[ 2015-12-16T20:51:39+08:00 ] 115.61.84.118 /
INFO: [ app_init ] --START--
INFO: Run Behavior\BuildLiteBehavior [ RunTime:0.000011s ]
INFO: [ app_init ] --END-- [ RunTime:0.000240s ]
INFO: [ app_begin ] --START--
INFO: Run Behavior\ReadHtmlCacheBehavior [ RunTime:0.000337s ]
INFO: [ app_begin ] --END-- [ RunTime:0.000374s ]
INFO: [ view_parse ] --START--
INFO: Run Behavior\ParseTemplateBehavior [ RunTime:0.000093s ]
INFO: [ view_parse ] --END-- [ RunTime:0.000129s ]
INFO: [ view_filter ] --START--
INFO: Run Behavior\WriteHtmlCacheBehavior [ RunTime:0.000092s ]
INFO: [ view_filter ] --END-- [ RunTime:0.000121s ]
INFO: [ app_end ] --START--
INFO: Run Behavior\ShowPageTraceBehavior [ RunTime:0.000347s ]
INFO: [ app_end ] --END-- [ RunTime:0.000380s ]

[ 2015-12-16T20:57:32+08:00 ] 115.61.84.118 /
INFO: [ app_init ] --START--
INFO: Run Behavior\BuildLiteBehavior [ RunTime:0.000010s ]
INFO: [ app_init ] --END-- [ RunTime:0.000245s ]
INFO: [ app_begin ] --START--
INFO: Run Behavior\ReadHtmlCacheBehavior [ RunTime:0.000328s ]
INFO: [ app_begin ] --END-- [ RunTime:0.000374s ]
INFO: [ view_parse ] --START--
INFO: Run Behavior\ParseTemplateBehavior [ RunTime:0.000135s ]
INFO: [ view_parse ] --END-- [ RunTime:0.000175s ]
INFO: [ view_filter ] --START--
INFO: Run Behavior\WriteHtmlCacheBehavior [ RunTime:0.000098s ]
INFO: [ view_filter ] --END-- [ RunTime:0.000124s ]
INFO: [ app_end ] --START--
INFO: Run Behavior\ShowPageTraceBehavior [ RunTime:0.000385s ]
INFO: [ app_end ] --END-- [ RunTime:0.000414s ]

[ 2015-12-16T21:26:14+08:00 ] 101.200.77.100 /
INFO: [ app_init ] --START--
INFO: Run Behavior\BuildLiteBehavior [ RunTime:0.000010s ]
INFO: [ app_init ] --END-- [ RunTime:0.000228s ]
INFO: [ app_begin ] --START--
INFO: Run Behavior\ReadHtmlCacheBehavior [ RunTime:0.000334s ]
INFO: [ app_begin ] --END-- [ RunTime:0.000369s ]
INFO: [ view_parse ] --START--
INFO: Run Behavior\ParseTemplateBehavior [ RunTime:0.000089s ]
INFO: [ view_parse ] --END-- [ RunTime:0.000122s ]
INFO: [ view_filter ] --START--
INFO: Run Behavior\WriteHtmlCacheBehavior [ RunTime:0.000089s ]
INFO: [ view_filter ] --END-- [ RunTime:0.000113s ]
INFO: [ app_end ] --START--
INFO: Run Behavior\ShowPageTraceBehavior [ RunTime:0.000341s ]
INFO: [ app_end ] --END-- [ RunTime:0.000370s ]

[ 2015-12-16T21:43:34+08:00 ] 115.61.84.118 /
INFO: [ app_init ] --START--
INFO: Run Behavior\BuildLiteBehavior [ RunTime:0.000010s ]
INFO: [ app_init ] --END-- [ RunTime:0.000231s ]
INFO: [ app_begin ] --START--
INFO: Run Behavior\ReadHtmlCacheBehavior [ RunTime:0.000304s ]
INFO: [ app_begin ] --END-- [ RunTime:0.000349s ]
INFO: [ view_parse ] --START--
INFO: Run Behavior\ParseTemplateBehavior [ RunTime:0.000102s ]
INFO: [ view_parse ] --END-- [ RunTime:0.000146s ]
INFO: [ view_filter ] --START--
INFO: Run Behavior\WriteHtmlCacheBehavior [ RunTime:0.000121s ]
INFO: [ view_filter ] --END-- [ RunTime:0.000159s ]
INFO: [ app_end ] --START--
INFO: Run Behavior\ShowPageTraceBehavior [ RunTime:0.000319s ]
INFO: [ app_end ] --END-- [ RunTime:0.000351s ]

[ 2015-12-16T21:43:42+08:00 ] 115.61.84.118 /
INFO: [ app_init ] --START--
INFO: Run Behavior\BuildLiteBehavior [ RunTime:0.000010s ]
INFO: [ app_init ] --END-- [ RunTime:0.000235s ]
INFO: [ app_begin ] --START--
INFO: Run Behavior\ReadHtmlCacheBehavior [ RunTime:0.000284s ]
INFO: [ app_begin ] --END-- [ RunTime:0.000333s ]
INFO: [ view_parse ] --START--
INFO: Run Behavior\ParseTemplateBehavior [ RunTime:0.000096s ]
INFO: [ view_parse ] --END-- [ RunTime:0.000127s ]
INFO: [ view_filter ] --START--
INFO: Run Behavior\WriteHtmlCacheBehavior [ RunTime:0.000089s ]
INFO: [ view_filter ] --END-- [ RunTime:0.000112s ]
INFO: [ app_end ] --START--
INFO: Run Behavior\ShowPageTraceBehavior [ RunTime:0.000300s ]
INFO: [ app_end ] --END-- [ RunTime:0.000326s ]

[ 2015-12-16T21:43:49+08:00 ] 115.61.84.118 /
INFO: [ app_init ] --START--
INFO: Run Behavior\BuildLiteBehavior [ RunTime:0.000010s ]
INFO: [ app_init ] --END-- [ RunTime:0.000230s ]
INFO: [ app_begin ] --START--
INFO: Run Behavior\ReadHtmlCacheBehavior [ RunTime:0.000284s ]
INFO: [ app_begin ] --END-- [ RunTime:0.000317s ]
INFO: [ view_parse ] --START--
INFO: Run Behavior\ParseTemplateBehavior [ RunTime:0.000087s ]
INFO: [ view_parse ] --END-- [ RunTime:0.000119s ]
INFO: [ view_filter ] --START--
INFO: Run Behavior\WriteHtmlCacheBehavior [ RunTime:0.000087s ]
INFO: [ view_filter ] --END-- [ RunTime:0.000110s ]
INFO: [ app_end ] --START--
INFO: Run Behavior\ShowPageTraceBehavior [ RunTime:0.000303s ]
INFO: [ app_end ] --END-- [ RunTime:0.000329s ]

[ 2015-12-16T22:11:11+08:00 ] 115.61.84.118 /
INFO: [ app_init ] --START--
INFO: Run Behavior\BuildLiteBehavior [ RunTime:0.000010s ]
INFO: [ app_init ] --END-- [ RunTime:0.000264s ]
INFO: [ app_begin ] --START--
INFO: Run Behavior\ReadHtmlCacheBehavior [ RunTime:0.000365s ]
INFO: [ app_begin ] --END-- [ RunTime:0.000401s ]
INFO: [ view_parse ] --START--
INFO: Run Behavior\ParseTemplateBehavior [ RunTime:0.000125s ]
INFO: [ view_parse ] --END-- [ RunTime:0.000170s ]
INFO: [ view_filter ] --START--
INFO: Run Behavior\WriteHtmlCacheBehavior [ RunTime:0.000098s ]
INFO: [ view_filter ] --END-- [ RunTime:0.000144s ]
INFO: [ app_end ] --START--
INFO: Run Behavior\ShowPageTraceBehavior [ RunTime:0.000352s ]
INFO: [ app_end ] --END-- [ RunTime:0.000388s ]

[ 2015-12-16T22:29:09+08:00 ] 220.180.172.124 /
INFO: [ app_init ] --START--
INFO: Run Behavior\BuildLiteBehavior [ RunTime:0.000010s ]
INFO: [ app_init ] --END-- [ RunTime:0.000236s ]
INFO: [ app_begin ] --START--
INFO: Run Behavior\ReadHtmlCacheBehavior [ RunTime:0.000293s ]
INFO: [ app_begin ] --END-- [ RunTime:0.000328s ]
INFO: [ view_parse ] --START--
INFO: Run Behavior\ParseTemplateBehavior [ RunTime:0.000094s ]
INFO: [ view_parse ] --END-- [ RunTime:0.000128s ]
INFO: [ view_filter ] --START--
INFO: Run Behavior\WriteHtmlCacheBehavior [ RunTime:0.000121s ]
INFO: [ view_filter ] --END-- [ RunTime:0.000147s ]
INFO: [ app_end ] --START--
INFO: Run Behavior\ShowPageTraceBehavior [ RunTime:0.000311s ]
INFO: [ app_end ] --END-- [ RunTime:0.000339s ]

[ 2015-12-16T22:29:10+08:00 ] 220.180.172.124 /
INFO: [ app_init ] --START--
INFO: Run Behavior\BuildLiteBehavior [ RunTime:0.000010s ]
INFO: [ app_init ] --END-- [ RunTime:0.000233s ]
INFO: [ app_begin ] --START--
INFO: Run Behavior\ReadHtmlCacheBehavior [ RunTime:0.000336s ]
INFO: [ app_begin ] --END-- [ RunTime:0.000371s ]
INFO: [ view_parse ] --START--
INFO: Run Behavior\ParseTemplateBehavior [ RunTime:0.000093s ]
INFO: [ view_parse ] --END-- [ RunTime:0.000126s ]
INFO: [ view_filter ] --START--
INFO: Run Behavior\WriteHtmlCacheBehavior [ RunTime:0.000094s ]
INFO: [ view_filter ] --END-- [ RunTime:0.000119s ]
INFO: [ app_end ] --START--
INFO: Run Behavior\ShowPageTraceBehavior [ RunTime:0.000348s ]
INFO: [ app_end ] --END-- [ RunTime:0.000377s ]

[ 2015-12-16T22:29:12+08:00 ] 220.180.172.124 /
INFO: [ app_init ] --START--
INFO: Run Behavior\BuildLiteBehavior [ RunTime:0.000010s ]
INFO: [ app_init ] --END-- [ RunTime:0.000275s ]
INFO: [ app_begin ] --START--
INFO: Run Behavior\ReadHtmlCacheBehavior [ RunTime:0.000331s ]
INFO: [ app_begin ] --END-- [ RunTime:0.000368s ]
INFO: [ view_parse ] --START--
INFO: Run Behavior\ParseTemplateBehavior [ RunTime:0.000100s ]
INFO: [ view_parse ] --END-- [ RunTime:0.000144s ]
INFO: [ view_filter ] --START--
INFO: Run Behavior\WriteHtmlCacheBehavior [ RunTime:0.000115s ]
INFO: [ view_filter ] --END-- [ RunTime:0.000145s ]
INFO: [ app_end ] --START--
INFO: Run Behavior\ShowPageTraceBehavior [ RunTime:0.000345s ]
INFO: [ app_end ] --END-- [ RunTime:0.000380s ]

[ 2015-12-16T22:29:25+08:00 ] 115.61.84.118 /
INFO: [ app_init ] --START--
INFO: Run Behavior\BuildLiteBehavior [ RunTime:0.000010s ]
INFO: [ app_init ] --END-- [ RunTime:0.000220s ]
INFO: [ app_begin ] --START--
INFO: Run Behavior\ReadHtmlCacheBehavior [ RunTime:0.000301s ]
INFO: [ app_begin ] --END-- [ RunTime:0.000332s ]
INFO: [ view_parse ] --START--
INFO: Run Behavior\ParseTemplateBehavior [ RunTime:0.000082s ]
INFO: [ view_parse ] --END-- [ RunTime:0.000113s ]
INFO: [ view_filter ] --START--
INFO: Run Behavior\WriteHtmlCacheBehavior [ RunTime:0.000083s ]
INFO: [ view_filter ] --END-- [ RunTime:0.000107s ]
INFO: [ app_end ] --START--
INFO: Run Behavior\ShowPageTraceBehavior [ RunTime:0.000326s ]
INFO: [ app_end ] --END-- [ RunTime:0.000351s ]

[ 2015-12-16T22:29:31+08:00 ] 115.61.84.118 /
INFO: [ app_init ] --START--
INFO: Run Behavior\BuildLiteBehavior [ RunTime:0.000011s ]
INFO: [ app_init ] --END-- [ RunTime:0.000241s ]
INFO: [ app_begin ] --START--
INFO: Run Behavior\ReadHtmlCacheBehavior [ RunTime:0.000281s ]
INFO: [ app_begin ] --END-- [ RunTime:0.000314s ]
INFO: [ view_parse ] --START--
INFO: Run Behavior\ParseTemplateBehavior [ RunTime:0.000097s ]
INFO: [ view_parse ] --END-- [ RunTime:0.000129s ]
INFO: [ view_filter ] --START--
INFO: Run Behavior\WriteHtmlCacheBehavior [ RunTime:0.000087s ]
INFO: [ view_filter ] --END-- [ RunTime:0.000110s ]
INFO: [ app_end ] --START--
INFO: Run Behavior\ShowPageTraceBehavior [ RunTime:0.000299s ]
INFO: [ app_end ] --END-- [ RunTime:0.000324s ]

[ 2015-12-16T22:29:39+08:00 ] 115.61.84.118 /
INFO: [ app_init ] --START--
INFO: Run Behavior\BuildLiteBehavior [ RunTime:0.000010s ]
INFO: [ app_init ] --END-- [ RunTime:0.000245s ]
INFO: [ app_begin ] --START--
INFO: Run Behavior\ReadHtmlCacheBehavior [ RunTime:0.000373s ]
INFO: [ app_begin ] --END-- [ RunTime:0.000416s ]
INFO: [ view_parse ] --START--
INFO: Run Behavior\ParseTemplateBehavior [ RunTime:0.000100s ]
INFO: [ view_parse ] --END-- [ RunTime:0.000140s ]
INFO: [ view_filter ] --START--
INFO: Run Behavior\WriteHtmlCacheBehavior [ RunTime:0.000097s ]
INFO: [ view_filter ] --END-- [ RunTime:0.000142s ]
INFO: [ app_end ] --START--
INFO: Run Behavior\ShowPageTraceBehavior [ RunTime:0.000348s ]
INFO: [ app_end ] --END-- [ RunTime:0.000380s ]

[ 2015-12-16T22:40:29+08:00 ] 171.208.221.246 /
INFO: [ app_init ] --START--
INFO: Run Behavior\BuildLiteBehavior [ RunTime:0.000010s ]
INFO: [ app_init ] --END-- [ RunTime:0.000264s ]
INFO: [ app_begin ] --START--
INFO: Run Behavior\ReadHtmlCacheBehavior [ RunTime:0.000291s ]
INFO: [ app_begin ] --END-- [ RunTime:0.000327s ]
INFO: [ view_parse ] --START--
INFO: Run Behavior\ParseTemplateBehavior [ RunTime:0.000102s ]
INFO: [ view_parse ] --END-- [ RunTime:0.000144s ]
INFO: [ view_filter ] --START--
INFO: Run Behavior\WriteHtmlCacheBehavior [ RunTime:0.000121s ]
INFO: [ view_filter ] --END-- [ RunTime:0.000153s ]
INFO: 
INFO: 
INFO: 

[ 2015-12-16T22:49:38+08:00 ] 115.61.84.118 /
INFO: [ app_init ] --START--
INFO: Run Behavior\BuildLiteBehavior [ RunTime:0.000010s ]
INFO: [ app_init ] --END-- [ RunTime:0.000233s ]
INFO: [ app_begin ] --START--
INFO: Run Behavior\ReadHtmlCacheBehavior [ RunTime:0.000314s ]
INFO: [ app_begin ] --END-- [ RunTime:0.000348s ]
INFO: [ view_parse ] --START--
INFO: Run Behavior\ParseTemplateBehavior [ RunTime:0.000094s ]
INFO: [ view_parse ] --END-- [ RunTime:0.000127s ]
INFO: [ view_filter ] --START--
INFO: Run Behavior\WriteHtmlCacheBehavior [ RunTime:0.000104s ]
INFO: [ view_filter ] --END-- [ RunTime:0.000130s ]
INFO: [ app_end ] --START--
INFO: Run Behavior\ShowPageTraceBehavior [ RunTime:0.000329s ]
INFO: [ app_end ] --END-- [ RunTime:0.000357s ]

[ 2015-12-16T22:49:45+08:00 ] 115.61.84.118 /
INFO: [ app_init ] --START--
INFO: Run Behavior\BuildLiteBehavior [ RunTime:0.000011s ]
INFO: [ app_init ] --END-- [ RunTime:0.000235s ]
INFO: [ app_begin ] --START--
INFO: Run Behavior\ReadHtmlCacheBehavior [ RunTime:0.000316s ]
INFO: [ app_begin ] --END-- [ RunTime:0.000352s ]
INFO: [ view_parse ] --START--
INFO: Run Behavior\ParseTemplateBehavior [ RunTime:0.000090s ]
INFO: [ view_parse ] --END-- [ RunTime:0.000133s ]
INFO: [ view_filter ] --START--
INFO: Run Behavior\WriteHtmlCacheBehavior [ RunTime:0.000091s ]
INFO: [ view_filter ] --END-- [ RunTime:0.000117s ]
INFO: [ app_end ] --START--
INFO: Run Behavior\ShowPageTraceBehavior [ RunTime:0.000334s ]
INFO: [ app_end ] --END-- [ RunTime:0.000364s ]

[ 2015-12-16T22:49:52+08:00 ] 115.61.84.118 /
INFO: [ app_init ] --START--
INFO: Run Behavior\BuildLiteBehavior [ RunTime:0.000010s ]
INFO: [ app_init ] --END-- [ RunTime:0.000240s ]
INFO: [ app_begin ] --START--
INFO: Run Behavior\ReadHtmlCacheBehavior [ RunTime:0.000283s ]
INFO: [ app_begin ] --END-- [ RunTime:0.000315s ]
INFO: [ view_parse ] --START--
INFO: Run Behavior\ParseTemplateBehavior [ RunTime:0.000087s ]
INFO: [ view_parse ] --END-- [ RunTime:0.000118s ]
INFO: [ view_filter ] --START--
INFO: Run Behavior\WriteHtmlCacheBehavior [ RunTime:0.000104s ]
INFO: [ view_filter ] --END-- [ RunTime:0.000128s ]
INFO: [ app_end ] --START--
INFO: Run Behavior\ShowPageTraceBehavior [ RunTime:0.000304s ]
INFO: [ app_end ] --END-- [ RunTime:0.000330s ]

[ 2015-12-16T23:10:16+08:00 ] 175.0.192.161 /
INFO: [ app_init ] --START--
INFO: Run Behavior\BuildLiteBehavior [ RunTime:0.000010s ]
INFO: [ app_init ] --END-- [ RunTime:0.000271s ]
INFO: [ app_begin ] --START--
INFO: Run Behavior\ReadHtmlCacheBehavior [ RunTime:0.000336s ]
INFO: [ app_begin ] --END-- [ RunTime:0.000376s ]
INFO: [ view_parse ] --START--
INFO: Run Behavior\ParseTemplateBehavior [ RunTime:0.000109s ]
INFO: [ view_parse ] --END-- [ RunTime:0.000150s ]
INFO: [ view_filter ] --START--
INFO: Run Behavior\WriteHtmlCacheBehavior [ RunTime:0.000125s ]
INFO: [ view_filter ] --END-- [ RunTime:0.000160s ]
INFO: [ app_end ] --START--
INFO: Run Behavior\ShowPageTraceBehavior [ RunTime:0.000339s ]
INFO: [ app_end ] --END-- [ RunTime:0.000371s ]

[ 2015-12-16T23:13:22+08:00 ] 115.61.84.118 /
INFO: [ app_init ] --START--
INFO: Run Behavior\BuildLiteBehavior [ RunTime:0.000010s ]
INFO: [ app_init ] --END-- [ RunTime:0.000286s ]
INFO: [ app_begin ] --START--
INFO: Run Behavior\ReadHtmlCacheBehavior [ RunTime:0.000344s ]
INFO: [ app_begin ] --END-- [ RunTime:0.000384s ]
INFO: [ view_parse ] --START--
INFO: Run Behavior\ParseTemplateBehavior [ RunTime:0.000143s ]
INFO: [ view_parse ] --END-- [ RunTime:0.000192s ]
INFO: [ view_filter ] --START--
INFO: Run Behavior\WriteHtmlCacheBehavior [ RunTime:0.000140s ]
INFO: [ view_filter ] --END-- [ RunTime:0.000173s ]
INFO: [ app_end ] --START--
INFO: Run Behavior\ShowPageTraceBehavior [ RunTime:0.000329s ]
INFO: [ app_end ] --END-- [ RunTime:0.000370s ]

[ 2015-12-16T23:32:37+08:00 ] 115.61.84.118 /
INFO: [ app_init ] --START--
INFO: Run Behavior\BuildLiteBehavior [ RunTime:0.000013s ]
INFO: [ app_init ] --END-- [ RunTime:0.000258s ]
INFO: [ app_begin ] --START--
INFO: Run Behavior\ReadHtmlCacheBehavior [ RunTime:0.000311s ]
INFO: [ app_begin ] --END-- [ RunTime:0.000344s ]
INFO: [ view_parse ] --START--
INFO: Run Behavior\ParseTemplateBehavior [ RunTime:0.000107s ]
INFO: [ view_parse ] --END-- [ RunTime:0.000148s ]
INFO: [ view_filter ] --START--
INFO: Run Behavior\WriteHtmlCacheBehavior [ RunTime:0.000105s ]
INFO: [ view_filter ] --END-- [ RunTime:0.000135s ]
INFO: [ app_end ] --START--
INFO: Run Behavior\ShowPageTraceBehavior [ RunTime:0.000330s ]
INFO: [ app_end ] --END-- [ RunTime:0.000358s ]

[ 2015-12-16T23:32:44+08:00 ] 115.61.84.118 /
INFO: [ app_init ] --START--
INFO: Run Behavior\BuildLiteBehavior [ RunTime:0.000011s ]
INFO: [ app_init ] --END-- [ RunTime:0.000231s ]
INFO: [ app_begin ] --START--
INFO: Run Behavior\ReadHtmlCacheBehavior [ RunTime:0.000359s ]
INFO: [ app_begin ] --END-- [ RunTime:0.000413s ]
INFO: [ view_parse ] --START--
INFO: Run Behavior\ParseTemplateBehavior [ RunTime:0.000091s ]
INFO: [ view_parse ] --END-- [ RunTime:0.000127s ]
INFO: [ view_filter ] --START--
INFO: Run Behavior\WriteHtmlCacheBehavior [ RunTime:0.000091s ]
INFO: [ view_filter ] --END-- [ RunTime:0.000119s ]
INFO: [ app_end ] --START--
INFO: Run Behavior\ShowPageTraceBehavior [ RunTime:0.000387s ]
INFO: [ app_end ] --END-- [ RunTime:0.000418s ]

[ 2015-12-16T23:32:52+08:00 ] 115.61.84.118 /
INFO: [ app_init ] --START--
INFO: Run Behavior\BuildLiteBehavior [ RunTime:0.000011s ]
INFO: [ app_init ] --END-- [ RunTime:0.000226s ]
INFO: [ app_begin ] --START--
INFO: Run Behavior\ReadHtmlCacheBehavior [ RunTime:0.000281s ]
INFO: [ app_begin ] --END-- [ RunTime:0.000314s ]
INFO: [ view_parse ] --START--
INFO: Run Behavior\ParseTemplateBehavior [ RunTime:0.000089s ]
INFO: [ view_parse ] --END-- [ RunTime:0.000120s ]
INFO: [ view_filter ] --START--
INFO: Run Behavior\WriteHtmlCacheBehavior [ RunTime:0.000088s ]
INFO: [ view_filter ] --END-- [ RunTime:0.000112s ]
INFO: [ app_end ] --START--
INFO: Run Behavior\ShowPageTraceBehavior [ RunTime:0.000302s ]
INFO: [ app_end ] --END-- [ RunTime:0.000329s ]

