[ 2015-12-19T00:09:04+08:00 ] 23.251.38.143 /index.html
INFO: [ app_init ] --START--
INFO: Run Behavior\BuildLiteBehavior [ RunTime:0.000011s ]
INFO: [ app_init ] --END-- [ RunTime:0.000252s ]
ERR: 无法加载模块:Index

[ 2015-12-19T05:41:20+08:00 ] 46.166.139.20 /plugins/system/plugin_googlemap2_proxy.php?url=
INFO: [ app_init ] --START--
INFO: Run Behavior\BuildLiteBehavior [ RunTime:0.000011s ]
INFO: [ app_init ] --END-- [ RunTime:0.000243s ]
ERR: 无法加载模块:Plugins

[ 2015-12-19T07:13:34+08:00 ] 123.55.46.137 /SoftConfigFile/DLLBlackList.txt
INFO: [ app_init ] --START--
INFO: Run Behavior\BuildLiteBehavior [ RunTime:0.000011s ]
INFO: [ app_init ] --END-- [ RunTime:0.000238s ]
ERR: 无法加载模块:SoftConfigFile

[ 2015-12-19T07:13:41+08:00 ] 123.55.46.137 /iplistv2.html
INFO: [ app_init ] --START--
INFO: Run Behavior\BuildLiteBehavior [ RunTime:0.000015s ]
INFO: [ app_init ] --END-- [ RunTime:0.000352s ]
ERR: 无法加载模块:Iplistv2

[ 2015-12-19T07:13:42+08:00 ] 123.55.46.137 /iplistv2.html
INFO: [ app_init ] --START--
INFO: Run Behavior\BuildLiteBehavior [ RunTime:0.000012s ]
INFO: [ app_init ] --END-- [ RunTime:0.000269s ]
ERR: 无法加载模块:Iplistv2

[ 2015-12-19T07:13:42+08:00 ] 123.55.46.137 /Interface/ScriptGateway.aspx?qms=0000988CD5BD1CBAC27021A8DAE05DAA6A598F24D35B3313F6D561A017FAB129F82A8643D9F1D8E3D1779B5B8808817CE8E3CB593FC97CAA7913409B077F9B8E18EC0041
INFO: [ app_init ] --START--
INFO: Run Behavior\BuildLiteBehavior [ RunTime:0.000010s ]
INFO: [ app_init ] --END-- [ RunTime:0.000263s ]
ERR: 无法加载模块:Interface

[ 2015-12-19T07:13:49+08:00 ] 123.55.46.137 /Interface/ScriptGateway.aspx?qms=0000988CD5BD1CBAC27021A8DAE05DAA6A598F24D35B3313F6D561A017FAB129F82A8643D9F1D8E3D1779B5B8808817CE8E3CB593FC97CAA7913409B077F9B8E18EC0041
INFO: [ app_init ] --START--
INFO: Run Behavior\BuildLiteBehavior [ RunTime:0.000010s ]
INFO: [ app_init ] --END-- [ RunTime:0.000223s ]
ERR: 无法加载模块:Interface

[ 2015-12-19T07:13:54+08:00 ] 123.55.46.137 /Interface/ScriptGateway.aspx?qms=0000988CD5BD1CBAC27021A8DAE05DAA6A598F24D35B3313F6D561A017FAB129F82A8643D9F1D8E3D1779B5B8808817CE8E3CB593FC97CAA7913409B077F9B8E18EC0041
INFO: [ app_init ] --START--
INFO: Run Behavior\BuildLiteBehavior [ RunTime:0.000010s ]
INFO: [ app_init ] --END-- [ RunTime:0.000249s ]
ERR: 无法加载模块:Interface

[ 2015-12-19T07:13:56+08:00 ] 123.55.46.137 /hm.js?82d5c049236934007371777578c30be1
INFO: [ app_init ] --START--
INFO: Run Behavior\BuildLiteBehavior [ RunTime:0.000010s ]
INFO: [ app_init ] --END-- [ RunTime:0.000235s ]
ERR: 无法加载模块:Hm

[ 2015-12-19T07:13:56+08:00 ] 123.55.46.137 /hm.gif?cc=1&ck=1&cl=24-bit&ds=1440x900&et=0&ja=1&ln=zh-CN&lo=0&lt=1450480424&nv=1&rnd=596389174&si=82d5c049236934007371777578c30be1&st=1&v=&lv=2
INFO: [ app_init ] --START--
INFO: Run Behavior\BuildLiteBehavior [ RunTime:0.000009s ]
INFO: [ app_init ] --END-- [ RunTime:0.000223s ]
ERR: 无法加载模块:Hm

[ 2015-12-19T07:13:56+08:00 ] 123.55.46.137 /hm.gif?cc=1&ck=1&cl=24-bit&ds=1440x900&ep=2000,100&et=3&ja=1&ln=zh-CN&lo=0&lt=1450480424&nv=0&rnd=1128481635&si=82d5c049236934007371777578c30be1&st=4&v=&lv=2
INFO: [ app_init ] --START--
INFO: Run Behavior\BuildLiteBehavior [ RunTime:0.000010s ]
INFO: [ app_init ] --END-- [ RunTime:0.000253s ]
ERR: 无法加载模块:Hm

[ 2015-12-19T07:25:51+08:00 ] 183.204.173.16 /CDNDownUrlConfig/SoftCdnDownUrl.txt
INFO: [ app_init ] --START--
INFO: Run Behavior\BuildLiteBehavior [ RunTime:0.000013s ]
INFO: [ app_init ] --END-- [ RunTime:0.000243s ]
ERR: 无法加载模块:CDNDownUrlConfig

[ 2015-12-19T07:25:52+08:00 ] 183.204.173.16 /SoftConfigFile/DLLBlackList.txt
INFO: [ app_init ] --START--
INFO: Run Behavior\BuildLiteBehavior [ RunTime:0.000013s ]
INFO: [ app_init ] --END-- [ RunTime:0.000292s ]
ERR: 无法加载模块:SoftConfigFile

[ 2015-12-19T07:26:17+08:00 ] 183.204.173.16 /iplistv2.html
INFO: [ app_init ] --START--
INFO: Run Behavior\BuildLiteBehavior [ RunTime:0.000010s ]
INFO: [ app_init ] --END-- [ RunTime:0.000243s ]
ERR: 无法加载模块:Iplistv2

[ 2015-12-19T07:26:18+08:00 ] 183.204.173.16 /iplistv2.html
INFO: [ app_init ] --START--
INFO: Run Behavior\BuildLiteBehavior [ RunTime:0.000014s ]
INFO: [ app_init ] --END-- [ RunTime:0.000250s ]
ERR: 无法加载模块:Iplistv2

[ 2015-12-19T07:26:18+08:00 ] 183.204.173.16 /Interface/ScriptGateway.aspx?qms=0000988CD5BD1CBAC27021A8DAE05DAA6A598F24D35B3313F6D561A017FAB129F82A8643D9F1D8E3D1779B5B8808817CE8E3CB593FC97CAA7913409B077F9B8E18EC0041
INFO: [ app_init ] --START--
INFO: Run Behavior\BuildLiteBehavior [ RunTime:0.000010s ]
INFO: [ app_init ] --END-- [ RunTime:0.000226s ]
ERR: 无法加载模块:Interface

[ 2015-12-19T07:26:21+08:00 ] 183.204.173.16 /Interface/ScriptGateway.aspx?qms=0000988CD5BD1CBAC27021A8DAE05DAA6A598F24D35B3313F6D561A017FAB129F82A8643D9F1D8E3D1779B5B8808817CE8E3CB593FC97CAA7913409B077F9B8E18EC0041
INFO: [ app_init ] --START--
INFO: Run Behavior\BuildLiteBehavior [ RunTime:0.000023s ]
INFO: [ app_init ] --END-- [ RunTime:0.000325s ]
ERR: 无法加载模块:Interface

[ 2015-12-19T07:26:26+08:00 ] 183.204.173.16 /Interface/ScriptGateway.aspx?qms=0000988CD5BD1CBAC27021A8DAE05DAA6A598F24D35B3313F6D561A017FAB129F82A8643D9F1D8E3D1779B5B8808817CE8E3CB593FC97CAA7913409B077F9B8E18EC0041
INFO: [ app_init ] --START--
INFO: Run Behavior\BuildLiteBehavior [ RunTime:0.000013s ]
INFO: [ app_init ] --END-- [ RunTime:0.000325s ]
ERR: 无法加载模块:Interface

[ 2015-12-19T07:26:27+08:00 ] 183.204.173.16 /hm.js?82d5c049236934007371777578c30be1
INFO: [ app_init ] --START--
INFO: Run Behavior\BuildLiteBehavior [ RunTime:0.000010s ]
INFO: [ app_init ] --END-- [ RunTime:0.000241s ]
ERR: 无法加载模块:Hm

[ 2015-12-19T07:26:27+08:00 ] 183.204.173.16 /hm.gif?cc=1&ck=1&cl=24-bit&ds=1440x900&et=0&ja=1&ln=zh-CN&lo=0&lt=1450481197&nv=1&rnd=1790129939&si=82d5c049236934007371777578c30be1&st=1&v=&lv=2
INFO: [ app_init ] --START--
INFO: Run Behavior\BuildLiteBehavior [ RunTime:0.000009s ]
INFO: [ app_init ] --END-- [ RunTime:0.000228s ]
ERR: 无法加载模块:Hm

[ 2015-12-19T07:26:27+08:00 ] 183.204.173.16 /hm.gif?cc=1&ck=1&cl=24-bit&ds=1440x900&ep=2000,100&et=3&ja=1&ln=zh-CN&lo=0&lt=1450481197&nv=0&rnd=389052624&si=82d5c049236934007371777578c30be1&st=4&v=&lv=2
INFO: [ app_init ] --START--
INFO: Run Behavior\BuildLiteBehavior [ RunTime:0.000024s ]
INFO: [ app_init ] --END-- [ RunTime:0.000259s ]
ERR: 无法加载模块:Hm

[ 2015-12-19T07:26:31+08:00 ] 183.204.173.16 /Interface/ScriptGateway.aspx?qms=0000988CD5BD1CBAC27021A8DAE05DAA6A598F24D35B3313F6D561A017FAB129F82A8643D9F1D8E3D1779B5B8808817CE8E3CB593FC97CAA7913409B077F9B8E18EC0041
INFO: [ app_init ] --START--
INFO: Run Behavior\BuildLiteBehavior [ RunTime:0.000010s ]
INFO: [ app_init ] --END-- [ RunTime:0.000226s ]
ERR: 无法加载模块:Interface

[ 2015-12-19T09:08:21+08:00 ] 120.26.55.211 /index.php?m=download/admin&s=order_update
INFO: [ app_init ] --START--
INFO: Run Behavior\BuildLiteBehavior [ RunTime:0.000010s ]
INFO: [ app_init ] --END-- [ RunTime:0.000248s ]
ERR: 无法加载模块:Order_update

[ 2015-12-19T09:28:41+08:00 ] 148.251.238.197 /myip
INFO: [ app_init ] --START--
INFO: Run Behavior\BuildLiteBehavior [ RunTime:0.000011s ]
INFO: [ app_init ] --END-- [ RunTime:0.000241s ]
ERR: 无法加载模块:Myip

[ 2015-12-19T09:28:42+08:00 ] 148.251.238.197 /myip
INFO: [ app_init ] --START--
INFO: Run Behavior\BuildLiteBehavior [ RunTime:0.000010s ]
INFO: [ app_init ] --END-- [ RunTime:0.000257s ]
ERR: 无法加载模块:Myip

[ 2015-12-19T10:50:06+08:00 ] 183.12.64.115 /favicon.ico
INFO: [ app_init ] --START--
INFO: Run Behavior\BuildLiteBehavior [ RunTime:0.000011s ]
INFO: [ app_init ] --END-- [ RunTime:0.000231s ]
ERR: 无法加载模块:Favicon

[ 2015-12-19T11:17:42+08:00 ] 104.148.44.116 /index.html
INFO: [ app_init ] --START--
INFO: Run Behavior\BuildLiteBehavior [ RunTime:0.000015s ]
INFO: [ app_init ] --END-- [ RunTime:0.000335s ]
ERR: 无法加载模块:Index

[ 2015-12-19T11:51:00+08:00 ] 23.251.38.143 /index.html
INFO: [ app_init ] --START--
INFO: Run Behavior\BuildLiteBehavior [ RunTime:0.000011s ]
INFO: [ app_init ] --END-- [ RunTime:0.000297s ]
ERR: 无法加载模块:Index

[ 2015-12-19T13:34:01+08:00 ] 183.12.64.115 /favicon.ico
INFO: [ app_init ] --START--
INFO: Run Behavior\BuildLiteBehavior [ RunTime:0.000009s ]
INFO: [ app_init ] --END-- [ RunTime:0.000222s ]
ERR: 无法加载模块:Favicon

[ 2015-12-19T13:34:01+08:00 ] 183.12.64.115 /favicon.ico
INFO: [ app_init ] --START--
INFO: Run Behavior\BuildLiteBehavior [ RunTime:0.000010s ]
INFO: [ app_init ] --END-- [ RunTime:0.000238s ]
ERR: 无法加载模块:Favicon

[ 2015-12-19T13:34:01+08:00 ] 183.12.64.115 /favicon.ico
INFO: [ app_init ] --START--
INFO: Run Behavior\BuildLiteBehavior [ RunTime:0.000009s ]
INFO: [ app_init ] --END-- [ RunTime:0.000214s ]
ERR: 无法加载模块:Favicon

[ 2015-12-19T13:34:02+08:00 ] 183.12.64.115 /favicon.ico
INFO: [ app_init ] --START--
INFO: Run Behavior\BuildLiteBehavior [ RunTime:0.000009s ]
INFO: [ app_init ] --END-- [ RunTime:0.000228s ]
ERR: 无法加载模块:Favicon

[ 2015-12-19T13:34:29+08:00 ] 183.12.64.115 /favicon.ico
INFO: [ app_init ] --START--
INFO: Run Behavior\BuildLiteBehavior [ RunTime:0.000009s ]
INFO: [ app_init ] --END-- [ RunTime:0.000213s ]
ERR: 无法加载模块:Favicon

[ 2015-12-19T13:34:29+08:00 ] 183.12.64.115 /favicon.ico
INFO: [ app_init ] --START--
INFO: Run Behavior\BuildLiteBehavior [ RunTime:0.000009s ]
INFO: [ app_init ] --END-- [ RunTime:0.000243s ]
ERR: 无法加载模块:Favicon

[ 2015-12-19T13:34:30+08:00 ] 183.12.64.115 /favicon.ico
INFO: [ app_init ] --START--
INFO: Run Behavior\BuildLiteBehavior [ RunTime:0.000009s ]
INFO: [ app_init ] --END-- [ RunTime:0.000211s ]
ERR: 无法加载模块:Favicon

[ 2015-12-19T13:34:30+08:00 ] 183.12.64.115 /favicon.ico
INFO: [ app_init ] --START--
INFO: Run Behavior\BuildLiteBehavior [ RunTime:0.000009s ]
INFO: [ app_init ] --END-- [ RunTime:0.000222s ]
ERR: 无法加载模块:Favicon

[ 2015-12-19T13:34:30+08:00 ] 183.12.64.115 /favicon.ico
INFO: [ app_init ] --START--
INFO: Run Behavior\BuildLiteBehavior [ RunTime:0.000009s ]
INFO: [ app_init ] --END-- [ RunTime:0.000225s ]
ERR: 无法加载模块:Favicon

[ 2015-12-19T13:34:30+08:00 ] 183.12.64.115 /favicon.ico
INFO: [ app_init ] --START--
INFO: Run Behavior\BuildLiteBehavior [ RunTime:0.000009s ]
INFO: [ app_init ] --END-- [ RunTime:0.000222s ]
ERR: 无法加载模块:Favicon

[ 2015-12-19T13:34:30+08:00 ] 183.12.64.115 /favicon.ico
INFO: [ app_init ] --START--
INFO: Run Behavior\BuildLiteBehavior [ RunTime:0.000022s ]
INFO: [ app_init ] --END-- [ RunTime:0.000228s ]
ERR: 无法加载模块:Favicon

[ 2015-12-19T13:34:31+08:00 ] 183.12.64.115 /favicon.ico
INFO: [ app_init ] --START--
INFO: Run Behavior\BuildLiteBehavior [ RunTime:0.000009s ]
INFO: [ app_init ] --END-- [ RunTime:0.000213s ]
ERR: 无法加载模块:Favicon

[ 2015-12-19T13:34:31+08:00 ] 183.12.64.115 /favicon.ico
INFO: [ app_init ] --START--
INFO: Run Behavior\BuildLiteBehavior [ RunTime:0.000009s ]
INFO: [ app_init ] --END-- [ RunTime:0.000204s ]
ERR: 无法加载模块:Favicon

[ 2015-12-19T13:36:03+08:00 ] 183.12.64.115 /css/index.css
INFO: [ app_init ] --START--
INFO: Run Behavior\BuildLiteBehavior [ RunTime:0.000010s ]
INFO: [ app_init ] --END-- [ RunTime:0.000246s ]
ERR: 无法加载模块:Css

[ 2015-12-19T13:36:03+08:00 ] 183.12.64.115 /js/lib/require.js
INFO: [ app_init ] --START--
INFO: Run Behavior\BuildLiteBehavior [ RunTime:0.000009s ]
INFO: [ app_init ] --END-- [ RunTime:0.000216s ]
ERR: 无法加载模块:Js

[ 2015-12-19T13:36:03+08:00 ] 183.12.64.115 /css/index_for_handheld.css
INFO: [ app_init ] --START--
INFO: Run Behavior\BuildLiteBehavior [ RunTime:0.000009s ]
INFO: [ app_init ] --END-- [ RunTime:0.000224s ]
ERR: 无法加载模块:Css

[ 2015-12-19T13:36:03+08:00 ] 183.12.64.115 /images/banner1.png
INFO: [ app_init ] --START--
INFO: Run Behavior\BuildLiteBehavior [ RunTime:0.000009s ]
INFO: [ app_init ] --END-- [ RunTime:0.000224s ]
ERR: 无法加载模块:Images

[ 2015-12-19T13:36:03+08:00 ] 183.12.64.115 /images/static_bars.png
INFO: [ app_init ] --START--
INFO: Run Behavior\BuildLiteBehavior [ RunTime:0.000010s ]
INFO: [ app_init ] --END-- [ RunTime:0.000217s ]
ERR: 无法加载模块:Images

[ 2015-12-19T13:36:03+08:00 ] 183.12.64.115 /images/qrcode.png
INFO: [ app_init ] --START--
INFO: Run Behavior\BuildLiteBehavior [ RunTime:0.000009s ]
INFO: [ app_init ] --END-- [ RunTime:0.000220s ]
ERR: 无法加载模块:Images

[ 2015-12-19T13:36:03+08:00 ] 183.12.64.115 /images/banner1.png
INFO: [ app_init ] --START--
INFO: Run Behavior\BuildLiteBehavior [ RunTime:0.000009s ]
INFO: [ app_init ] --END-- [ RunTime:0.000218s ]
ERR: 无法加载模块:Images

[ 2015-12-19T13:36:03+08:00 ] 183.12.64.115 /images/static_bars.png
INFO: [ app_init ] --START--
INFO: Run Behavior\BuildLiteBehavior [ RunTime:0.000009s ]
INFO: [ app_init ] --END-- [ RunTime:0.000221s ]
ERR: 无法加载模块:Images

[ 2015-12-19T13:36:10+08:00 ] 183.12.64.115 /index.html
INFO: [ app_init ] --START--
INFO: Run Behavior\BuildLiteBehavior [ RunTime:0.000010s ]
INFO: [ app_init ] --END-- [ RunTime:0.000231s ]
ERR: 无法加载模块:Index

[ 2015-12-19T13:36:34+08:00 ] 183.12.64.115 /css/index.css
INFO: [ app_init ] --START--
INFO: Run Behavior\BuildLiteBehavior [ RunTime:0.000010s ]
INFO: [ app_init ] --END-- [ RunTime:0.000232s ]
ERR: 无法加载模块:Css

[ 2015-12-19T13:36:34+08:00 ] 183.12.64.115 /css/index_for_handheld.css
INFO: [ app_init ] --START--
INFO: Run Behavior\BuildLiteBehavior [ RunTime:0.000010s ]
INFO: [ app_init ] --END-- [ RunTime:0.000239s ]
ERR: 无法加载模块:Css

[ 2015-12-19T13:36:40+08:00 ] 183.12.64.115 /css/index.css
INFO: [ app_init ] --START--
INFO: Run Behavior\BuildLiteBehavior [ RunTime:0.000010s ]
INFO: [ app_init ] --END-- [ RunTime:0.000244s ]
ERR: 无法加载模块:Css

[ 2015-12-19T13:36:40+08:00 ] 183.12.64.115 /js/lib/require.js
INFO: [ app_init ] --START--
INFO: Run Behavior\BuildLiteBehavior [ RunTime:0.000009s ]
INFO: [ app_init ] --END-- [ RunTime:0.000225s ]
ERR: 无法加载模块:Js

[ 2015-12-19T13:36:40+08:00 ] 183.12.64.115 /css/index_for_handheld.css
INFO: [ app_init ] --START--
INFO: Run Behavior\BuildLiteBehavior [ RunTime:0.000009s ]
INFO: [ app_init ] --END-- [ RunTime:0.000215s ]
ERR: 无法加载模块:Css

[ 2015-12-19T13:36:40+08:00 ] 183.12.64.115 /images/banner1.png
INFO: [ app_init ] --START--
INFO: Run Behavior\BuildLiteBehavior [ RunTime:0.000009s ]
INFO: [ app_init ] --END-- [ RunTime:0.000235s ]
ERR: 无法加载模块:Images

[ 2015-12-19T13:36:40+08:00 ] 183.12.64.115 /images/static_bars.png
INFO: [ app_init ] --START--
INFO: Run Behavior\BuildLiteBehavior [ RunTime:0.000009s ]
INFO: [ app_init ] --END-- [ RunTime:0.000208s ]
ERR: 无法加载模块:Images

[ 2015-12-19T13:36:40+08:00 ] 183.12.64.115 /images/qrcode.png
INFO: [ app_init ] --START--
INFO: Run Behavior\BuildLiteBehavior [ RunTime:0.000009s ]
INFO: [ app_init ] --END-- [ RunTime:0.000213s ]
ERR: 无法加载模块:Images

[ 2015-12-19T13:37:34+08:00 ] 183.12.64.115 /css/index.css
INFO: [ app_init ] --START--
INFO: Run Behavior\BuildLiteBehavior [ RunTime:0.000013s ]
INFO: [ app_init ] --END-- [ RunTime:0.000338s ]
ERR: 无法加载模块:Css

[ 2015-12-19T13:37:34+08:00 ] 183.12.64.115 /js/lib/require.js
INFO: [ app_init ] --START--
INFO: Run Behavior\BuildLiteBehavior [ RunTime:0.000013s ]
INFO: [ app_init ] --END-- [ RunTime:0.000321s ]
ERR: 无法加载模块:Js

[ 2015-12-19T13:37:34+08:00 ] 183.12.64.115 /css/index_for_handheld.css
INFO: [ app_init ] --START--
INFO: Run Behavior\BuildLiteBehavior [ RunTime:0.000012s ]
INFO: [ app_init ] --END-- [ RunTime:0.000314s ]
ERR: 无法加载模块:Css

[ 2015-12-19T13:37:34+08:00 ] 183.12.64.115 /images/banner1.png
INFO: [ app_init ] --START--
INFO: Run Behavior\BuildLiteBehavior [ RunTime:0.000012s ]
INFO: [ app_init ] --END-- [ RunTime:0.000307s ]
ERR: 无法加载模块:Images

[ 2015-12-19T13:37:34+08:00 ] 183.12.64.115 /images/static_bars.png
INFO: [ app_init ] --START--
INFO: Run Behavior\BuildLiteBehavior [ RunTime:0.000013s ]
INFO: [ app_init ] --END-- [ RunTime:0.000259s ]
ERR: 无法加载模块:Images

[ 2015-12-19T13:37:34+08:00 ] 183.12.64.115 /images/qrcode.png
INFO: [ app_init ] --START--
INFO: Run Behavior\BuildLiteBehavior [ RunTime:0.000009s ]
INFO: [ app_init ] --END-- [ RunTime:0.000214s ]
ERR: 无法加载模块:Images

[ 2015-12-19T13:38:03+08:00 ] 183.12.64.115 /js/lib/require.js
INFO: [ app_init ] --START--
INFO: Run Behavior\BuildLiteBehavior [ RunTime:0.000009s ]
INFO: [ app_init ] --END-- [ RunTime:0.000225s ]
ERR: 无法加载模块:Js

[ 2015-12-19T13:38:03+08:00 ] 183.12.64.115 /css/index.css
INFO: [ app_init ] --START--
INFO: Run Behavior\BuildLiteBehavior [ RunTime:0.000009s ]
INFO: [ app_init ] --END-- [ RunTime:0.000234s ]
ERR: 无法加载模块:Css

[ 2015-12-19T13:38:03+08:00 ] 183.12.64.115 /css/index_for_handheld.css
INFO: [ app_init ] --START--
INFO: Run Behavior\BuildLiteBehavior [ RunTime:0.000009s ]
INFO: [ app_init ] --END-- [ RunTime:0.000215s ]
ERR: 无法加载模块:Css

[ 2015-12-19T13:38:03+08:00 ] 183.12.64.115 /images/qrcode.png
INFO: [ app_init ] --START--
INFO: Run Behavior\BuildLiteBehavior [ RunTime:0.000009s ]
INFO: [ app_init ] --END-- [ RunTime:0.000221s ]
ERR: 无法加载模块:Images

[ 2015-12-19T13:38:03+08:00 ] 183.12.64.115 /images/banner1.png
INFO: [ app_init ] --START--
INFO: Run Behavior\BuildLiteBehavior [ RunTime:0.000008s ]
INFO: [ app_init ] --END-- [ RunTime:0.000209s ]
ERR: 无法加载模块:Images

[ 2015-12-19T13:38:03+08:00 ] 183.12.64.115 /images/static_bars.png
INFO: [ app_init ] --START--
INFO: Run Behavior\BuildLiteBehavior [ RunTime:0.000009s ]
INFO: [ app_init ] --END-- [ RunTime:0.000214s ]
ERR: 无法加载模块:Images

[ 2015-12-19T13:38:14+08:00 ] 183.12.64.115 /js/lib/require.js
INFO: [ app_init ] --START--
INFO: Run Behavior\BuildLiteBehavior [ RunTime:0.000013s ]
INFO: [ app_init ] --END-- [ RunTime:0.000317s ]
ERR: 无法加载模块:Js

[ 2015-12-19T13:38:14+08:00 ] 183.12.64.115 /css/index.css
INFO: [ app_init ] --START--
INFO: Run Behavior\BuildLiteBehavior [ RunTime:0.000013s ]
INFO: [ app_init ] --END-- [ RunTime:0.000341s ]
ERR: 无法加载模块:Css

[ 2015-12-19T13:38:14+08:00 ] 183.12.64.115 /css/index_for_handheld.css
INFO: [ app_init ] --START--
INFO: Run Behavior\BuildLiteBehavior [ RunTime:0.000028s ]
INFO: [ app_init ] --END-- [ RunTime:0.000223s ]
ERR: 无法加载模块:Css

[ 2015-12-19T13:38:14+08:00 ] 183.12.64.115 /images/banner1.png
INFO: [ app_init ] --START--
INFO: Run Behavior\BuildLiteBehavior [ RunTime:0.000009s ]
INFO: [ app_init ] --END-- [ RunTime:0.000205s ]
ERR: 无法加载模块:Images

[ 2015-12-19T13:38:14+08:00 ] 183.12.64.115 /images/static_bars.png
INFO: [ app_init ] --START--
INFO: Run Behavior\BuildLiteBehavior [ RunTime:0.000008s ]
INFO: [ app_init ] --END-- [ RunTime:0.000206s ]
ERR: 无法加载模块:Images

[ 2015-12-19T13:38:14+08:00 ] 183.12.64.115 /images/qrcode.png
INFO: [ app_init ] --START--
INFO: Run Behavior\BuildLiteBehavior [ RunTime:0.000009s ]
INFO: [ app_init ] --END-- [ RunTime:0.000209s ]
ERR: 无法加载模块:Images

[ 2015-12-19T13:39:02+08:00 ] 183.12.64.115 /js/lib/require.js
INFO: [ app_init ] --START--
INFO: Run Behavior\BuildLiteBehavior [ RunTime:0.000009s ]
INFO: [ app_init ] --END-- [ RunTime:0.000215s ]
ERR: 无法加载模块:Js

[ 2015-12-19T13:39:02+08:00 ] 183.12.64.115 /images/banner1.png
INFO: [ app_init ] --START--
INFO: Run Behavior\BuildLiteBehavior [ RunTime:0.000009s ]
INFO: [ app_init ] --END-- [ RunTime:0.000243s ]
ERR: 无法加载模块:Images

[ 2015-12-19T13:39:02+08:00 ] 183.12.64.115 /images/qrcode.png
INFO: [ app_init ] --START--
INFO: Run Behavior\BuildLiteBehavior [ RunTime:0.000009s ]
INFO: [ app_init ] --END-- [ RunTime:0.000205s ]
ERR: 无法加载模块:Images

[ 2015-12-19T13:39:02+08:00 ] 183.12.64.115 /images/static_bars.png
INFO: [ app_init ] --START--
INFO: Run Behavior\BuildLiteBehavior [ RunTime:0.000009s ]
INFO: [ app_init ] --END-- [ RunTime:0.000211s ]
ERR: 无法加载模块:Images

[ 2015-12-19T13:40:08+08:00 ] 183.12.64.115 /js/lib/require.js
INFO: [ app_init ] --START--
INFO: Run Behavior\BuildLiteBehavior [ RunTime:0.000010s ]
INFO: [ app_init ] --END-- [ RunTime:0.000228s ]
ERR: 无法加载模块:Js

[ 2015-12-19T13:40:08+08:00 ] 183.12.64.115 /images/banner1.png
INFO: [ app_init ] --START--
INFO: Run Behavior\BuildLiteBehavior [ RunTime:0.000010s ]
INFO: [ app_init ] --END-- [ RunTime:0.000223s ]
ERR: 无法加载模块:Images

[ 2015-12-19T13:41:01+08:00 ] 183.12.64.115 /js/lib/require.js
INFO: [ app_init ] --START--
INFO: Run Behavior\BuildLiteBehavior [ RunTime:0.000011s ]
INFO: [ app_init ] --END-- [ RunTime:0.000266s ]
ERR: 无法加载模块:Js

[ 2015-12-19T13:41:01+08:00 ] 183.12.64.115 /images/banner1.png
INFO: [ app_init ] --START--
INFO: Run Behavior\BuildLiteBehavior [ RunTime:0.000010s ]
INFO: [ app_init ] --END-- [ RunTime:0.000252s ]
ERR: 无法加载模块:Images

[ 2015-12-19T13:41:39+08:00 ] 183.12.64.115 /index.html
INFO: [ app_init ] --START--
INFO: Run Behavior\BuildLiteBehavior [ RunTime:0.000010s ]
INFO: [ app_init ] --END-- [ RunTime:0.000253s ]
ERR: 无法加载模块:Index

[ 2015-12-19T13:41:44+08:00 ] 183.12.64.115 /index.html
INFO: [ app_init ] --START--
INFO: Run Behavior\BuildLiteBehavior [ RunTime:0.000010s ]
INFO: [ app_init ] --END-- [ RunTime:0.000261s ]
ERR: 无法加载模块:Index

[ 2015-12-19T13:41:54+08:00 ] 183.12.64.115 /index.html
INFO: [ app_init ] --START--
INFO: Run Behavior\BuildLiteBehavior [ RunTime:0.000010s ]
INFO: [ app_init ] --END-- [ RunTime:0.000233s ]
ERR: 无法加载模块:Index

[ 2015-12-19T13:55:46+08:00 ] 180.153.206.23 //cdn.bootcss.com/html5shiv/3.7.2/html5shiv.min.js
INFO: [ app_init ] --START--
INFO: Run Behavior\BuildLiteBehavior [ RunTime:0.000010s ]
INFO: [ app_init ] --END-- [ RunTime:0.000255s ]
ERR: 无法加载模块:Cdn.bootcss.com

[ 2015-12-19T13:55:46+08:00 ] 180.153.206.23 //cdn.bootcss.com/respond.js/1.4.2/respond.min.js
INFO: [ app_init ] --START--
INFO: Run Behavior\BuildLiteBehavior [ RunTime:0.000013s ]
INFO: [ app_init ] --END-- [ RunTime:0.000242s ]
ERR: 无法加载模块:Cdn.bootcss.com

[ 2015-12-19T15:00:21+08:00 ] 23.251.38.143 /index.html
INFO: [ app_init ] --START--
INFO: Run Behavior\BuildLiteBehavior [ RunTime:0.000010s ]
INFO: [ app_init ] --END-- [ RunTime:0.000232s ]
ERR: 无法加载模块:Index

[ 2015-12-19T16:03:19+08:00 ] 23.251.63.45 /index.html
INFO: [ app_init ] --START--
INFO: Run Behavior\BuildLiteBehavior [ RunTime:0.000011s ]
INFO: [ app_init ] --END-- [ RunTime:0.000236s ]
ERR: 无法加载模块:Index

[ 2015-12-19T16:50:39+08:00 ] 202.197.228.254 /muieblackcat
INFO: [ app_init ] --START--
INFO: Run Behavior\BuildLiteBehavior [ RunTime:0.000018s ]
INFO: [ app_init ] --END-- [ RunTime:0.000287s ]
ERR: 无法加载模块:Muieblackcat

[ 2015-12-19T16:50:41+08:00 ] 202.197.228.222 //phpMyAdmin/scripts/setup.php
INFO: [ app_init ] --START--
INFO: Run Behavior\BuildLiteBehavior [ RunTime:0.000010s ]
INFO: [ app_init ] --END-- [ RunTime:0.000230s ]
ERR: 无法加载模块:PhpMyAdmin

[ 2015-12-19T16:50:41+08:00 ] 202.197.228.211 //phpmyadmin/scripts/setup.php
INFO: [ app_init ] --START--
INFO: Run Behavior\BuildLiteBehavior [ RunTime:0.000010s ]
INFO: [ app_init ] --END-- [ RunTime:0.000218s ]
ERR: 无法加载模块:Phpmyadmin

[ 2015-12-19T16:50:42+08:00 ] 202.197.228.254 //pma/scripts/setup.php
INFO: [ app_init ] --START--
INFO: Run Behavior\BuildLiteBehavior [ RunTime:0.000012s ]
INFO: [ app_init ] --END-- [ RunTime:0.000251s ]
ERR: 无法加载模块:Pma

[ 2015-12-19T16:50:42+08:00 ] 202.197.228.219 //myadmin/scripts/setup.php
INFO: [ app_init ] --START--
INFO: Run Behavior\BuildLiteBehavior [ RunTime:0.000009s ]
INFO: [ app_init ] --END-- [ RunTime:0.000238s ]
ERR: 无法加载模块:Myadmin

[ 2015-12-19T16:50:42+08:00 ] 202.197.228.143 //MyAdmin/scripts/setup.php
INFO: [ app_init ] --START--
INFO: Run Behavior\BuildLiteBehavior [ RunTime:0.000009s ]
INFO: [ app_init ] --END-- [ RunTime:0.000214s ]
ERR: 无法加载模块:MyAdmin

[ 2015-12-19T16:51:10+08:00 ] 202.197.228.212 //phpMyAdmin/scripts/setup.php
INFO: [ app_init ] --START--
INFO: Run Behavior\BuildLiteBehavior [ RunTime:0.000010s ]
INFO: [ app_init ] --END-- [ RunTime:0.000237s ]
ERR: 无法加载模块:PhpMyAdmin

[ 2015-12-19T16:51:10+08:00 ] 202.197.228.254 //phpmyadmin/scripts/setup.php
INFO: [ app_init ] --START--
INFO: Run Behavior\BuildLiteBehavior [ RunTime:0.000009s ]
INFO: [ app_init ] --END-- [ RunTime:0.000216s ]
ERR: 无法加载模块:Phpmyadmin

[ 2015-12-19T16:51:13+08:00 ] 202.197.228.254 //pma/scripts/setup.php
INFO: [ app_init ] --START--
INFO: Run Behavior\BuildLiteBehavior [ RunTime:0.000011s ]
INFO: [ app_init ] --END-- [ RunTime:0.000235s ]
ERR: 无法加载模块:Pma

[ 2015-12-19T16:51:16+08:00 ] 202.197.228.254 //myadmin/scripts/setup.php
INFO: [ app_init ] --START--
INFO: Run Behavior\BuildLiteBehavior [ RunTime:0.000010s ]
INFO: [ app_init ] --END-- [ RunTime:0.000251s ]
ERR: 无法加载模块:Myadmin

[ 2015-12-19T16:51:17+08:00 ] 202.197.228.254 //MyAdmin/scripts/setup.php
INFO: [ app_init ] --START--
INFO: Run Behavior\BuildLiteBehavior [ RunTime:0.000010s ]
INFO: [ app_init ] --END-- [ RunTime:0.000226s ]
ERR: 无法加载模块:MyAdmin

[ 2015-12-19T16:53:26+08:00 ] 221.231.6.246 /tcpipwan.asp
INFO: [ app_init ] --START--
INFO: Run Behavior\BuildLiteBehavior [ RunTime:0.000010s ]
INFO: [ app_init ] --END-- [ RunTime:0.000246s ]
ERR: 无法加载模块:Tcpipwan

[ 2015-12-19T19:34:10+08:00 ] 23.251.38.143 /index.html
INFO: [ app_init ] --START--
INFO: Run Behavior\BuildLiteBehavior [ RunTime:0.000010s ]
INFO: [ app_init ] --END-- [ RunTime:0.000231s ]
ERR: 无法加载模块:Index

[ 2015-12-19T20:24:37+08:00 ] 104.148.44.116 /index.html
INFO: [ app_init ] --START--
INFO: Run Behavior\BuildLiteBehavior [ RunTime:0.000011s ]
INFO: [ app_init ] --END-- [ RunTime:0.000240s ]
ERR: 无法加载模块:Index

[ 2015-12-19T20:40:45+08:00 ] 23.251.38.143 /index.html
INFO: [ app_init ] --START--
INFO: Run Behavior\BuildLiteBehavior [ RunTime:0.000010s ]
INFO: [ app_init ] --END-- [ RunTime:0.000230s ]
ERR: 无法加载模块:Index

[ 2015-12-19T21:10:16+08:00 ] 183.37.229.186 /favicon.ico
INFO: [ app_init ] --START--
INFO: Run Behavior\BuildLiteBehavior [ RunTime:0.000010s ]
INFO: [ app_init ] --END-- [ RunTime:0.000249s ]
ERR: 无法加载模块:Favicon

[ 2015-12-19T21:46:12+08:00 ] 23.251.38.143 /index.html
INFO: [ app_init ] --START--
INFO: Run Behavior\BuildLiteBehavior [ RunTime:0.000011s ]
INFO: [ app_init ] --END-- [ RunTime:0.000227s ]
ERR: 无法加载模块:Index

[ 2015-12-19T23:07:12+08:00 ] 23.251.38.143 /index.html
INFO: [ app_init ] --START--
INFO: Run Behavior\BuildLiteBehavior [ RunTime:0.000011s ]
INFO: [ app_init ] --END-- [ RunTime:0.000235s ]
ERR: 无法加载模块:Index

[ 2015-12-19T23:45:15+08:00 ] 104.148.44.116 /index.html
INFO: [ app_init ] --START--
INFO: Run Behavior\BuildLiteBehavior [ RunTime:0.000010s ]
INFO: [ app_init ] --END-- [ RunTime:0.000227s ]
ERR: 无法加载模块:Index

