[ 2016-01-11T17:11:18+08:00 ] 127.0.0.1 /Public/thumb/%7B%7Bobj.thumbnail%7D%7D
INFO: [ app_init ] --START--
INFO: Run Behavior\BuildLiteBehavior [ RunTime:0.000023s ]
INFO: [ app_init ] --END-- [ RunTime:0.000510s ]
ERR: 无法加载模块:Public

[ 2016-01-11T17:11:18+08:00 ] 127.0.0.1 /WorkImages/%7B%7Bdetail.cover%7D%7D
INFO: [ app_init ] --START--
INFO: Run Behavior\BuildLiteBehavior [ RunTime:0.000023s ]
INFO: [ app_init ] --END-- [ RunTime:0.000533s ]
ERR: 无法加载模块:WorkImages

[ 2016-01-11T17:11:18+08:00 ] 127.0.0.1 /WorkImages/%7B%7Borigin.cover%7D%7D
INFO: [ app_init ] --START--
INFO: Run Behavior\BuildLiteBehavior [ RunTime:0.000025s ]
INFO: [ app_init ] --END-- [ RunTime:0.000637s ]
ERR: 无法加载模块:WorkImages

[ 2016-01-11T17:11:18+08:00 ] 127.0.0.1 /WorkImages/%7B%7Bdetail.cover%7D%7D
INFO: [ app_init ] --START--
INFO: Run Behavior\BuildLiteBehavior [ RunTime:0.000021s ]
INFO: [ app_init ] --END-- [ RunTime:0.000468s ]
ERR: 无法加载模块:WorkImages

[ 2016-01-11T17:11:18+08:00 ] 127.0.0.1 /WorkImages/%7B%7Borigin.cover%7D%7D
INFO: [ app_init ] --START--
INFO: Run Behavior\BuildLiteBehavior [ RunTime:0.000018s ]
INFO: [ app_init ] --END-- [ RunTime:0.000471s ]
ERR: 无法加载模块:WorkImages

[ 2016-01-11T17:11:18+08:00 ] 127.0.0.1 /Public/thumb/%7B%7Bobj.thumbnail%7D%7D
INFO: [ app_init ] --START--
INFO: Run Behavior\BuildLiteBehavior [ RunTime:0.000025s ]
INFO: [ app_init ] --END-- [ RunTime:0.001002s ]
ERR: 无法加载模块:Public

[ 2016-01-11T17:11:19+08:00 ] 127.0.0.1 /favicon.ico
INFO: [ app_init ] --START--
INFO: Run Behavior\BuildLiteBehavior [ RunTime:0.000027s ]
INFO: [ app_init ] --END-- [ RunTime:0.000842s ]
ERR: 无法加载模块:Favicon

[ 2016-01-11T17:12:45+08:00 ] 127.0.0.1 /Public/thumb/%7B%7Bobj.thumbnail%7D%7D
INFO: [ app_init ] --START--
INFO: Run Behavior\BuildLiteBehavior [ RunTime:0.000023s ]
INFO: [ app_init ] --END-- [ RunTime:0.000517s ]
ERR: 无法加载模块:Public

[ 2016-01-11T17:12:45+08:00 ] 127.0.0.1 /WorkImages/%7B%7Bdetail.cover%7D%7D
INFO: [ app_init ] --START--
INFO: Run Behavior\BuildLiteBehavior [ RunTime:0.000024s ]
INFO: [ app_init ] --END-- [ RunTime:0.000589s ]
ERR: 无法加载模块:WorkImages

[ 2016-01-11T17:12:45+08:00 ] 127.0.0.1 /WorkImages/%7B%7Borigin.cover%7D%7D
INFO: [ app_init ] --START--
INFO: Run Behavior\BuildLiteBehavior [ RunTime:0.000029s ]
INFO: [ app_init ] --END-- [ RunTime:0.000677s ]
ERR: 无法加载模块:WorkImages

[ 2016-01-11T17:12:45+08:00 ] 127.0.0.1 /Public/thumb/%7B%7Bobj.thumbnail%7D%7D
INFO: [ app_init ] --START--
INFO: Run Behavior\BuildLiteBehavior [ RunTime:0.000023s ]
INFO: [ app_init ] --END-- [ RunTime:0.000544s ]
ERR: 无法加载模块:Public

[ 2016-01-11T17:12:45+08:00 ] 127.0.0.1 /WorkImages/%7B%7Bdetail.cover%7D%7D
INFO: [ app_init ] --START--
INFO: Run Behavior\BuildLiteBehavior [ RunTime:0.000018s ]
INFO: [ app_init ] --END-- [ RunTime:0.000531s ]
ERR: 无法加载模块:WorkImages

[ 2016-01-11T17:12:45+08:00 ] 127.0.0.1 /WorkImages/%7B%7Borigin.cover%7D%7D
INFO: [ app_init ] --START--
INFO: Run Behavior\BuildLiteBehavior [ RunTime:0.000015s ]
INFO: [ app_init ] --END-- [ RunTime:0.000330s ]
ERR: 无法加载模块:WorkImages

[ 2016-01-11T17:58:08+08:00 ] 127.0.0.1 /Public/thumb/%7B%7Bobj.thumbnail%7D%7D
INFO: [ app_init ] --START--
INFO: Run Behavior\BuildLiteBehavior [ RunTime:0.000025s ]
INFO: [ app_init ] --END-- [ RunTime:0.000626s ]
ERR: 无法加载模块:Public

[ 2016-01-11T17:58:08+08:00 ] 127.0.0.1 /WorkImages/%7B%7Bdetail.cover%7D%7D
INFO: [ app_init ] --START--
INFO: Run Behavior\BuildLiteBehavior [ RunTime:0.000024s ]
INFO: [ app_init ] --END-- [ RunTime:0.000548s ]
ERR: 无法加载模块:WorkImages

[ 2016-01-11T17:58:08+08:00 ] 127.0.0.1 /WorkImages/%7B%7Borigin.cover%7D%7D
INFO: [ app_init ] --START--
INFO: Run Behavior\BuildLiteBehavior [ RunTime:0.000023s ]
INFO: [ app_init ] --END-- [ RunTime:0.000514s ]
ERR: 无法加载模块:WorkImages

[ 2016-01-11T17:58:08+08:00 ] 127.0.0.1 /Public/thumb/%7B%7Bobj.thumbnail%7D%7D
INFO: [ app_init ] --START--
INFO: Run Behavior\BuildLiteBehavior [ RunTime:0.000022s ]
INFO: [ app_init ] --END-- [ RunTime:0.000529s ]
ERR: 无法加载模块:Public

[ 2016-01-11T17:58:08+08:00 ] 127.0.0.1 /WorkImages/%7B%7Borigin.cover%7D%7D
INFO: [ app_init ] --START--
INFO: Run Behavior\BuildLiteBehavior [ RunTime:0.000021s ]
INFO: [ app_init ] --END-- [ RunTime:0.000510s ]
ERR: 无法加载模块:WorkImages

[ 2016-01-11T17:58:08+08:00 ] 127.0.0.1 /WorkImages/%7B%7Bdetail.cover%7D%7D
INFO: [ app_init ] --START--
INFO: Run Behavior\BuildLiteBehavior [ RunTime:0.000023s ]
INFO: [ app_init ] --END-- [ RunTime:0.001082s ]
ERR: 无法加载模块:WorkImages

[ 2016-01-11T17:58:09+08:00 ] 127.0.0.1 /favicon.ico
INFO: [ app_init ] --START--
INFO: Run Behavior\BuildLiteBehavior [ RunTime:0.000040s ]
INFO: [ app_init ] --END-- [ RunTime:0.000571s ]
ERR: 无法加载模块:Favicon

[ 2016-01-11T22:39:16+08:00 ] 127.0.0.1 /Public/thumb/%7B%7Bobj.thumbnail%7D%7D
INFO: [ app_init ] --START--
INFO: Run Behavior\BuildLiteBehavior [ RunTime:0.000022s ]
INFO: [ app_init ] --END-- [ RunTime:0.000522s ]
ERR: 无法加载模块:Public

[ 2016-01-11T22:39:16+08:00 ] 127.0.0.1 /WorkImages/%7B%7Borigin.cover%7D%7D
INFO: [ app_init ] --START--
INFO: Run Behavior\BuildLiteBehavior [ RunTime:0.000023s ]
INFO: [ app_init ] --END-- [ RunTime:0.000529s ]
ERR: 无法加载模块:WorkImages

[ 2016-01-11T22:39:16+08:00 ] 127.0.0.1 /WorkImages/%7B%7Bdetail.cover%7D%7D
INFO: [ app_init ] --START--
INFO: Run Behavior\BuildLiteBehavior [ RunTime:0.000018s ]
INFO: [ app_init ] --END-- [ RunTime:0.000481s ]
ERR: 无法加载模块:WorkImages

[ 2016-01-11T22:39:16+08:00 ] 127.0.0.1 /WorkImages/%7B%7Borigin.cover%7D%7D
INFO: [ app_init ] --START--
INFO: Run Behavior\BuildLiteBehavior [ RunTime:0.000022s ]
INFO: [ app_init ] --END-- [ RunTime:0.000465s ]
ERR: 无法加载模块:WorkImages

[ 2016-01-11T22:39:16+08:00 ] 127.0.0.1 /Public/thumb/%7B%7Bobj.thumbnail%7D%7D
INFO: [ app_init ] --START--
INFO: Run Behavior\BuildLiteBehavior [ RunTime:0.000021s ]
INFO: [ app_init ] --END-- [ RunTime:0.000491s ]
ERR: 无法加载模块:Public

[ 2016-01-11T22:39:16+08:00 ] 127.0.0.1 /WorkImages/%7B%7Bdetail.cover%7D%7D
INFO: [ app_init ] --START--
INFO: Run Behavior\BuildLiteBehavior [ RunTime:0.000017s ]
INFO: [ app_init ] --END-- [ RunTime:0.000335s ]
ERR: 无法加载模块:WorkImages

[ 2016-01-11T23:01:30+08:00 ] 127.0.0.1 /Public/thumb/%7B%7Bobj.thumbnail%7D%7D
INFO: [ app_init ] --START--
INFO: Run Behavior\BuildLiteBehavior [ RunTime:0.000022s ]
INFO: [ app_init ] --END-- [ RunTime:0.000520s ]
ERR: 无法加载模块:Public

[ 2016-01-11T23:01:30+08:00 ] 127.0.0.1 /WorkImages/%7B%7Borigin.cover%7D%7D
INFO: [ app_init ] --START--
INFO: Run Behavior\BuildLiteBehavior [ RunTime:0.000014s ]
INFO: [ app_init ] --END-- [ RunTime:0.000328s ]
ERR: 无法加载模块:WorkImages

[ 2016-01-11T23:01:30+08:00 ] 127.0.0.1 /WorkImages/%7B%7Bdetail.cover%7D%7D
INFO: [ app_init ] --START--
INFO: Run Behavior\BuildLiteBehavior [ RunTime:0.000021s ]
INFO: [ app_init ] --END-- [ RunTime:0.000474s ]
ERR: 无法加载模块:WorkImages

[ 2016-01-11T23:01:30+08:00 ] 127.0.0.1 /Public/thumb/%7B%7Bobj.thumbnail%7D%7D
INFO: [ app_init ] --START--
INFO: Run Behavior\BuildLiteBehavior [ RunTime:0.000022s ]
INFO: [ app_init ] --END-- [ RunTime:0.000444s ]
ERR: 无法加载模块:Public

[ 2016-01-11T23:01:30+08:00 ] 127.0.0.1 /WorkImages/%7B%7Bdetail.cover%7D%7D
INFO: [ app_init ] --START--
INFO: Run Behavior\BuildLiteBehavior [ RunTime:0.000016s ]
INFO: [ app_init ] --END-- [ RunTime:0.000448s ]
ERR: 无法加载模块:WorkImages

[ 2016-01-11T23:01:30+08:00 ] 127.0.0.1 /WorkImages/%7B%7Borigin.cover%7D%7D
INFO: [ app_init ] --START--
INFO: Run Behavior\BuildLiteBehavior [ RunTime:0.000016s ]
INFO: [ app_init ] --END-- [ RunTime:0.000340s ]
ERR: 无法加载模块:WorkImages

[ 2016-01-11T23:01:31+08:00 ] 127.0.0.1 /favicon.ico
INFO: [ app_init ] --START--
INFO: Run Behavior\BuildLiteBehavior [ RunTime:0.000023s ]
INFO: [ app_init ] --END-- [ RunTime:0.000510s ]
ERR: 无法加载模块:Favicon

[ 2016-01-11T23:01:41+08:00 ] 127.0.0.1 /WorkImages/%7B%7Borigin.cover%7D%7D
INFO: [ app_init ] --START--
INFO: Run Behavior\BuildLiteBehavior [ RunTime:0.000022s ]
INFO: [ app_init ] --END-- [ RunTime:0.000550s ]
ERR: 无法加载模块:WorkImages

[ 2016-01-11T23:01:41+08:00 ] 127.0.0.1 /WorkImages/%7B%7Bdetail.cover%7D%7D
INFO: [ app_init ] --START--
INFO: Run Behavior\BuildLiteBehavior [ RunTime:0.000019s ]
INFO: [ app_init ] --END-- [ RunTime:0.000463s ]
ERR: 无法加载模块:WorkImages

