[ 2016-01-01T00:37:05+08:00 ] 222.186.30.211 /POST_ip_port.php
INFO: [ app_init ] --START--
INFO: Run Behavior\BuildLiteBehavior [ RunTime:0.000010s ]
INFO: [ app_init ] --END-- [ RunTime:0.000236s ]
ERR: 无法加载模块:POST_ip_port

[ 2016-01-01T00:51:05+08:00 ] 61.147.70.111 /POST_ip_port.php
INFO: [ app_init ] --START--
INFO: Run Behavior\BuildLiteBehavior [ RunTime:0.000011s ]
INFO: [ app_init ] --END-- [ RunTime:0.000226s ]
ERR: 无法加载模块:POST_ip_port

[ 2016-01-01T01:36:37+08:00 ] 23.251.43.89 /index.html
INFO: [ app_init ] --START--
INFO: Run Behavior\BuildLiteBehavior [ RunTime:0.000011s ]
INFO: [ app_init ] --END-- [ RunTime:0.000257s ]
ERR: 无法加载模块:Index

[ 2016-01-01T02:02:06+08:00 ] 222.186.30.211 /POST_ip_port.php
INFO: [ app_init ] --START--
INFO: Run Behavior\BuildLiteBehavior [ RunTime:0.000010s ]
INFO: [ app_init ] --END-- [ RunTime:0.000236s ]
ERR: 无法加载模块:POST_ip_port

[ 2016-01-01T02:10:54+08:00 ] 61.147.70.111 /POST_ip_port.php
INFO: [ app_init ] --START--
INFO: Run Behavior\BuildLiteBehavior [ RunTime:0.000010s ]
INFO: [ app_init ] --END-- [ RunTime:0.000232s ]
ERR: 无法加载模块:POST_ip_port

[ 2016-01-01T02:11:14+08:00 ] 222.186.30.211 /POST_ip_port.php
INFO: [ app_init ] --START--
INFO: Run Behavior\BuildLiteBehavior [ RunTime:0.000033s ]
INFO: [ app_init ] --END-- [ RunTime:0.000283s ]
ERR: 无法加载模块:POST_ip_port

[ 2016-01-01T02:15:52+08:00 ] 61.147.70.111 /POST_ip_port.php
INFO: [ app_init ] --START--
INFO: Run Behavior\BuildLiteBehavior [ RunTime:0.000010s ]
INFO: [ app_init ] --END-- [ RunTime:0.000249s ]
ERR: 无法加载模块:POST_ip_port

[ 2016-01-01T02:22:06+08:00 ] 61.147.70.111 /POST_ip_port.php
INFO: [ app_init ] --START--
INFO: Run Behavior\BuildLiteBehavior [ RunTime:0.000010s ]
INFO: [ app_init ] --END-- [ RunTime:0.000229s ]
ERR: 无法加载模块:POST_ip_port

[ 2016-01-01T03:00:57+08:00 ] 61.147.70.111 /POST_ip_port.php
INFO: [ app_init ] --START--
INFO: Run Behavior\BuildLiteBehavior [ RunTime:0.000010s ]
INFO: [ app_init ] --END-- [ RunTime:0.000239s ]
ERR: 无法加载模块:POST_ip_port

[ 2016-01-01T03:11:49+08:00 ] 61.147.70.111 /POST_ip_port.php
INFO: [ app_init ] --START--
INFO: Run Behavior\BuildLiteBehavior [ RunTime:0.000010s ]
INFO: [ app_init ] --END-- [ RunTime:0.000228s ]
ERR: 无法加载模块:POST_ip_port

[ 2016-01-01T03:12:03+08:00 ] 61.147.70.111 /POST_ip_port.php
INFO: [ app_init ] --START--
INFO: Run Behavior\BuildLiteBehavior [ RunTime:0.000010s ]
INFO: [ app_init ] --END-- [ RunTime:0.000273s ]
ERR: 无法加载模块:POST_ip_port

[ 2016-01-01T03:20:03+08:00 ] 61.147.70.111 /POST_ip_port.php
INFO: [ app_init ] --START--
INFO: Run Behavior\BuildLiteBehavior [ RunTime:0.000010s ]
INFO: [ app_init ] --END-- [ RunTime:0.000234s ]
ERR: 无法加载模块:POST_ip_port

[ 2016-01-01T03:28:56+08:00 ] 61.147.70.111 /POST_ip_port.php
INFO: [ app_init ] --START--
INFO: Run Behavior\BuildLiteBehavior [ RunTime:0.000010s ]
INFO: [ app_init ] --END-- [ RunTime:0.000229s ]
ERR: 无法加载模块:POST_ip_port

[ 2016-01-01T03:34:04+08:00 ] 61.147.70.111 /POST_ip_port.php
INFO: [ app_init ] --START--
INFO: Run Behavior\BuildLiteBehavior [ RunTime:0.000010s ]
INFO: [ app_init ] --END-- [ RunTime:0.000226s ]
ERR: 无法加载模块:POST_ip_port

[ 2016-01-01T03:34:29+08:00 ] 222.186.30.211 /POST_ip_port.php
INFO: [ app_init ] --START--
INFO: Run Behavior\BuildLiteBehavior [ RunTime:0.000010s ]
INFO: [ app_init ] --END-- [ RunTime:0.000251s ]
ERR: 无法加载模块:POST_ip_port

[ 2016-01-01T03:51:39+08:00 ] 222.186.30.211 /POST_ip_port.php
INFO: [ app_init ] --START--
INFO: Run Behavior\BuildLiteBehavior [ RunTime:0.000010s ]
INFO: [ app_init ] --END-- [ RunTime:0.000229s ]
ERR: 无法加载模块:POST_ip_port

[ 2016-01-01T04:11:45+08:00 ] 61.147.70.111 /POST_ip_port.php
INFO: [ app_init ] --START--
INFO: Run Behavior\BuildLiteBehavior [ RunTime:0.000012s ]
INFO: [ app_init ] --END-- [ RunTime:0.000265s ]
ERR: 无法加载模块:POST_ip_port

[ 2016-01-01T04:16:59+08:00 ] 61.147.70.111 /POST_ip_port.php
INFO: [ app_init ] --START--
INFO: Run Behavior\BuildLiteBehavior [ RunTime:0.000012s ]
INFO: [ app_init ] --END-- [ RunTime:0.000268s ]
ERR: 无法加载模块:POST_ip_port

[ 2016-01-01T04:22:38+08:00 ] 222.186.30.211 /POST_ip_port.php
INFO: [ app_init ] --START--
INFO: Run Behavior\BuildLiteBehavior [ RunTime:0.000010s ]
INFO: [ app_init ] --END-- [ RunTime:0.000251s ]
ERR: 无法加载模块:POST_ip_port

[ 2016-01-01T04:25:52+08:00 ] 61.147.70.111 /POST_ip_port.php
INFO: [ app_init ] --START--
INFO: Run Behavior\BuildLiteBehavior [ RunTime:0.000014s ]
INFO: [ app_init ] --END-- [ RunTime:0.000257s ]
ERR: 无法加载模块:POST_ip_port

[ 2016-01-01T04:57:36+08:00 ] 23.251.43.89 /index.html
INFO: [ app_init ] --START--
INFO: Run Behavior\BuildLiteBehavior [ RunTime:0.000010s ]
INFO: [ app_init ] --END-- [ RunTime:0.000237s ]
ERR: 无法加载模块:Index

[ 2016-01-01T05:00:10+08:00 ] 61.147.70.111 /POST_ip_port.php
INFO: [ app_init ] --START--
INFO: Run Behavior\BuildLiteBehavior [ RunTime:0.000010s ]
INFO: [ app_init ] --END-- [ RunTime:0.000236s ]
ERR: 无法加载模块:POST_ip_port

[ 2016-01-01T05:47:23+08:00 ] 61.147.70.111 /POST_ip_port.php
INFO: [ app_init ] --START--
INFO: Run Behavior\BuildLiteBehavior [ RunTime:0.000026s ]
INFO: [ app_init ] --END-- [ RunTime:0.000244s ]
ERR: 无法加载模块:POST_ip_port

[ 2016-01-01T05:47:23+08:00 ] 61.147.70.111 /POST_ip_port.php
INFO: [ app_init ] --START--
INFO: Run Behavior\BuildLiteBehavior [ RunTime:0.000009s ]
INFO: [ app_init ] --END-- [ RunTime:0.000216s ]
ERR: 无法加载模块:POST_ip_port

[ 2016-01-01T06:23:52+08:00 ] 222.186.30.211 /POST_ip_port.php
INFO: [ app_init ] --START--
INFO: Run Behavior\BuildLiteBehavior [ RunTime:0.000010s ]
INFO: [ app_init ] --END-- [ RunTime:0.000226s ]
ERR: 无法加载模块:POST_ip_port

[ 2016-01-01T07:00:07+08:00 ] 222.186.30.211 /POST_ip_port.php
INFO: [ app_init ] --START--
INFO: Run Behavior\BuildLiteBehavior [ RunTime:0.000010s ]
INFO: [ app_init ] --END-- [ RunTime:0.000246s ]
ERR: 无法加载模块:POST_ip_port

[ 2016-01-01T07:00:08+08:00 ] 222.186.30.211 /POST_ip_port.php
INFO: [ app_init ] --START--
INFO: Run Behavior\BuildLiteBehavior [ RunTime:0.000011s ]
INFO: [ app_init ] --END-- [ RunTime:0.000289s ]
ERR: 无法加载模块:POST_ip_port

[ 2016-01-01T07:04:23+08:00 ] 61.147.70.111 /POST_ip_port.php
INFO: [ app_init ] --START--
INFO: Run Behavior\BuildLiteBehavior [ RunTime:0.000011s ]
INFO: [ app_init ] --END-- [ RunTime:0.000264s ]
ERR: 无法加载模块:POST_ip_port

[ 2016-01-01T08:10:45+08:00 ] 222.186.30.211 /POST_ip_port.php
INFO: [ app_init ] --START--
INFO: Run Behavior\BuildLiteBehavior [ RunTime:0.000010s ]
INFO: [ app_init ] --END-- [ RunTime:0.000246s ]
ERR: 无法加载模块:POST_ip_port

[ 2016-01-01T08:34:29+08:00 ] 222.186.30.211 /POST_ip_port.php
INFO: [ app_init ] --START--
INFO: Run Behavior\BuildLiteBehavior [ RunTime:0.000010s ]
INFO: [ app_init ] --END-- [ RunTime:0.000243s ]
ERR: 无法加载模块:POST_ip_port

[ 2016-01-01T08:48:08+08:00 ] 61.147.70.111 /POST_ip_port.php
INFO: [ app_init ] --START--
INFO: Run Behavior\BuildLiteBehavior [ RunTime:0.000011s ]
INFO: [ app_init ] --END-- [ RunTime:0.000234s ]
ERR: 无法加载模块:POST_ip_port

[ 2016-01-01T09:43:07+08:00 ] 61.147.70.111 /POST_ip_port.php
INFO: [ app_init ] --START--
INFO: Run Behavior\BuildLiteBehavior [ RunTime:0.000011s ]
INFO: [ app_init ] --END-- [ RunTime:0.000249s ]
ERR: 无法加载模块:POST_ip_port

[ 2016-01-01T10:15:04+08:00 ] 222.186.30.211 /POST_ip_port.php
INFO: [ app_init ] --START--
INFO: Run Behavior\BuildLiteBehavior [ RunTime:0.000010s ]
INFO: [ app_init ] --END-- [ RunTime:0.000236s ]
ERR: 无法加载模块:POST_ip_port

[ 2016-01-01T10:40:29+08:00 ] 61.147.70.111 /POST_ip_port.php
INFO: [ app_init ] --START--
INFO: Run Behavior\BuildLiteBehavior [ RunTime:0.000010s ]
INFO: [ app_init ] --END-- [ RunTime:0.000229s ]
ERR: 无法加载模块:POST_ip_port

[ 2016-01-01T10:45:43+08:00 ] 222.186.30.211 /POST_ip_port.php
INFO: [ app_init ] --START--
INFO: Run Behavior\BuildLiteBehavior [ RunTime:0.000010s ]
INFO: [ app_init ] --END-- [ RunTime:0.000280s ]
ERR: 无法加载模块:POST_ip_port

[ 2016-01-01T10:56:30+08:00 ] 183.204.173.17 /AutoLoginScript/MatchConfigVer.txt
INFO: [ app_init ] --START--
INFO: Run Behavior\BuildLiteBehavior [ RunTime:0.000018s ]
INFO: [ app_init ] --END-- [ RunTime:0.000295s ]
ERR: 无法加载模块:AutoLoginScript

[ 2016-01-01T10:56:31+08:00 ] 183.204.173.17 /RememScript/MatchConfigVer.txt
INFO: [ app_init ] --START--
INFO: Run Behavior\BuildLiteBehavior [ RunTime:0.000010s ]
INFO: [ app_init ] --END-- [ RunTime:0.000244s ]
ERR: 无法加载模块:RememScript

[ 2016-01-01T10:56:32+08:00 ] 183.204.173.17 /SpecificPlatformOpenModeConfig/Config.txt
INFO: [ app_init ] --START--
INFO: Run Behavior\BuildLiteBehavior [ RunTime:0.000010s ]
INFO: [ app_init ] --END-- [ RunTime:0.000244s ]
ERR: 无法加载模块:SpecificPlatformOpenModeConfig

[ 2016-01-01T10:56:33+08:00 ] 183.204.173.17 /CDNDownUrlConfig/SoftCdnDownUrl.txt
INFO: [ app_init ] --START--
INFO: Run Behavior\BuildLiteBehavior [ RunTime:0.000010s ]
INFO: [ app_init ] --END-- [ RunTime:0.000250s ]
ERR: 无法加载模块:CDNDownUrlConfig

[ 2016-01-01T10:56:34+08:00 ] 183.204.173.17 /SoftConfigFile/DLLBlackList.txt
INFO: [ app_init ] --START--
INFO: Run Behavior\BuildLiteBehavior [ RunTime:0.000010s ]
INFO: [ app_init ] --END-- [ RunTime:0.000250s ]
ERR: 无法加载模块:SoftConfigFile

[ 2016-01-01T10:56:49+08:00 ] 183.204.173.17 /iplistv2.html
INFO: [ app_init ] --START--
INFO: Run Behavior\BuildLiteBehavior [ RunTime:0.000010s ]
INFO: [ app_init ] --END-- [ RunTime:0.000231s ]
ERR: 无法加载模块:Iplistv2

[ 2016-01-01T10:56:49+08:00 ] 183.204.173.17 /iplistv2.html
INFO: [ app_init ] --START--
INFO: Run Behavior\BuildLiteBehavior [ RunTime:0.000009s ]
INFO: [ app_init ] --END-- [ RunTime:0.000215s ]
ERR: 无法加载模块:Iplistv2

[ 2016-01-01T10:56:50+08:00 ] 183.204.173.17 /Interface/ScriptGateway.aspx?qms=0000988CD5BD1CBAC27021A8DAE05DAA6A5920DCE3D8ED5A7D99586DC4E4E47E645E8E56A03E67045727A36D9D7AAC63251DBE691303A48215C0409B077F9B8E18EC0041
INFO: [ app_init ] --START--
INFO: Run Behavior\BuildLiteBehavior [ RunTime:0.000009s ]
INFO: [ app_init ] --END-- [ RunTime:0.000243s ]
ERR: 无法加载模块:Interface

[ 2016-01-01T10:56:52+08:00 ] 183.204.173.17 /Interface/ScriptGateway.aspx?qms=0000988CD5BD1CBAC27021A8DAE05DAA6A5920DCE3D8ED5A7D99586DC4E4E47E645E8E56A03E67045727A36D9D7AAC63251DBE691303A48215C0409B077F9B8E18EC0041
INFO: [ app_init ] --START--
INFO: Run Behavior\BuildLiteBehavior [ RunTime:0.000011s ]
INFO: [ app_init ] --END-- [ RunTime:0.000299s ]
ERR: 无法加载模块:Interface

[ 2016-01-01T10:56:57+08:00 ] 183.204.173.17 /Interface/ScriptGateway.aspx?qms=0000988CD5BD1CBAC27021A8DAE05DAA6A5920DCE3D8ED5A7D99586DC4E4E47E645E8E56A03E67045727A36D9D7AAC63251DBE691303A48215C0409B077F9B8E18EC0041
INFO: [ app_init ] --START--
INFO: Run Behavior\BuildLiteBehavior [ RunTime:0.000010s ]
INFO: [ app_init ] --END-- [ RunTime:0.000249s ]
ERR: 无法加载模块:Interface

[ 2016-01-01T10:56:59+08:00 ] 183.204.173.17 /hm.js?82d5c049236934007371777578c30be1
INFO: [ app_init ] --START--
INFO: Run Behavior\BuildLiteBehavior [ RunTime:0.000010s ]
INFO: [ app_init ] --END-- [ RunTime:0.000233s ]
ERR: 无法加载模块:Hm

[ 2016-01-01T10:56:59+08:00 ] 183.204.173.17 /hm.gif?cc=1&ck=1&cl=24-bit&ds=1440x900&et=0&ja=1&ln=zh-CN&lo=0&lt=1451617012&nv=1&rnd=1923108796&si=82d5c049236934007371777578c30be1&st=1&v=&lv=2
INFO: [ app_init ] --START--
INFO: Run Behavior\BuildLiteBehavior [ RunTime:0.000009s ]
INFO: [ app_init ] --END-- [ RunTime:0.000263s ]
ERR: 无法加载模块:Hm

[ 2016-01-01T10:56:59+08:00 ] 183.204.173.17 /hm.gif?cc=1&ck=1&cl=24-bit&ds=1440x900&ep=2000,100&et=3&ja=1&ln=zh-CN&lo=0&lt=1451617012&nv=0&rnd=576853454&si=82d5c049236934007371777578c30be1&st=4&v=&lv=2
INFO: [ app_init ] --START--
INFO: Run Behavior\BuildLiteBehavior [ RunTime:0.000010s ]
INFO: [ app_init ] --END-- [ RunTime:0.000276s ]
ERR: 无法加载模块:Hm

[ 2016-01-01T11:01:03+08:00 ] 183.204.173.17 /CDNDownUrlConfig/SoftCdnDownUrl.txt
INFO: [ app_init ] --START--
INFO: Run Behavior\BuildLiteBehavior [ RunTime:0.000010s ]
INFO: [ app_init ] --END-- [ RunTime:0.000233s ]
ERR: 无法加载模块:CDNDownUrlConfig

[ 2016-01-01T11:01:04+08:00 ] 183.204.173.17 /SoftConfigFile/DLLBlackList.txt
INFO: [ app_init ] --START--
INFO: Run Behavior\BuildLiteBehavior [ RunTime:0.000010s ]
INFO: [ app_init ] --END-- [ RunTime:0.000233s ]
ERR: 无法加载模块:SoftConfigFile

[ 2016-01-01T11:01:23+08:00 ] 183.204.173.17 /iplistv2.html
INFO: [ app_init ] --START--
INFO: Run Behavior\BuildLiteBehavior [ RunTime:0.000011s ]
INFO: [ app_init ] --END-- [ RunTime:0.000271s ]
ERR: 无法加载模块:Iplistv2

[ 2016-01-01T11:01:23+08:00 ] 183.204.173.17 /iplistv2.html
INFO: [ app_init ] --START--
INFO: Run Behavior\BuildLiteBehavior [ RunTime:0.000010s ]
INFO: [ app_init ] --END-- [ RunTime:0.000222s ]
ERR: 无法加载模块:Iplistv2

[ 2016-01-01T11:01:23+08:00 ] 183.204.173.17 /Interface/ScriptGateway.aspx?qms=0000988CD5BD1CBAC27021A8DAE05DAA6A598F24D35B3313F6D561A017FAB129F82A8643D9F1D8E3D1779B5B8808817CE8E3CB593FC97CAA7913409B077F9B8E18EC0041
INFO: [ app_init ] --START--
INFO: Run Behavior\BuildLiteBehavior [ RunTime:0.000009s ]
INFO: [ app_init ] --END-- [ RunTime:0.000238s ]
ERR: 无法加载模块:Interface

[ 2016-01-01T11:01:25+08:00 ] 183.204.173.17 /Interface/ScriptGateway.aspx?qms=0000988CD5BD1CBAC27021A8DAE05DAA6A598F24D35B3313F6D561A017FAB129F82A8643D9F1D8E3D1779B5B8808817CE8E3CB593FC97CAA7913409B077F9B8E18EC0041
INFO: [ app_init ] --START--
INFO: Run Behavior\BuildLiteBehavior [ RunTime:0.000010s ]
INFO: [ app_init ] --END-- [ RunTime:0.000240s ]
ERR: 无法加载模块:Interface

[ 2016-01-01T11:01:32+08:00 ] 183.204.173.17 /Interface/ScriptGateway.aspx?qms=0000988CD5BD1CBAC27021A8DAE05DAA6A598F24D35B3313F6D561A017FAB129F82A8643D9F1D8E3D1779B5B8808817CE8E3CB593FC97CAA7913409B077F9B8E18EC0041
INFO: [ app_init ] --START--
INFO: Run Behavior\BuildLiteBehavior [ RunTime:0.000010s ]
INFO: [ app_init ] --END-- [ RunTime:0.000230s ]
ERR: 无法加载模块:Interface

[ 2016-01-01T11:01:32+08:00 ] 183.204.173.17 /hm.js?82d5c049236934007371777578c30be1
INFO: [ app_init ] --START--
INFO: Run Behavior\BuildLiteBehavior [ RunTime:0.000009s ]
INFO: [ app_init ] --END-- [ RunTime:0.000221s ]
ERR: 无法加载模块:Hm

[ 2016-01-01T11:01:33+08:00 ] 183.204.173.17 /hm.gif?cc=1&ck=1&cl=24-bit&ds=1440x900&et=0&ja=1&ln=zh-CN&lo=0&lt=1451617238&nv=1&rnd=1500992155&si=82d5c049236934007371777578c30be1&st=1&v=&lv=2
INFO: [ app_init ] --START--
INFO: Run Behavior\BuildLiteBehavior [ RunTime:0.000010s ]
INFO: [ app_init ] --END-- [ RunTime:0.000256s ]
ERR: 无法加载模块:Hm

[ 2016-01-01T11:01:33+08:00 ] 183.204.173.17 /hm.gif?cc=1&ck=1&cl=24-bit&ds=1440x900&ep=2000,100&et=3&ja=1&ln=zh-CN&lo=0&lt=1451617238&nv=0&rnd=1070099133&si=82d5c049236934007371777578c30be1&st=4&v=&lv=2
INFO: [ app_init ] --START--
INFO: Run Behavior\BuildLiteBehavior [ RunTime:0.000010s ]
INFO: [ app_init ] --END-- [ RunTime:0.000234s ]
ERR: 无法加载模块:Hm

[ 2016-01-01T11:03:05+08:00 ] 23.251.63.45 /index.html
INFO: [ app_init ] --START--
INFO: Run Behavior\BuildLiteBehavior [ RunTime:0.000010s ]
INFO: [ app_init ] --END-- [ RunTime:0.000230s ]
ERR: 无法加载模块:Index

[ 2016-01-01T11:37:13+08:00 ] 61.147.70.111 /POST_ip_port.php
INFO: [ app_init ] --START--
INFO: Run Behavior\BuildLiteBehavior [ RunTime:0.000011s ]
INFO: [ app_init ] --END-- [ RunTime:0.000232s ]
ERR: 无法加载模块:POST_ip_port

[ 2016-01-01T11:38:28+08:00 ] 61.147.70.111 /POST_ip_port.php
INFO: [ app_init ] --START--
INFO: Run Behavior\BuildLiteBehavior [ RunTime:0.000010s ]
INFO: [ app_init ] --END-- [ RunTime:0.000247s ]
ERR: 无法加载模块:POST_ip_port

[ 2016-01-01T12:17:30+08:00 ] 61.147.70.111 /POST_ip_port.php
INFO: [ app_init ] --START--
INFO: Run Behavior\BuildLiteBehavior [ RunTime:0.000010s ]
INFO: [ app_init ] --END-- [ RunTime:0.000234s ]
ERR: 无法加载模块:POST_ip_port

[ 2016-01-01T12:59:14+08:00 ] 61.147.70.111 /POST_ip_port.php
INFO: [ app_init ] --START--
INFO: Run Behavior\BuildLiteBehavior [ RunTime:0.000010s ]
INFO: [ app_init ] --END-- [ RunTime:0.000236s ]
ERR: 无法加载模块:POST_ip_port

[ 2016-01-01T12:59:49+08:00 ] 61.147.70.111 /POST_ip_port.php
INFO: [ app_init ] --START--
INFO: Run Behavior\BuildLiteBehavior [ RunTime:0.000017s ]
INFO: [ app_init ] --END-- [ RunTime:0.000275s ]
ERR: 无法加载模块:POST_ip_port

[ 2016-01-01T13:10:59+08:00 ] 61.147.70.111 /POST_ip_port.php
INFO: [ app_init ] --START--
INFO: Run Behavior\BuildLiteBehavior [ RunTime:0.000010s ]
INFO: [ app_init ] --END-- [ RunTime:0.000237s ]
ERR: 无法加载模块:POST_ip_port

[ 2016-01-01T13:18:06+08:00 ] 222.186.30.211 /POST_ip_port.php
INFO: [ app_init ] --START--
INFO: Run Behavior\BuildLiteBehavior [ RunTime:0.000011s ]
INFO: [ app_init ] --END-- [ RunTime:0.000234s ]
ERR: 无法加载模块:POST_ip_port

[ 2016-01-01T13:43:03+08:00 ] 222.186.30.211 /POST_ip_port.php
INFO: [ app_init ] --START--
INFO: Run Behavior\BuildLiteBehavior [ RunTime:0.000010s ]
INFO: [ app_init ] --END-- [ RunTime:0.000229s ]
ERR: 无法加载模块:POST_ip_port

[ 2016-01-01T13:52:24+08:00 ] 61.147.70.111 /POST_ip_port.php
INFO: [ app_init ] --START--
INFO: Run Behavior\BuildLiteBehavior [ RunTime:0.000010s ]
INFO: [ app_init ] --END-- [ RunTime:0.000235s ]
ERR: 无法加载模块:POST_ip_port

[ 2016-01-01T14:11:08+08:00 ] 222.186.30.211 /POST_ip_port.php
INFO: [ app_init ] --START--
INFO: Run Behavior\BuildLiteBehavior [ RunTime:0.000010s ]
INFO: [ app_init ] --END-- [ RunTime:0.000228s ]
ERR: 无法加载模块:POST_ip_port

[ 2016-01-01T14:21:39+08:00 ] 222.186.30.211 /POST_ip_port.php
INFO: [ app_init ] --START--
INFO: Run Behavior\BuildLiteBehavior [ RunTime:0.000010s ]
INFO: [ app_init ] --END-- [ RunTime:0.000228s ]
ERR: 无法加载模块:POST_ip_port

[ 2016-01-01T14:28:42+08:00 ] 61.147.70.111 /POST_ip_port.php
INFO: [ app_init ] --START--
INFO: Run Behavior\BuildLiteBehavior [ RunTime:0.000010s ]
INFO: [ app_init ] --END-- [ RunTime:0.000226s ]
ERR: 无法加载模块:POST_ip_port

[ 2016-01-01T14:47:50+08:00 ] 61.147.70.111 /POST_ip_port.php
INFO: [ app_init ] --START--
INFO: Run Behavior\BuildLiteBehavior [ RunTime:0.000010s ]
INFO: [ app_init ] --END-- [ RunTime:0.000235s ]
ERR: 无法加载模块:POST_ip_port

[ 2016-01-01T15:09:10+08:00 ] 61.147.70.111 /POST_ip_port.php
INFO: [ app_init ] --START--
INFO: Run Behavior\BuildLiteBehavior [ RunTime:0.000011s ]
INFO: [ app_init ] --END-- [ RunTime:0.000226s ]
ERR: 无法加载模块:POST_ip_port

[ 2016-01-01T15:22:12+08:00 ] 61.147.70.111 /POST_ip_port.php
INFO: [ app_init ] --START--
INFO: Run Behavior\BuildLiteBehavior [ RunTime:0.000010s ]
INFO: [ app_init ] --END-- [ RunTime:0.000259s ]
ERR: 无法加载模块:POST_ip_port

[ 2016-01-01T15:22:25+08:00 ] 222.186.30.211 /POST_ip_port.php
INFO: [ app_init ] --START--
INFO: Run Behavior\BuildLiteBehavior [ RunTime:0.000011s ]
INFO: [ app_init ] --END-- [ RunTime:0.000245s ]
ERR: 无法加载模块:POST_ip_port

[ 2016-01-01T15:40:32+08:00 ] 61.147.70.111 /POST_ip_port.php
INFO: [ app_init ] --START--
INFO: Run Behavior\BuildLiteBehavior [ RunTime:0.000010s ]
INFO: [ app_init ] --END-- [ RunTime:0.000260s ]
ERR: 无法加载模块:POST_ip_port

[ 2016-01-01T15:40:52+08:00 ] 222.186.30.211 /POST_ip_port.php
INFO: [ app_init ] --START--
INFO: Run Behavior\BuildLiteBehavior [ RunTime:0.000010s ]
INFO: [ app_init ] --END-- [ RunTime:0.000258s ]
ERR: 无法加载模块:POST_ip_port

[ 2016-01-01T15:56:48+08:00 ] 61.147.70.111 /POST_ip_port.php
INFO: [ app_init ] --START--
INFO: Run Behavior\BuildLiteBehavior [ RunTime:0.000011s ]
INFO: [ app_init ] --END-- [ RunTime:0.000227s ]
ERR: 无法加载模块:POST_ip_port

[ 2016-01-01T15:56:48+08:00 ] 61.147.70.111 /POST_ip_port.php
INFO: [ app_init ] --START--
INFO: Run Behavior\BuildLiteBehavior [ RunTime:0.000010s ]
INFO: [ app_init ] --END-- [ RunTime:0.000226s ]
ERR: 无法加载模块:POST_ip_port

[ 2016-01-01T16:17:45+08:00 ] 61.216.2.13 /404
INFO: [ app_init ] --START--
INFO: Run Behavior\BuildLiteBehavior [ RunTime:0.000010s ]
INFO: [ app_init ] --END-- [ RunTime:0.000233s ]
ERR: 无法加载模块:404

[ 2016-01-01T16:23:17+08:00 ] 61.147.70.111 /POST_ip_port.php
INFO: [ app_init ] --START--
INFO: Run Behavior\BuildLiteBehavior [ RunTime:0.000014s ]
INFO: [ app_init ] --END-- [ RunTime:0.000274s ]
ERR: 无法加载模块:POST_ip_port

[ 2016-01-01T16:50:59+08:00 ] 61.147.70.111 /POST_ip_port.php
INFO: [ app_init ] --START--
INFO: Run Behavior\BuildLiteBehavior [ RunTime:0.000010s ]
INFO: [ app_init ] --END-- [ RunTime:0.000240s ]
ERR: 无法加载模块:POST_ip_port

[ 2016-01-01T16:51:01+08:00 ] 61.147.70.111 /POST_ip_port.php
INFO: [ app_init ] --START--
INFO: Run Behavior\BuildLiteBehavior [ RunTime:0.000010s ]
INFO: [ app_init ] --END-- [ RunTime:0.000232s ]
ERR: 无法加载模块:POST_ip_port

[ 2016-01-01T17:14:23+08:00 ] 219.133.171.5 /favicon.ico
INFO: [ app_init ] --START--
INFO: Run Behavior\BuildLiteBehavior [ RunTime:0.000010s ]
INFO: [ app_init ] --END-- [ RunTime:0.000240s ]
ERR: 无法加载模块:Favicon

[ 2016-01-01T17:14:32+08:00 ] 202.96.177.3 /favicon.ico
INFO: [ app_init ] --START--
INFO: Run Behavior\BuildLiteBehavior [ RunTime:0.000011s ]
INFO: [ app_init ] --END-- [ RunTime:0.000294s ]
ERR: 无法加载模块:Favicon

[ 2016-01-01T17:37:19+08:00 ] 61.147.70.111 /POST_ip_port.php
INFO: [ app_init ] --START--
INFO: Run Behavior\BuildLiteBehavior [ RunTime:0.000010s ]
INFO: [ app_init ] --END-- [ RunTime:0.000243s ]
ERR: 无法加载模块:POST_ip_port

[ 2016-01-01T17:37:33+08:00 ] 222.186.30.211 /POST_ip_port.php
INFO: [ app_init ] --START--
INFO: Run Behavior\BuildLiteBehavior [ RunTime:0.000010s ]
INFO: [ app_init ] --END-- [ RunTime:0.000238s ]
ERR: 无法加载模块:POST_ip_port

[ 2016-01-01T17:37:39+08:00 ] 61.147.70.111 /POST_ip_port.php
INFO: [ app_init ] --START--
INFO: Run Behavior\BuildLiteBehavior [ RunTime:0.000010s ]
INFO: [ app_init ] --END-- [ RunTime:0.000289s ]
ERR: 无法加载模块:POST_ip_port

[ 2016-01-01T17:47:55+08:00 ] 61.147.70.111 /POST_ip_port.php
INFO: [ app_init ] --START--
INFO: Run Behavior\BuildLiteBehavior [ RunTime:0.000010s ]
INFO: [ app_init ] --END-- [ RunTime:0.000235s ]
ERR: 无法加载模块:POST_ip_port

[ 2016-01-01T17:48:15+08:00 ] 222.186.30.211 /POST_ip_port.php
INFO: [ app_init ] --START--
INFO: Run Behavior\BuildLiteBehavior [ RunTime:0.000010s ]
INFO: [ app_init ] --END-- [ RunTime:0.000253s ]
ERR: 无法加载模块:POST_ip_port

[ 2016-01-01T17:55:11+08:00 ] 222.186.30.211 /POST_ip_port.php
INFO: [ app_init ] --START--
INFO: Run Behavior\BuildLiteBehavior [ RunTime:0.000010s ]
INFO: [ app_init ] --END-- [ RunTime:0.000243s ]
ERR: 无法加载模块:POST_ip_port

[ 2016-01-01T17:56:21+08:00 ] 222.186.30.211 /POST_ip_port.php
INFO: [ app_init ] --START--
INFO: Run Behavior\BuildLiteBehavior [ RunTime:0.000011s ]
INFO: [ app_init ] --END-- [ RunTime:0.000235s ]
ERR: 无法加载模块:POST_ip_port

[ 2016-01-01T18:04:52+08:00 ] 222.186.30.211 /POST_ip_port.php
INFO: [ app_init ] --START--
INFO: Run Behavior\BuildLiteBehavior [ RunTime:0.000010s ]
INFO: [ app_init ] --END-- [ RunTime:0.000231s ]
ERR: 无法加载模块:POST_ip_port

[ 2016-01-01T18:38:41+08:00 ] 23.251.43.89 /index.html
INFO: [ app_init ] --START--
INFO: Run Behavior\BuildLiteBehavior [ RunTime:0.000010s ]
INFO: [ app_init ] --END-- [ RunTime:0.000236s ]
ERR: 无法加载模块:Index

[ 2016-01-01T18:41:46+08:00 ] 61.147.70.111 /POST_ip_port.php
INFO: [ app_init ] --START--
INFO: Run Behavior\BuildLiteBehavior [ RunTime:0.000011s ]
INFO: [ app_init ] --END-- [ RunTime:0.000241s ]
ERR: 无法加载模块:POST_ip_port

[ 2016-01-01T18:45:45+08:00 ] 222.186.30.211 /POST_ip_port.php
INFO: [ app_init ] --START--
INFO: Run Behavior\BuildLiteBehavior [ RunTime:0.000027s ]
INFO: [ app_init ] --END-- [ RunTime:0.000272s ]
ERR: 无法加载模块:POST_ip_port

[ 2016-01-01T18:54:14+08:00 ] 61.147.70.111 /POST_ip_port.php
INFO: [ app_init ] --START--
INFO: Run Behavior\BuildLiteBehavior [ RunTime:0.000010s ]
INFO: [ app_init ] --END-- [ RunTime:0.000233s ]
ERR: 无法加载模块:POST_ip_port

[ 2016-01-01T19:05:25+08:00 ] 61.147.70.111 /POST_ip_port.php
INFO: [ app_init ] --START--
INFO: Run Behavior\BuildLiteBehavior [ RunTime:0.000010s ]
INFO: [ app_init ] --END-- [ RunTime:0.000245s ]
ERR: 无法加载模块:POST_ip_port

[ 2016-01-01T20:44:49+08:00 ] 185.130.5.224 /server-status?HTTP_POST=%"%6346#%#/&#736%"#423|;&HTTP_CGI_GET=GRESYYK"K&J"#L523D2G23H23
INFO: [ app_init ] --START--
INFO: Run Behavior\BuildLiteBehavior [ RunTime:0.000010s ]
INFO: [ app_init ] --END-- [ RunTime:0.000243s ]
ERR: 无法加载模块:Server-status

[ 2016-01-01T21:11:46+08:00 ] 222.186.30.211 /POST_ip_port.php
INFO: [ app_init ] --START--
INFO: Run Behavior\BuildLiteBehavior [ RunTime:0.000010s ]
INFO: [ app_init ] --END-- [ RunTime:0.000233s ]
ERR: 无法加载模块:POST_ip_port

[ 2016-01-01T21:11:58+08:00 ] 222.186.30.211 /POST_ip_port.php
INFO: [ app_init ] --START--
INFO: Run Behavior\BuildLiteBehavior [ RunTime:0.000010s ]
INFO: [ app_init ] --END-- [ RunTime:0.000247s ]
ERR: 无法加载模块:POST_ip_port

[ 2016-01-01T21:12:33+08:00 ] 61.147.70.111 /POST_ip_port.php
INFO: [ app_init ] --START--
INFO: Run Behavior\BuildLiteBehavior [ RunTime:0.000011s ]
INFO: [ app_init ] --END-- [ RunTime:0.000224s ]
ERR: 无法加载模块:POST_ip_port

[ 2016-01-01T21:15:48+08:00 ] 61.147.70.111 /POST_ip_port.php
INFO: [ app_init ] --START--
INFO: Run Behavior\BuildLiteBehavior [ RunTime:0.000010s ]
INFO: [ app_init ] --END-- [ RunTime:0.000255s ]
ERR: 无法加载模块:POST_ip_port

[ 2016-01-01T21:28:53+08:00 ] 61.147.70.111 /POST_ip_port.php
INFO: [ app_init ] --START--
INFO: Run Behavior\BuildLiteBehavior [ RunTime:0.000011s ]
INFO: [ app_init ] --END-- [ RunTime:0.000228s ]
ERR: 无法加载模块:POST_ip_port

[ 2016-01-01T21:37:00+08:00 ] 222.186.30.211 /POST_ip_port.php
INFO: [ app_init ] --START--
INFO: Run Behavior\BuildLiteBehavior [ RunTime:0.000010s ]
INFO: [ app_init ] --END-- [ RunTime:0.000227s ]
ERR: 无法加载模块:POST_ip_port

[ 2016-01-01T21:45:21+08:00 ] 61.147.70.111 /POST_ip_port.php
INFO: [ app_init ] --START--
INFO: Run Behavior\BuildLiteBehavior [ RunTime:0.000011s ]
INFO: [ app_init ] --END-- [ RunTime:0.000236s ]
ERR: 无法加载模块:POST_ip_port

[ 2016-01-01T21:53:47+08:00 ] 222.186.30.211 /POST_ip_port.php
INFO: [ app_init ] --START--
INFO: Run Behavior\BuildLiteBehavior [ RunTime:0.000010s ]
INFO: [ app_init ] --END-- [ RunTime:0.000236s ]
ERR: 无法加载模块:POST_ip_port

[ 2016-01-01T22:38:05+08:00 ] 183.60.243.189 /psp/ps/?cmd=login&errorPg=ckreq&languageCd=ENG
INFO: [ app_init ] --START--
INFO: Run Behavior\BuildLiteBehavior [ RunTime:0.000010s ]
INFO: [ app_init ] --END-- [ RunTime:0.000253s ]
ERR: 无法加载模块:Psp

[ 2016-01-01T22:51:37+08:00 ] 222.186.30.211 /POST_ip_port.php
INFO: [ app_init ] --START--
INFO: Run Behavior\BuildLiteBehavior [ RunTime:0.000010s ]
INFO: [ app_init ] --END-- [ RunTime:0.000275s ]
ERR: 无法加载模块:POST_ip_port

[ 2016-01-01T23:03:05+08:00 ] 61.147.70.111 /POST_ip_port.php
INFO: [ app_init ] --START--
INFO: Run Behavior\BuildLiteBehavior [ RunTime:0.000010s ]
INFO: [ app_init ] --END-- [ RunTime:0.000232s ]
ERR: 无法加载模块:POST_ip_port

[ 2016-01-01T23:07:15+08:00 ] 23.251.43.89 /index.html
INFO: [ app_init ] --START--
INFO: Run Behavior\BuildLiteBehavior [ RunTime:0.000014s ]
INFO: [ app_init ] --END-- [ RunTime:0.000313s ]
ERR: 无法加载模块:Index

[ 2016-01-01T23:22:50+08:00 ] 185.130.5.224 /server-status?HTTP_POST=%"%6346#%#/&#736%"#423|;&HTTP_CGI_GET=GRESYYK"K&J"#L523D2G23H23
INFO: [ app_init ] --START--
INFO: Run Behavior\BuildLiteBehavior [ RunTime:0.000011s ]
INFO: [ app_init ] --END-- [ RunTime:0.000226s ]
ERR: 无法加载模块:Server-status

