[ 2016-01-05T00:19:20+08:00 ] 123.125.71.13 /robots.txt
INFO: [ app_init ] --START--
INFO: Run Behavior\BuildLiteBehavior [ RunTime:0.000010s ]
INFO: [ app_init ] --END-- [ RunTime:0.000220s ]
ERR: 无法加载模块:Robots

[ 2016-01-05T00:49:58+08:00 ] 61.147.70.111 /POST_ip_port.php
INFO: [ app_init ] --START--
INFO: Run Behavior\BuildLiteBehavior [ RunTime:0.000010s ]
INFO: [ app_init ] --END-- [ RunTime:0.000225s ]
ERR: 无法加载模块:POST_ip_port

[ 2016-01-05T01:12:14+08:00 ] 222.186.30.211 /POST_ip_port.php
INFO: [ app_init ] --START--
INFO: Run Behavior\BuildLiteBehavior [ RunTime:0.000010s ]
INFO: [ app_init ] --END-- [ RunTime:0.000228s ]
ERR: 无法加载模块:POST_ip_port

[ 2016-01-05T01:14:03+08:00 ] 61.147.70.111 /POST_ip_port.php
INFO: [ app_init ] --START--
INFO: Run Behavior\BuildLiteBehavior [ RunTime:0.000009s ]
INFO: [ app_init ] --END-- [ RunTime:0.000217s ]
ERR: 无法加载模块:POST_ip_port

[ 2016-01-05T01:14:20+08:00 ] 222.186.30.211 /POST_ip_port.php
INFO: [ app_init ] --START--
INFO: Run Behavior\BuildLiteBehavior [ RunTime:0.000010s ]
INFO: [ app_init ] --END-- [ RunTime:0.000216s ]
ERR: 无法加载模块:POST_ip_port

[ 2016-01-05T01:20:18+08:00 ] 23.251.43.89 /index.html
INFO: [ app_init ] --START--
INFO: Run Behavior\BuildLiteBehavior [ RunTime:0.000010s ]
INFO: [ app_init ] --END-- [ RunTime:0.000232s ]
ERR: 无法加载模块:Index

[ 2016-01-05T01:47:23+08:00 ] 61.147.70.111 /POST_ip_port.php
INFO: [ app_init ] --START--
INFO: Run Behavior\BuildLiteBehavior [ RunTime:0.000014s ]
INFO: [ app_init ] --END-- [ RunTime:0.000282s ]
ERR: 无法加载模块:POST_ip_port

[ 2016-01-05T02:09:24+08:00 ] 222.186.30.211 /POST_ip_port.php
INFO: [ app_init ] --START--
INFO: Run Behavior\BuildLiteBehavior [ RunTime:0.000010s ]
INFO: [ app_init ] --END-- [ RunTime:0.000245s ]
ERR: 无法加载模块:POST_ip_port

[ 2016-01-05T02:10:29+08:00 ] 222.186.30.211 /POST_ip_port.php
INFO: [ app_init ] --START--
INFO: Run Behavior\BuildLiteBehavior [ RunTime:0.000010s ]
INFO: [ app_init ] --END-- [ RunTime:0.000261s ]
ERR: 无法加载模块:POST_ip_port

[ 2016-01-05T02:19:06+08:00 ] 61.147.70.111 /POST_ip_port.php
INFO: [ app_init ] --START--
INFO: Run Behavior\BuildLiteBehavior [ RunTime:0.000009s ]
INFO: [ app_init ] --END-- [ RunTime:0.000223s ]
ERR: 无法加载模块:POST_ip_port

[ 2016-01-05T02:19:06+08:00 ] 61.147.70.111 /POST_ip_port.php
INFO: [ app_init ] --START--
INFO: Run Behavior\BuildLiteBehavior [ RunTime:0.000009s ]
INFO: [ app_init ] --END-- [ RunTime:0.000217s ]
ERR: 无法加载模块:POST_ip_port

[ 2016-01-05T02:30:58+08:00 ] 61.147.70.111 /POST_ip_port.php
INFO: [ app_init ] --START--
INFO: Run Behavior\BuildLiteBehavior [ RunTime:0.000009s ]
INFO: [ app_init ] --END-- [ RunTime:0.000250s ]
ERR: 无法加载模块:POST_ip_port

[ 2016-01-05T02:31:32+08:00 ] 61.147.70.111 /POST_ip_port.php
INFO: [ app_init ] --START--
INFO: Run Behavior\BuildLiteBehavior [ RunTime:0.000009s ]
INFO: [ app_init ] --END-- [ RunTime:0.000245s ]
ERR: 无法加载模块:POST_ip_port

[ 2016-01-05T02:58:33+08:00 ] 61.147.70.111 /POST_ip_port.php
INFO: [ app_init ] --START--
INFO: Run Behavior\BuildLiteBehavior [ RunTime:0.000010s ]
INFO: [ app_init ] --END-- [ RunTime:0.000219s ]
ERR: 无法加载模块:POST_ip_port

[ 2016-01-05T03:03:47+08:00 ] 61.147.70.111 /POST_ip_port.php
INFO: [ app_init ] --START--
INFO: Run Behavior\BuildLiteBehavior [ RunTime:0.000010s ]
INFO: [ app_init ] --END-- [ RunTime:0.000256s ]
ERR: 无法加载模块:POST_ip_port

[ 2016-01-05T03:13:02+08:00 ] 222.186.30.211 /POST_ip_port.php
INFO: [ app_init ] --START--
INFO: Run Behavior\BuildLiteBehavior [ RunTime:0.000009s ]
INFO: [ app_init ] --END-- [ RunTime:0.000222s ]
ERR: 无法加载模块:POST_ip_port

[ 2016-01-05T03:13:02+08:00 ] 222.186.30.211 /POST_ip_port.php
INFO: [ app_init ] --START--
INFO: Run Behavior\BuildLiteBehavior [ RunTime:0.000009s ]
INFO: [ app_init ] --END-- [ RunTime:0.000217s ]
ERR: 无法加载模块:POST_ip_port

[ 2016-01-05T03:39:27+08:00 ] 61.147.70.111 /POST_ip_port.php
INFO: [ app_init ] --START--
INFO: Run Behavior\BuildLiteBehavior [ RunTime:0.000010s ]
INFO: [ app_init ] --END-- [ RunTime:0.000223s ]
ERR: 无法加载模块:POST_ip_port

[ 2016-01-05T03:48:39+08:00 ] 61.147.70.111 /POST_ip_port.php
INFO: [ app_init ] --START--
INFO: Run Behavior\BuildLiteBehavior [ RunTime:0.000010s ]
INFO: [ app_init ] --END-- [ RunTime:0.000225s ]
ERR: 无法加载模块:POST_ip_port

[ 2016-01-05T04:02:40+08:00 ] 61.147.70.111 /POST_ip_port.php
INFO: [ app_init ] --START--
INFO: Run Behavior\BuildLiteBehavior [ RunTime:0.000013s ]
INFO: [ app_init ] --END-- [ RunTime:0.000288s ]
ERR: 无法加载模块:POST_ip_port

[ 2016-01-05T04:06:10+08:00 ] 61.147.70.111 /POST_ip_port.php
INFO: [ app_init ] --START--
INFO: Run Behavior\BuildLiteBehavior [ RunTime:0.000024s ]
INFO: [ app_init ] --END-- [ RunTime:0.000234s ]
ERR: 无法加载模块:POST_ip_port

[ 2016-01-05T04:20:06+08:00 ] 61.147.70.111 /POST_ip_port.php
INFO: [ app_init ] --START--
INFO: Run Behavior\BuildLiteBehavior [ RunTime:0.000009s ]
INFO: [ app_init ] --END-- [ RunTime:0.000231s ]
ERR: 无法加载模块:POST_ip_port

[ 2016-01-05T04:33:47+08:00 ] 61.147.70.111 /POST_ip_port.php
INFO: [ app_init ] --START--
INFO: Run Behavior\BuildLiteBehavior [ RunTime:0.000010s ]
INFO: [ app_init ] --END-- [ RunTime:0.000270s ]
ERR: 无法加载模块:POST_ip_port

[ 2016-01-05T04:42:40+08:00 ] 61.147.70.111 /POST_ip_port.php
INFO: [ app_init ] --START--
INFO: Run Behavior\BuildLiteBehavior [ RunTime:0.000010s ]
INFO: [ app_init ] --END-- [ RunTime:0.000222s ]
ERR: 无法加载模块:POST_ip_port

[ 2016-01-05T05:01:41+08:00 ] 61.147.70.111 /POST_ip_port.php
INFO: [ app_init ] --START--
INFO: Run Behavior\BuildLiteBehavior [ RunTime:0.000010s ]
INFO: [ app_init ] --END-- [ RunTime:0.000217s ]
ERR: 无法加载模块:POST_ip_port

[ 2016-01-05T05:02:04+08:00 ] 222.186.30.211 /POST_ip_port.php
INFO: [ app_init ] --START--
INFO: Run Behavior\BuildLiteBehavior [ RunTime:0.000009s ]
INFO: [ app_init ] --END-- [ RunTime:0.000220s ]
ERR: 无法加载模块:POST_ip_port

[ 2016-01-05T05:24:23+08:00 ] 222.186.30.211 /POST_ip_port.php
INFO: [ app_init ] --START--
INFO: Run Behavior\BuildLiteBehavior [ RunTime:0.000013s ]
INFO: [ app_init ] --END-- [ RunTime:0.000352s ]
ERR: 无法加载模块:POST_ip_port

[ 2016-01-05T05:26:02+08:00 ] 61.147.70.111 /POST_ip_port.php
INFO: [ app_init ] --START--
INFO: Run Behavior\BuildLiteBehavior [ RunTime:0.000010s ]
INFO: [ app_init ] --END-- [ RunTime:0.000231s ]
ERR: 无法加载模块:POST_ip_port

[ 2016-01-05T05:26:19+08:00 ] 222.186.30.211 /POST_ip_port.php
INFO: [ app_init ] --START--
INFO: Run Behavior\BuildLiteBehavior [ RunTime:0.000010s ]
INFO: [ app_init ] --END-- [ RunTime:0.000220s ]
ERR: 无法加载模块:POST_ip_port

[ 2016-01-05T05:26:31+08:00 ] 222.186.30.211 /POST_ip_port.php
INFO: [ app_init ] --START--
INFO: Run Behavior\BuildLiteBehavior [ RunTime:0.000010s ]
INFO: [ app_init ] --END-- [ RunTime:0.000229s ]
ERR: 无法加载模块:POST_ip_port

[ 2016-01-05T05:29:02+08:00 ] 23.251.43.89 /index.html
INFO: [ app_init ] --START--
INFO: Run Behavior\BuildLiteBehavior [ RunTime:0.000010s ]
INFO: [ app_init ] --END-- [ RunTime:0.000225s ]
ERR: 无法加载模块:Index

[ 2016-01-05T05:50:13+08:00 ] 61.147.70.111 /POST_ip_port.php
INFO: [ app_init ] --START--
INFO: Run Behavior\BuildLiteBehavior [ RunTime:0.000010s ]
INFO: [ app_init ] --END-- [ RunTime:0.000216s ]
ERR: 无法加载模块:POST_ip_port

[ 2016-01-05T06:03:49+08:00 ] 61.147.70.111 /POST_ip_port.php
INFO: [ app_init ] --START--
INFO: Run Behavior\BuildLiteBehavior [ RunTime:0.000010s ]
INFO: [ app_init ] --END-- [ RunTime:0.000225s ]
ERR: 无法加载模块:POST_ip_port

[ 2016-01-05T06:13:30+08:00 ] 23.251.43.89 /index.html
INFO: [ app_init ] --START--
INFO: Run Behavior\BuildLiteBehavior [ RunTime:0.000010s ]
INFO: [ app_init ] --END-- [ RunTime:0.000246s ]
ERR: 无法加载模块:Index

[ 2016-01-05T06:30:54+08:00 ] 61.147.70.111 /POST_ip_port.php
INFO: [ app_init ] --START--
INFO: Run Behavior\BuildLiteBehavior [ RunTime:0.000010s ]
INFO: [ app_init ] --END-- [ RunTime:0.000218s ]
ERR: 无法加载模块:POST_ip_port

[ 2016-01-05T06:39:42+08:00 ] 61.147.70.111 /POST_ip_port.php
INFO: [ app_init ] --START--
INFO: Run Behavior\BuildLiteBehavior [ RunTime:0.000010s ]
INFO: [ app_init ] --END-- [ RunTime:0.000244s ]
ERR: 无法加载模块:POST_ip_port

[ 2016-01-05T06:45:16+08:00 ] 61.147.70.111 /POST_ip_port.php
INFO: [ app_init ] --START--
INFO: Run Behavior\BuildLiteBehavior [ RunTime:0.000009s ]
INFO: [ app_init ] --END-- [ RunTime:0.000239s ]
ERR: 无法加载模块:POST_ip_port

[ 2016-01-05T06:45:38+08:00 ] 61.147.70.111 /POST_ip_port.php
INFO: [ app_init ] --START--
INFO: Run Behavior\BuildLiteBehavior [ RunTime:0.000009s ]
INFO: [ app_init ] --END-- [ RunTime:0.000224s ]
ERR: 无法加载模块:POST_ip_port

[ 2016-01-05T07:01:23+08:00 ] 222.186.30.211 /POST_ip_port.php
INFO: [ app_init ] --START--
INFO: Run Behavior\BuildLiteBehavior [ RunTime:0.000010s ]
INFO: [ app_init ] --END-- [ RunTime:0.000234s ]
ERR: 无法加载模块:POST_ip_port

[ 2016-01-05T07:01:25+08:00 ] 222.186.30.211 /POST_ip_port.php
INFO: [ app_init ] --START--
INFO: Run Behavior\BuildLiteBehavior [ RunTime:0.000010s ]
INFO: [ app_init ] --END-- [ RunTime:0.000222s ]
ERR: 无法加载模块:POST_ip_port

[ 2016-01-05T08:11:53+08:00 ] 61.147.70.111 /POST_ip_port.php
INFO: [ app_init ] --START--
INFO: Run Behavior\BuildLiteBehavior [ RunTime:0.000009s ]
INFO: [ app_init ] --END-- [ RunTime:0.000226s ]
ERR: 无法加载模块:POST_ip_port

[ 2016-01-05T08:15:42+08:00 ] 61.147.70.111 /POST_ip_port.php
INFO: [ app_init ] --START--
INFO: Run Behavior\BuildLiteBehavior [ RunTime:0.000009s ]
INFO: [ app_init ] --END-- [ RunTime:0.000228s ]
ERR: 无法加载模块:POST_ip_port

[ 2016-01-05T08:16:46+08:00 ] 222.186.30.211 /POST_ip_port.php
INFO: [ app_init ] --START--
INFO: Run Behavior\BuildLiteBehavior [ RunTime:0.000013s ]
INFO: [ app_init ] --END-- [ RunTime:0.000307s ]
ERR: 无法加载模块:POST_ip_port

[ 2016-01-05T08:19:45+08:00 ] 61.147.70.111 /POST_ip_port.php
INFO: [ app_init ] --START--
INFO: Run Behavior\BuildLiteBehavior [ RunTime:0.000009s ]
INFO: [ app_init ] --END-- [ RunTime:0.000243s ]
ERR: 无法加载模块:POST_ip_port

[ 2016-01-05T08:42:03+08:00 ] 61.147.70.111 /POST_ip_port.php
INFO: [ app_init ] --START--
INFO: Run Behavior\BuildLiteBehavior [ RunTime:0.000009s ]
INFO: [ app_init ] --END-- [ RunTime:0.000217s ]
ERR: 无法加载模块:POST_ip_port

[ 2016-01-05T08:50:38+08:00 ] 222.186.30.211 /POST_ip_port.php
INFO: [ app_init ] --START--
INFO: Run Behavior\BuildLiteBehavior [ RunTime:0.000009s ]
INFO: [ app_init ] --END-- [ RunTime:0.000223s ]
ERR: 无法加载模块:POST_ip_port

[ 2016-01-05T08:50:39+08:00 ] 222.186.30.211 /POST_ip_port.php
INFO: [ app_init ] --START--
INFO: Run Behavior\BuildLiteBehavior [ RunTime:0.000009s ]
INFO: [ app_init ] --END-- [ RunTime:0.000219s ]
ERR: 无法加载模块:POST_ip_port

[ 2016-01-05T08:52:11+08:00 ] 115.230.124.164 /cgi-bin/common/attr?id=260714&r=0.8130149088335908
INFO: [ app_init ] --START--
INFO: Run Behavior\BuildLiteBehavior [ RunTime:0.000010s ]
INFO: [ app_init ] --END-- [ RunTime:0.000232s ]
ERR: 无法加载模块:Cgi-bin

[ 2016-01-05T08:56:15+08:00 ] 61.147.70.111 /POST_ip_port.php
INFO: [ app_init ] --START--
INFO: Run Behavior\BuildLiteBehavior [ RunTime:0.000009s ]
INFO: [ app_init ] --END-- [ RunTime:0.000218s ]
ERR: 无法加载模块:POST_ip_port

[ 2016-01-05T09:32:16+08:00 ] 61.147.70.111 /POST_ip_port.php
INFO: [ app_init ] --START--
INFO: Run Behavior\BuildLiteBehavior [ RunTime:0.000010s ]
INFO: [ app_init ] --END-- [ RunTime:0.000240s ]
ERR: 无法加载模块:POST_ip_port

[ 2016-01-05T09:49:46+08:00 ] 61.147.70.111 /POST_ip_port.php
INFO: [ app_init ] --START--
INFO: Run Behavior\BuildLiteBehavior [ RunTime:0.000009s ]
INFO: [ app_init ] --END-- [ RunTime:0.000218s ]
ERR: 无法加载模块:POST_ip_port

[ 2016-01-05T09:58:30+08:00 ] 61.147.70.111 /POST_ip_port.php
INFO: [ app_init ] --START--
INFO: Run Behavior\BuildLiteBehavior [ RunTime:0.000009s ]
INFO: [ app_init ] --END-- [ RunTime:0.000226s ]
ERR: 无法加载模块:POST_ip_port

[ 2016-01-05T10:10:25+08:00 ] 115.230.124.164 /cgi-bin/common/attr?id=260714&r=0.5580300935389701
INFO: [ app_init ] --START--
INFO: Run Behavior\BuildLiteBehavior [ RunTime:0.000010s ]
INFO: [ app_init ] --END-- [ RunTime:0.000242s ]
ERR: 无法加载模块:Cgi-bin

[ 2016-01-05T10:16:58+08:00 ] 61.147.70.111 /POST_ip_port.php
INFO: [ app_init ] --START--
INFO: Run Behavior\BuildLiteBehavior [ RunTime:0.000010s ]
INFO: [ app_init ] --END-- [ RunTime:0.000217s ]
ERR: 无法加载模块:POST_ip_port

[ 2016-01-05T10:31:22+08:00 ] 61.147.70.111 /POST_ip_port.php
INFO: [ app_init ] --START--
INFO: Run Behavior\BuildLiteBehavior [ RunTime:0.000009s ]
INFO: [ app_init ] --END-- [ RunTime:0.000218s ]
ERR: 无法加载模块:POST_ip_port

[ 2016-01-05T10:31:33+08:00 ] 222.186.30.211 /POST_ip_port.php
INFO: [ app_init ] --START--
INFO: Run Behavior\BuildLiteBehavior [ RunTime:0.000013s ]
INFO: [ app_init ] --END-- [ RunTime:0.000235s ]
ERR: 无法加载模块:POST_ip_port

[ 2016-01-05T11:17:14+08:00 ] 222.85.32.184 /CDNDownUrlConfig/SoftCdnDownUrl.txt
INFO: [ app_init ] --START--
INFO: Run Behavior\BuildLiteBehavior [ RunTime:0.000010s ]
INFO: [ app_init ] --END-- [ RunTime:0.000231s ]
ERR: 无法加载模块:CDNDownUrlConfig

[ 2016-01-05T11:17:15+08:00 ] 222.85.32.184 /SoftConfigFile/DLLBlackList.txt
INFO: [ app_init ] --START--
INFO: Run Behavior\BuildLiteBehavior [ RunTime:0.000021s ]
INFO: [ app_init ] --END-- [ RunTime:0.000269s ]
ERR: 无法加载模块:SoftConfigFile

[ 2016-01-05T11:17:24+08:00 ] 222.85.32.184 /iplistv2.html
INFO: [ app_init ] --START--
INFO: Run Behavior\BuildLiteBehavior [ RunTime:0.000010s ]
INFO: [ app_init ] --END-- [ RunTime:0.000216s ]
ERR: 无法加载模块:Iplistv2

[ 2016-01-05T11:17:25+08:00 ] 222.85.32.184 /iplistv2.html
INFO: [ app_init ] --START--
INFO: Run Behavior\BuildLiteBehavior [ RunTime:0.000008s ]
INFO: [ app_init ] --END-- [ RunTime:0.000221s ]
ERR: 无法加载模块:Iplistv2

[ 2016-01-05T11:17:25+08:00 ] 222.85.32.184 /Interface/ScriptGateway.aspx?qms=0000988CD5BD1CBAC27021A8DAE05DAA6A598F24D35B3313F6D561A017FAB129F82A8643D9F1D8E3D1779B5B8808817CE8E3CB593FC97CAA7913409B077F9B8E18EC0041
INFO: [ app_init ] --START--
INFO: Run Behavior\BuildLiteBehavior [ RunTime:0.000009s ]
INFO: [ app_init ] --END-- [ RunTime:0.000205s ]
ERR: 无法加载模块:Interface

[ 2016-01-05T11:17:27+08:00 ] 219.133.171.50 /favicon.ico
INFO: [ app_init ] --START--
INFO: Run Behavior\BuildLiteBehavior [ RunTime:0.000009s ]
INFO: [ app_init ] --END-- [ RunTime:0.000220s ]
ERR: 无法加载模块:Favicon

[ 2016-01-05T11:17:27+08:00 ] 222.85.32.184 /Interface/ScriptGateway.aspx?qms=0000988CD5BD1CBAC27021A8DAE05DAA6A598F24D35B3313F6D561A017FAB129F82A8643D9F1D8E3D1779B5B8808817CE8E3CB593FC97CAA7913409B077F9B8E18EC0041
INFO: [ app_init ] --START--
INFO: Run Behavior\BuildLiteBehavior [ RunTime:0.000009s ]
INFO: [ app_init ] --END-- [ RunTime:0.000212s ]
ERR: 无法加载模块:Interface

[ 2016-01-05T11:17:32+08:00 ] 222.85.32.184 /Interface/ScriptGateway.aspx?qms=0000988CD5BD1CBAC27021A8DAE05DAA6A598F24D35B3313F6D561A017FAB129F82A8643D9F1D8E3D1779B5B8808817CE8E3CB593FC97CAA7913409B077F9B8E18EC0041
INFO: [ app_init ] --START--
INFO: Run Behavior\BuildLiteBehavior [ RunTime:0.000008s ]
INFO: [ app_init ] --END-- [ RunTime:0.000207s ]
ERR: 无法加载模块:Interface

[ 2016-01-05T11:17:34+08:00 ] 222.85.32.184 /hm.js?82d5c049236934007371777578c30be1
INFO: [ app_init ] --START--
INFO: Run Behavior\BuildLiteBehavior [ RunTime:0.000010s ]
INFO: [ app_init ] --END-- [ RunTime:0.000216s ]
ERR: 无法加载模块:Hm

[ 2016-01-05T11:17:34+08:00 ] 222.85.32.184 /hm.gif?cc=1&ck=1&cl=24-bit&ds=1440x900&et=0&ja=1&ln=zh-CN&lo=0&lt=1451963857&nv=1&rnd=97064994&si=82d5c049236934007371777578c30be1&st=1&v=&lv=2
INFO: [ app_init ] --START--
INFO: Run Behavior\BuildLiteBehavior [ RunTime:0.000008s ]
INFO: [ app_init ] --END-- [ RunTime:0.000214s ]
ERR: 无法加载模块:Hm

[ 2016-01-05T11:17:34+08:00 ] 222.85.32.184 /hm.gif?cc=1&ck=1&cl=24-bit&ds=1440x900&ep=2000,100&et=3&ja=1&ln=zh-CN&lo=0&lt=1451963857&nv=0&rnd=1217938941&si=82d5c049236934007371777578c30be1&st=4&v=&lv=2
INFO: [ app_init ] --START--
INFO: Run Behavior\BuildLiteBehavior [ RunTime:0.000009s ]
INFO: [ app_init ] --END-- [ RunTime:0.000210s ]
ERR: 无法加载模块:Hm

[ 2016-01-05T11:20:46+08:00 ] 120.216.181.26 /SoftConfigFile/DLLBlackList.txt
INFO: [ app_init ] --START--
INFO: Run Behavior\BuildLiteBehavior [ RunTime:0.000010s ]
INFO: [ app_init ] --END-- [ RunTime:0.000241s ]
ERR: 无法加载模块:SoftConfigFile

[ 2016-01-05T11:20:51+08:00 ] 120.216.181.26 /iplistv2.html
INFO: [ app_init ] --START--
INFO: Run Behavior\BuildLiteBehavior [ RunTime:0.000010s ]
INFO: [ app_init ] --END-- [ RunTime:0.000240s ]
ERR: 无法加载模块:Iplistv2

[ 2016-01-05T11:20:52+08:00 ] 120.216.181.26 /iplistv2.html
INFO: [ app_init ] --START--
INFO: Run Behavior\BuildLiteBehavior [ RunTime:0.000010s ]
INFO: [ app_init ] --END-- [ RunTime:0.000239s ]
ERR: 无法加载模块:Iplistv2

[ 2016-01-05T11:20:52+08:00 ] 120.216.181.26 /Interface/ScriptGateway.aspx?qms=0000988CD5BD1CBAC27021A8DAE05DAA6A598F24D35B3313F6D561A017FAB129F82A8643D9F1D8E3D1779B5B8808817CE8E3CB593FC97CAA7913409B077F9B8E18EC0041
INFO: [ app_init ] --START--
INFO: Run Behavior\BuildLiteBehavior [ RunTime:0.000009s ]
INFO: [ app_init ] --END-- [ RunTime:0.000213s ]
ERR: 无法加载模块:Interface

[ 2016-01-05T11:20:55+08:00 ] 120.216.181.26 /Interface/ScriptGateway.aspx?qms=0000988CD5BD1CBAC27021A8DAE05DAA6A598F24D35B3313F6D561A017FAB129F82A8643D9F1D8E3D1779B5B8808817CE8E3CB593FC97CAA7913409B077F9B8E18EC0041
INFO: [ app_init ] --START--
INFO: Run Behavior\BuildLiteBehavior [ RunTime:0.000010s ]
INFO: [ app_init ] --END-- [ RunTime:0.000222s ]
ERR: 无法加载模块:Interface

[ 2016-01-05T11:21:00+08:00 ] 120.216.181.26 /Interface/ScriptGateway.aspx?qms=0000988CD5BD1CBAC27021A8DAE05DAA6A598F24D35B3313F6D561A017FAB129F82A8643D9F1D8E3D1779B5B8808817CE8E3CB593FC97CAA7913409B077F9B8E18EC0041
INFO: [ app_init ] --START--
INFO: Run Behavior\BuildLiteBehavior [ RunTime:0.000009s ]
INFO: [ app_init ] --END-- [ RunTime:0.000214s ]
ERR: 无法加载模块:Interface

[ 2016-01-05T11:21:00+08:00 ] 120.216.181.26 /hm.js?82d5c049236934007371777578c30be1
INFO: [ app_init ] --START--
INFO: Run Behavior\BuildLiteBehavior [ RunTime:0.000009s ]
INFO: [ app_init ] --END-- [ RunTime:0.000214s ]
ERR: 无法加载模块:Hm

[ 2016-01-05T11:21:00+08:00 ] 120.216.181.26 /hm.gif?cc=1&ck=1&cl=24-bit&ds=1440x900&et=0&ja=1&ln=zh-CN&lo=0&lt=1451964060&nv=1&rnd=1357847225&si=82d5c049236934007371777578c30be1&st=1&v=&lv=2
INFO: [ app_init ] --START--
INFO: Run Behavior\BuildLiteBehavior [ RunTime:0.000010s ]
INFO: [ app_init ] --END-- [ RunTime:0.000218s ]
ERR: 无法加载模块:Hm

[ 2016-01-05T11:21:00+08:00 ] 120.216.181.26 /hm.gif?cc=1&ck=1&cl=24-bit&ds=1440x900&ep=2000,100&et=3&ja=1&ln=zh-CN&lo=0&lt=1451964060&nv=0&rnd=1376590776&si=82d5c049236934007371777578c30be1&st=4&v=&lv=2
INFO: [ app_init ] --START--
INFO: Run Behavior\BuildLiteBehavior [ RunTime:0.000008s ]
INFO: [ app_init ] --END-- [ RunTime:0.000210s ]
ERR: 无法加载模块:Hm

[ 2016-01-05T11:24:28+08:00 ] 222.186.30.211 /POST_ip_port.php
INFO: [ app_init ] --START--
INFO: Run Behavior\BuildLiteBehavior [ RunTime:0.000010s ]
INFO: [ app_init ] --END-- [ RunTime:0.000232s ]
ERR: 无法加载模块:POST_ip_port

[ 2016-01-05T11:28:47+08:00 ] 115.230.124.164 /cgi-bin/common/attr?id=260714&r=0.3268936565619895
INFO: [ app_init ] --START--
INFO: Run Behavior\BuildLiteBehavior [ RunTime:0.000011s ]
INFO: [ app_init ] --END-- [ RunTime:0.000226s ]
ERR: 无法加载模块:Cgi-bin

[ 2016-01-05T11:35:45+08:00 ] 23.251.43.89 /index.html
INFO: [ app_init ] --START--
INFO: Run Behavior\BuildLiteBehavior [ RunTime:0.000010s ]
INFO: [ app_init ] --END-- [ RunTime:0.000222s ]
ERR: 无法加载模块:Index

[ 2016-01-05T11:59:37+08:00 ] 219.133.171.50 /Public/admin/js/lib/angular.min.js
INFO: [ app_init ] --START--
INFO: Run Behavior\BuildLiteBehavior [ RunTime:0.000010s ]
INFO: [ app_init ] --END-- [ RunTime:0.000218s ]
ERR: 无法加载模块:Public

[ 2016-01-05T11:59:41+08:00 ] 219.133.171.50 /Public/admin/js/lib/angular.min.js
INFO: [ app_init ] --START--
INFO: Run Behavior\BuildLiteBehavior [ RunTime:0.000008s ]
INFO: [ app_init ] --END-- [ RunTime:0.000235s ]
ERR: 无法加载模块:Public

[ 2016-01-05T11:59:44+08:00 ] 219.133.171.50 /Public/admin/js/lib/angular.min.js
INFO: [ app_init ] --START--
INFO: Run Behavior\BuildLiteBehavior [ RunTime:0.000009s ]
INFO: [ app_init ] --END-- [ RunTime:0.000215s ]
ERR: 无法加载模块:Public

[ 2016-01-05T12:00:41+08:00 ] 219.133.171.50 /Public/admin/js/lib/angular.min.js.map
INFO: [ app_init ] --START--
INFO: Run Behavior\BuildLiteBehavior [ RunTime:0.000010s ]
INFO: [ app_init ] --END-- [ RunTime:0.000235s ]
ERR: 无法加载模块:Public

[ 2016-01-05T12:03:30+08:00 ] 219.133.171.50 /Public/admin/js/lib/angular.min.js.map
INFO: [ app_init ] --START--
INFO: Run Behavior\BuildLiteBehavior [ RunTime:0.000011s ]
INFO: [ app_init ] --END-- [ RunTime:0.000232s ]
ERR: 无法加载模块:Public

[ 2016-01-05T12:05:10+08:00 ] 61.147.70.111 /POST_ip_port.php
INFO: [ app_init ] --START--
INFO: Run Behavior\BuildLiteBehavior [ RunTime:0.000032s ]
INFO: [ app_init ] --END-- [ RunTime:0.000270s ]
ERR: 无法加载模块:POST_ip_port

[ 2016-01-05T12:05:20+08:00 ] 61.147.70.111 /POST_ip_port.php
INFO: [ app_init ] --START--
INFO: Run Behavior\BuildLiteBehavior [ RunTime:0.000010s ]
INFO: [ app_init ] --END-- [ RunTime:0.000242s ]
ERR: 无法加载模块:POST_ip_port

[ 2016-01-05T12:11:51+08:00 ] 219.133.171.50 /Public/admin/js/lib/angular.min.js.map
INFO: [ app_init ] --START--
INFO: Run Behavior\BuildLiteBehavior [ RunTime:0.000010s ]
INFO: [ app_init ] --END-- [ RunTime:0.000228s ]
ERR: 无法加载模块:Public

[ 2016-01-05T12:46:41+08:00 ] 219.133.171.50 /Public/admin/croppic/assets/js/jquery.mousewheel.min.js
INFO: [ app_init ] --START--
INFO: Run Behavior\BuildLiteBehavior [ RunTime:0.000010s ]
INFO: [ app_init ] --END-- [ RunTime:0.000238s ]
ERR: 无法加载模块:Public

[ 2016-01-05T12:46:41+08:00 ] 219.133.171.50 /Public/admin/croppic/assets/js/bootstrap.min.js
INFO: [ app_init ] --START--
INFO: Run Behavior\BuildLiteBehavior [ RunTime:0.000008s ]
INFO: [ app_init ] --END-- [ RunTime:0.000211s ]
ERR: 无法加载模块:Public

[ 2016-01-05T12:46:41+08:00 ] 219.133.171.50 /Public/admin/croppic/croppic.min.js
INFO: [ app_init ] --START--
INFO: Run Behavior\BuildLiteBehavior [ RunTime:0.000012s ]
INFO: [ app_init ] --END-- [ RunTime:0.000219s ]
ERR: 无法加载模块:Public

[ 2016-01-05T12:46:41+08:00 ] 219.133.171.50 /Public/admin/js/lib/angular.min.js.map
INFO: [ app_init ] --START--
INFO: Run Behavior\BuildLiteBehavior [ RunTime:0.000009s ]
INFO: [ app_init ] --END-- [ RunTime:0.000223s ]
ERR: 无法加载模块:Public

[ 2016-01-05T12:46:57+08:00 ] 219.133.171.50 /Public/admin/js/lib/angular.min.js.map
INFO: [ app_init ] --START--
INFO: Run Behavior\BuildLiteBehavior [ RunTime:0.000009s ]
INFO: [ app_init ] --END-- [ RunTime:0.000222s ]
ERR: 无法加载模块:Public

[ 2016-01-05T12:47:06+08:00 ] 219.133.171.50 /Public/admin/js/lib/angular.min.js.map
INFO: [ app_init ] --START--
INFO: Run Behavior\BuildLiteBehavior [ RunTime:0.000010s ]
INFO: [ app_init ] --END-- [ RunTime:0.000214s ]
ERR: 无法加载模块:Public

[ 2016-01-05T12:48:31+08:00 ] 219.133.171.50 /Public/admin/js/lib/angular.min.js.map
INFO: [ app_init ] --START--
INFO: Run Behavior\BuildLiteBehavior [ RunTime:0.000011s ]
INFO: [ app_init ] --END-- [ RunTime:0.000263s ]
ERR: 无法加载模块:Public

[ 2016-01-05T12:49:08+08:00 ] 64.246.165.190 /robots.txt
INFO: [ app_init ] --START--
INFO: Run Behavior\BuildLiteBehavior [ RunTime:0.000010s ]
INFO: [ app_init ] --END-- [ RunTime:0.000222s ]
ERR: 无法加载模块:Robots

[ 2016-01-05T12:49:20+08:00 ] 219.133.171.50 /Public/admin/js/lib/angular.min.js.map
INFO: [ app_init ] --START--
INFO: Run Behavior\BuildLiteBehavior [ RunTime:0.000009s ]
INFO: [ app_init ] --END-- [ RunTime:0.000214s ]
ERR: 无法加载模块:Public

[ 2016-01-05T12:49:49+08:00 ] 219.133.171.50 /Public/admin/js/lib/angular.min.js.map
INFO: [ app_init ] --START--
INFO: Run Behavior\BuildLiteBehavior [ RunTime:0.000009s ]
INFO: [ app_init ] --END-- [ RunTime:0.000214s ]
ERR: 无法加载模块:Public

[ 2016-01-05T12:50:41+08:00 ] 219.133.171.50 /Public/admin/js/lib/angular.min.js.map
INFO: [ app_init ] --START--
INFO: Run Behavior\BuildLiteBehavior [ RunTime:0.000010s ]
INFO: [ app_init ] --END-- [ RunTime:0.000220s ]
ERR: 无法加载模块:Public

[ 2016-01-05T12:50:59+08:00 ] 219.133.171.50 /Public/admin/js/lib/angular.min.js.map
INFO: [ app_init ] --START--
INFO: Run Behavior\BuildLiteBehavior [ RunTime:0.000009s ]
INFO: [ app_init ] --END-- [ RunTime:0.000215s ]
ERR: 无法加载模块:Public

[ 2016-01-05T12:52:58+08:00 ] 219.133.171.50 /Public/admin/js/lib/angular.min.js.map
INFO: [ app_init ] --START--
INFO: Run Behavior\BuildLiteBehavior [ RunTime:0.000010s ]
INFO: [ app_init ] --END-- [ RunTime:0.000214s ]
ERR: 无法加载模块:Public

[ 2016-01-05T12:53:13+08:00 ] 219.133.171.50 /Public/admin/js/lib/angular.min.js.map
INFO: [ app_init ] --START--
INFO: Run Behavior\BuildLiteBehavior [ RunTime:0.000009s ]
INFO: [ app_init ] --END-- [ RunTime:0.000224s ]
ERR: 无法加载模块:Public

[ 2016-01-05T12:54:07+08:00 ] 219.133.171.50 /Public/admin/js/lib/angular.min.js.map
INFO: [ app_init ] --START--
INFO: Run Behavior\BuildLiteBehavior [ RunTime:0.000009s ]
INFO: [ app_init ] --END-- [ RunTime:0.000214s ]
ERR: 无法加载模块:Public

[ 2016-01-05T12:55:44+08:00 ] 219.133.171.50 /Public/admin/js/lib/angular.min.js.map
INFO: [ app_init ] --START--
INFO: Run Behavior\BuildLiteBehavior [ RunTime:0.000009s ]
INFO: [ app_init ] --END-- [ RunTime:0.000219s ]
ERR: 无法加载模块:Public

[ 2016-01-05T12:57:35+08:00 ] 61.147.70.111 /POST_ip_port.php
INFO: [ app_init ] --START--
INFO: Run Behavior\BuildLiteBehavior [ RunTime:0.000009s ]
INFO: [ app_init ] --END-- [ RunTime:0.000225s ]
ERR: 无法加载模块:POST_ip_port

[ 2016-01-05T12:57:50+08:00 ] 219.133.171.50 /Public/admin/js/lib/angular.min.js.map
INFO: [ app_init ] --START--
INFO: Run Behavior\BuildLiteBehavior [ RunTime:0.000010s ]
INFO: [ app_init ] --END-- [ RunTime:0.000222s ]
ERR: 无法加载模块:Public

[ 2016-01-05T12:58:16+08:00 ] 219.133.171.50 /Public/admin/js/lib/angular.min.js.map
INFO: [ app_init ] --START--
INFO: Run Behavior\BuildLiteBehavior [ RunTime:0.000009s ]
INFO: [ app_init ] --END-- [ RunTime:0.000212s ]
ERR: 无法加载模块:Public

[ 2016-01-05T12:58:33+08:00 ] 219.133.171.50 /Public/admin/js/lib/angular.min.js.map
INFO: [ app_init ] --START--
INFO: Run Behavior\BuildLiteBehavior [ RunTime:0.000018s ]
INFO: [ app_init ] --END-- [ RunTime:0.000225s ]
ERR: 无法加载模块:Public

[ 2016-01-05T13:00:38+08:00 ] 219.133.171.50 /Public/admin/js/lib/angular.min.js.map
INFO: [ app_init ] --START--
INFO: Run Behavior\BuildLiteBehavior [ RunTime:0.000010s ]
INFO: [ app_init ] --END-- [ RunTime:0.000236s ]
ERR: 无法加载模块:Public

[ 2016-01-05T13:01:20+08:00 ] 219.133.171.50 /Public/admin/js/lib/angular.min.js.map
INFO: [ app_init ] --START--
INFO: Run Behavior\BuildLiteBehavior [ RunTime:0.000010s ]
INFO: [ app_init ] --END-- [ RunTime:0.000214s ]
ERR: 无法加载模块:Public

[ 2016-01-05T13:02:21+08:00 ] 222.186.30.211 /POST_ip_port.php
INFO: [ app_init ] --START--
INFO: Run Behavior\BuildLiteBehavior [ RunTime:0.000010s ]
INFO: [ app_init ] --END-- [ RunTime:0.000216s ]
ERR: 无法加载模块:POST_ip_port

[ 2016-01-05T13:02:51+08:00 ] 219.133.171.50 /Public/admin/js/lib/angular.min.js.map
INFO: [ app_init ] --START--
INFO: Run Behavior\BuildLiteBehavior [ RunTime:0.000009s ]
INFO: [ app_init ] --END-- [ RunTime:0.000215s ]
ERR: 无法加载模块:Public

[ 2016-01-05T13:18:17+08:00 ] 61.147.70.111 /POST_ip_port.php
INFO: [ app_init ] --START--
INFO: Run Behavior\BuildLiteBehavior [ RunTime:0.000009s ]
INFO: [ app_init ] --END-- [ RunTime:0.000240s ]
ERR: 无法加载模块:POST_ip_port

[ 2016-01-05T13:18:27+08:00 ] 222.186.30.211 /POST_ip_port.php
INFO: [ app_init ] --START--
INFO: Run Behavior\BuildLiteBehavior [ RunTime:0.000009s ]
INFO: [ app_init ] --END-- [ RunTime:0.000216s ]
ERR: 无法加载模块:POST_ip_port

[ 2016-01-05T13:26:10+08:00 ] 128.250.0.101 /favicon.ico
INFO: [ app_init ] --START--
INFO: Run Behavior\BuildLiteBehavior [ RunTime:0.000010s ]
INFO: [ app_init ] --END-- [ RunTime:0.000215s ]
ERR: 无法加载模块:Favicon

[ 2016-01-05T13:26:49+08:00 ] 128.250.0.101 /index.html
INFO: [ app_init ] --START--
INFO: Run Behavior\BuildLiteBehavior [ RunTime:0.000010s ]
INFO: [ app_init ] --END-- [ RunTime:0.000218s ]
ERR: 无法加载模块:Index

[ 2016-01-05T14:07:43+08:00 ] 61.147.70.111 /POST_ip_port.php
INFO: [ app_init ] --START--
INFO: Run Behavior\BuildLiteBehavior [ RunTime:0.000010s ]
INFO: [ app_init ] --END-- [ RunTime:0.000218s ]
ERR: 无法加载模块:POST_ip_port

[ 2016-01-05T14:40:50+08:00 ] 220.181.108.112 /index.html
INFO: [ app_init ] --START--
INFO: Run Behavior\BuildLiteBehavior [ RunTime:0.000023s ]
INFO: [ app_init ] --END-- [ RunTime:0.000231s ]
ERR: 无法加载模块:Index

[ 2016-01-05T14:44:58+08:00 ] 222.186.30.211 /POST_ip_port.php
INFO: [ app_init ] --START--
INFO: Run Behavior\BuildLiteBehavior [ RunTime:0.000010s ]
INFO: [ app_init ] --END-- [ RunTime:0.000218s ]
ERR: 无法加载模块:POST_ip_port

[ 2016-01-05T14:45:14+08:00 ] 61.147.70.111 /POST_ip_port.php
INFO: [ app_init ] --START--
INFO: Run Behavior\BuildLiteBehavior [ RunTime:0.000010s ]
INFO: [ app_init ] --END-- [ RunTime:0.000240s ]
ERR: 无法加载模块:POST_ip_port

[ 2016-01-05T15:17:43+08:00 ] 61.147.70.111 /POST_ip_port.php
INFO: [ app_init ] --START--
INFO: Run Behavior\BuildLiteBehavior [ RunTime:0.000009s ]
INFO: [ app_init ] --END-- [ RunTime:0.000215s ]
ERR: 无法加载模块:POST_ip_port

[ 2016-01-05T15:49:21+08:00 ] 61.147.70.111 /POST_ip_port.php
INFO: [ app_init ] --START--
INFO: Run Behavior\BuildLiteBehavior [ RunTime:0.000010s ]
INFO: [ app_init ] --END-- [ RunTime:0.000217s ]
ERR: 无法加载模块:POST_ip_port

[ 2016-01-05T15:53:30+08:00 ] 61.147.70.111 /POST_ip_port.php
INFO: [ app_init ] --START--
INFO: Run Behavior\BuildLiteBehavior [ RunTime:0.000010s ]
INFO: [ app_init ] --END-- [ RunTime:0.000225s ]
ERR: 无法加载模块:POST_ip_port

[ 2016-01-05T15:53:46+08:00 ] 61.147.70.111 /POST_ip_port.php
INFO: [ app_init ] --START--
INFO: Run Behavior\BuildLiteBehavior [ RunTime:0.000009s ]
INFO: [ app_init ] --END-- [ RunTime:0.000218s ]
ERR: 无法加载模块:POST_ip_port

[ 2016-01-05T16:07:19+08:00 ] 222.186.30.211 /POST_ip_port.php
INFO: [ app_init ] --START--
INFO: Run Behavior\BuildLiteBehavior [ RunTime:0.000010s ]
INFO: [ app_init ] --END-- [ RunTime:0.000215s ]
ERR: 无法加载模块:POST_ip_port

[ 2016-01-05T16:18:38+08:00 ] 61.147.70.111 /POST_ip_port.php
INFO: [ app_init ] --START--
INFO: Run Behavior\BuildLiteBehavior [ RunTime:0.000010s ]
INFO: [ app_init ] --END-- [ RunTime:0.000243s ]
ERR: 无法加载模块:POST_ip_port

[ 2016-01-05T16:31:45+08:00 ] 61.147.70.111 /POST_ip_port.php
INFO: [ app_init ] --START--
INFO: Run Behavior\BuildLiteBehavior [ RunTime:0.000011s ]
INFO: [ app_init ] --END-- [ RunTime:0.000241s ]
ERR: 无法加载模块:POST_ip_port

[ 2016-01-05T16:32:18+08:00 ] 222.186.30.211 /POST_ip_port.php
INFO: [ app_init ] --START--
INFO: Run Behavior\BuildLiteBehavior [ RunTime:0.000010s ]
INFO: [ app_init ] --END-- [ RunTime:0.000228s ]
ERR: 无法加载模块:POST_ip_port

[ 2016-01-05T16:47:22+08:00 ] 61.147.70.111 /POST_ip_port.php
INFO: [ app_init ] --START--
INFO: Run Behavior\BuildLiteBehavior [ RunTime:0.000010s ]
INFO: [ app_init ] --END-- [ RunTime:0.000239s ]
ERR: 无法加载模块:POST_ip_port

[ 2016-01-05T17:11:34+08:00 ] 219.133.171.50 /favicon.ico
INFO: [ app_init ] --START--
INFO: Run Behavior\BuildLiteBehavior [ RunTime:0.000009s ]
INFO: [ app_init ] --END-- [ RunTime:0.000216s ]
ERR: 无法加载模块:Favicon

[ 2016-01-05T17:12:30+08:00 ] 219.133.171.50 /Public/admin/js/lib/angular.min.js.map
INFO: [ app_init ] --START--
INFO: Run Behavior\BuildLiteBehavior [ RunTime:0.000009s ]
INFO: [ app_init ] --END-- [ RunTime:0.000237s ]
ERR: 无法加载模块:Public

[ 2016-01-05T17:13:16+08:00 ] 61.147.70.111 /POST_ip_port.php
INFO: [ app_init ] --START--
INFO: Run Behavior\BuildLiteBehavior [ RunTime:0.000010s ]
INFO: [ app_init ] --END-- [ RunTime:0.000228s ]
ERR: 无法加载模块:POST_ip_port

[ 2016-01-05T17:14:04+08:00 ] 222.186.30.211 /POST_ip_port.php
INFO: [ app_init ] --START--
INFO: Run Behavior\BuildLiteBehavior [ RunTime:0.000010s ]
INFO: [ app_init ] --END-- [ RunTime:0.000217s ]
ERR: 无法加载模块:POST_ip_port

[ 2016-01-05T17:15:36+08:00 ] 202.96.177.3 /Public/admin/js/lib/angular.min.js.map
INFO: [ app_init ] --START--
INFO: Run Behavior\BuildLiteBehavior [ RunTime:0.000010s ]
INFO: [ app_init ] --END-- [ RunTime:0.000247s ]
ERR: 无法加载模块:Public

[ 2016-01-05T17:17:44+08:00 ] 202.96.177.3 /Public/admin/js/lib/angular.min.js.map
INFO: [ app_init ] --START--
INFO: Run Behavior\BuildLiteBehavior [ RunTime:0.000009s ]
INFO: [ app_init ] --END-- [ RunTime:0.000219s ]
ERR: 无法加载模块:Public

[ 2016-01-05T17:19:54+08:00 ] 202.96.177.3 /Public/admin/js/lib/angular.min.js.map
INFO: [ app_init ] --START--
INFO: Run Behavior\BuildLiteBehavior [ RunTime:0.000010s ]
INFO: [ app_init ] --END-- [ RunTime:0.000222s ]
ERR: 无法加载模块:Public

[ 2016-01-05T17:22:42+08:00 ] 202.96.177.3 /Public/admin/js/lib/angular.min.js.map
INFO: [ app_init ] --START--
INFO: Run Behavior\BuildLiteBehavior [ RunTime:0.000017s ]
INFO: [ app_init ] --END-- [ RunTime:0.000235s ]
ERR: 无法加载模块:Public

[ 2016-01-05T17:23:01+08:00 ] 202.96.177.3 /Public/admin/js/lib/angular.min.js.map
INFO: [ app_init ] --START--
INFO: Run Behavior\BuildLiteBehavior [ RunTime:0.000009s ]
INFO: [ app_init ] --END-- [ RunTime:0.000218s ]
ERR: 无法加载模块:Public

[ 2016-01-05T17:24:21+08:00 ] 219.133.171.50 /Public/admin/js/lib/angular.min.js.map
INFO: [ app_init ] --START--
INFO: Run Behavior\BuildLiteBehavior [ RunTime:0.000010s ]
INFO: [ app_init ] --END-- [ RunTime:0.000232s ]
ERR: 无法加载模块:Public

[ 2016-01-05T17:40:22+08:00 ] 222.186.30.211 /POST_ip_port.php
INFO: [ app_init ] --START--
INFO: Run Behavior\BuildLiteBehavior [ RunTime:0.000009s ]
INFO: [ app_init ] --END-- [ RunTime:0.000224s ]
ERR: 无法加载模块:POST_ip_port

[ 2016-01-05T17:40:56+08:00 ] 61.147.70.111 /POST_ip_port.php
INFO: [ app_init ] --START--
INFO: Run Behavior\BuildLiteBehavior [ RunTime:0.000010s ]
INFO: [ app_init ] --END-- [ RunTime:0.000230s ]
ERR: 无法加载模块:POST_ip_port

[ 2016-01-05T17:42:27+08:00 ] 219.133.171.50 /Public/admin/js/lib/angular.min.js.map
INFO: [ app_init ] --START--
INFO: Run Behavior\BuildLiteBehavior [ RunTime:0.000025s ]
INFO: [ app_init ] --END-- [ RunTime:0.000227s ]
ERR: 无法加载模块:Public

[ 2016-01-05T17:59:27+08:00 ] 222.186.30.211 /POST_ip_port.php
INFO: [ app_init ] --START--
INFO: Run Behavior\BuildLiteBehavior [ RunTime:0.000009s ]
INFO: [ app_init ] --END-- [ RunTime:0.000245s ]
ERR: 无法加载模块:POST_ip_port

[ 2016-01-05T18:15:10+08:00 ] 216.189.149.16 /img/baidu_jgylogo1.gif
INFO: [ app_init ] --START--
INFO: Run Behavior\BuildLiteBehavior [ RunTime:0.000009s ]
INFO: [ app_init ] --END-- [ RunTime:0.000226s ]
ERR: 无法加载模块:Img

[ 2016-01-05T18:27:51+08:00 ] 222.186.30.211 /POST_ip_port.php
INFO: [ app_init ] --START--
INFO: Run Behavior\BuildLiteBehavior [ RunTime:0.000010s ]
INFO: [ app_init ] --END-- [ RunTime:0.000276s ]
ERR: 无法加载模块:POST_ip_port

[ 2016-01-05T19:07:47+08:00 ] 61.147.70.111 /POST_ip_port.php
INFO: [ app_init ] --START--
INFO: Run Behavior\BuildLiteBehavior [ RunTime:0.000009s ]
INFO: [ app_init ] --END-- [ RunTime:0.000221s ]
ERR: 无法加载模块:POST_ip_port

[ 2016-01-05T19:22:20+08:00 ] 61.147.70.111 /POST_ip_port.php
INFO: [ app_init ] --START--
INFO: Run Behavior\BuildLiteBehavior [ RunTime:0.000010s ]
INFO: [ app_init ] --END-- [ RunTime:0.000243s ]
ERR: 无法加载模块:POST_ip_port

[ 2016-01-05T19:56:09+08:00 ] 222.186.30.211 /POST_ip_port.php
INFO: [ app_init ] --START--
INFO: Run Behavior\BuildLiteBehavior [ RunTime:0.000010s ]
INFO: [ app_init ] --END-- [ RunTime:0.000244s ]
ERR: 无法加载模块:POST_ip_port

[ 2016-01-05T20:33:05+08:00 ] 115.230.124.164 /cgi-bin/common/attr?id=260714&r=0.5805365925963925
INFO: [ app_init ] --START--
INFO: Run Behavior\BuildLiteBehavior [ RunTime:0.000010s ]
INFO: [ app_init ] --END-- [ RunTime:0.000219s ]
ERR: 无法加载模块:Cgi-bin

[ 2016-01-05T20:40:13+08:00 ] 222.186.30.211 /POST_ip_port.php
INFO: [ app_init ] --START--
INFO: Run Behavior\BuildLiteBehavior [ RunTime:0.000010s ]
INFO: [ app_init ] --END-- [ RunTime:0.000235s ]
ERR: 无法加载模块:POST_ip_port

[ 2016-01-05T20:40:13+08:00 ] 222.186.30.211 /POST_ip_port.php
INFO: [ app_init ] --START--
INFO: Run Behavior\BuildLiteBehavior [ RunTime:0.000008s ]
INFO: [ app_init ] --END-- [ RunTime:0.000217s ]
ERR: 无法加载模块:POST_ip_port

[ 2016-01-05T20:41:43+08:00 ] 222.186.30.211 /POST_ip_port.php
INFO: [ app_init ] --START--
INFO: Run Behavior\BuildLiteBehavior [ RunTime:0.000010s ]
INFO: [ app_init ] --END-- [ RunTime:0.000243s ]
ERR: 无法加载模块:POST_ip_port

[ 2016-01-05T22:42:52+08:00 ] 114.60.173.219 /favicon.ico
INFO: [ app_init ] --START--
INFO: Run Behavior\BuildLiteBehavior [ RunTime:0.000010s ]
INFO: [ app_init ] --END-- [ RunTime:0.000230s ]
ERR: 无法加载模块:Favicon

[ 2016-01-05T22:42:55+08:00 ] 114.60.173.219 /favicon.ico
INFO: [ app_init ] --START--
INFO: Run Behavior\BuildLiteBehavior [ RunTime:0.000010s ]
INFO: [ app_init ] --END-- [ RunTime:0.000238s ]
ERR: 无法加载模块:Favicon

[ 2016-01-05T23:05:50+08:00 ] 222.186.30.211 /POST_ip_port.php
INFO: [ app_init ] --START--
INFO: Run Behavior\BuildLiteBehavior [ RunTime:0.000009s ]
INFO: [ app_init ] --END-- [ RunTime:0.000223s ]
ERR: 无法加载模块:POST_ip_port

[ 2016-01-05T23:13:30+08:00 ] 61.147.70.111 /POST_ip_port.php
INFO: [ app_init ] --START--
INFO: Run Behavior\BuildLiteBehavior [ RunTime:0.000010s ]
INFO: [ app_init ] --END-- [ RunTime:0.000266s ]
ERR: 无法加载模块:POST_ip_port

[ 2016-01-05T23:14:12+08:00 ] 222.186.30.211 /POST_ip_port.php
INFO: [ app_init ] --START--
INFO: Run Behavior\BuildLiteBehavior [ RunTime:0.000010s ]
INFO: [ app_init ] --END-- [ RunTime:0.000218s ]
ERR: 无法加载模块:POST_ip_port

[ 2016-01-05T23:21:37+08:00 ] 61.147.70.111 /POST_ip_port.php
INFO: [ app_init ] --START--
INFO: Run Behavior\BuildLiteBehavior [ RunTime:0.000010s ]
INFO: [ app_init ] --END-- [ RunTime:0.000242s ]
ERR: 无法加载模块:POST_ip_port

[ 2016-01-05T23:39:22+08:00 ] 61.147.70.111 /POST_ip_port.php
INFO: [ app_init ] --START--
INFO: Run Behavior\BuildLiteBehavior [ RunTime:0.000010s ]
INFO: [ app_init ] --END-- [ RunTime:0.000220s ]
ERR: 无法加载模块:POST_ip_port

[ 2016-01-05T23:47:29+08:00 ] 61.147.70.111 /POST_ip_port.php
INFO: [ app_init ] --START--
INFO: Run Behavior\BuildLiteBehavior [ RunTime:0.000010s ]
INFO: [ app_init ] --END-- [ RunTime:0.000219s ]
ERR: 无法加载模块:POST_ip_port

