[ 2016-01-13T00:24:33+08:00 ] 127.0.0.1 /admin/api/work/show?wid=194
INFO: [ app_init ] --START--
INFO: Run Behavior\BuildLiteBehavior [ RunTime:0.000025s ]
INFO: [ app_init ] --END-- [ RunTime:0.000518s ]
INFO: [ app_begin ] --START--
INFO: Run Behavior\ReadHtmlCacheBehavior [ RunTime:0.000704s ]
INFO: [ app_begin ] --END-- [ RunTime:0.000790s ]
NOTIC: [2048] Declaration of Admin\Controller\Api\WorkController::show() should be compatible with Think\Controller::show($content, $charset = '', $contentType = '', $prefix = '') /home/simontaosim/aptana_works/liulianxueshe/Application/Admin/Controller/Api/WorkController.class.php 第 87 行.
SQL: SHOW COLUMNS FROM `works` [ RunTime:0.0008s ]
SQL: SELECT * FROM `works` WHERE ( wid='194' ) LIMIT 1   [ RunTime:0.0003s ]

[ 2016-01-13T00:25:33+08:00 ] 127.0.0.1 /admin/api/work/show?wid=193
INFO: [ app_init ] --START--
INFO: Run Behavior\BuildLiteBehavior [ RunTime:0.000016s ]
INFO: [ app_init ] --END-- [ RunTime:0.000313s ]
INFO: [ app_begin ] --START--
INFO: Run Behavior\ReadHtmlCacheBehavior [ RunTime:0.000393s ]
INFO: [ app_begin ] --END-- [ RunTime:0.000438s ]
NOTIC: [2048] Declaration of Admin\Controller\Api\WorkController::show() should be compatible with Think\Controller::show($content, $charset = '', $contentType = '', $prefix = '') /home/simontaosim/aptana_works/liulianxueshe/Application/Admin/Controller/Api/WorkController.class.php 第 87 行.
SQL: SHOW COLUMNS FROM `works` [ RunTime:0.0011s ]
SQL: SELECT * FROM `works` WHERE ( wid='193' ) LIMIT 1   [ RunTime:0.0004s ]

[ 2016-01-13T00:25:59+08:00 ] 127.0.0.1 /admin/api/work/show?wid=192
INFO: [ app_init ] --START--
INFO: Run Behavior\BuildLiteBehavior [ RunTime:0.000031s ]
INFO: [ app_init ] --END-- [ RunTime:0.000560s ]
INFO: [ app_begin ] --START--
INFO: Run Behavior\ReadHtmlCacheBehavior [ RunTime:0.000680s ]
INFO: [ app_begin ] --END-- [ RunTime:0.000765s ]
NOTIC: [2048] Declaration of Admin\Controller\Api\WorkController::show() should be compatible with Think\Controller::show($content, $charset = '', $contentType = '', $prefix = '') /home/simontaosim/aptana_works/liulianxueshe/Application/Admin/Controller/Api/WorkController.class.php 第 87 行.
SQL: SHOW COLUMNS FROM `works` [ RunTime:0.0011s ]
SQL: SELECT * FROM `works` WHERE ( wid='192' ) LIMIT 1   [ RunTime:0.0004s ]

[ 2016-01-13T00:26:08+08:00 ] 127.0.0.1 /admin/api/work/show?wid=179
INFO: [ app_init ] --START--
INFO: Run Behavior\BuildLiteBehavior [ RunTime:0.000024s ]
INFO: [ app_init ] --END-- [ RunTime:0.000559s ]
INFO: [ app_begin ] --START--
INFO: Run Behavior\ReadHtmlCacheBehavior [ RunTime:0.000698s ]
INFO: [ app_begin ] --END-- [ RunTime:0.000794s ]
NOTIC: [2048] Declaration of Admin\Controller\Api\WorkController::show() should be compatible with Think\Controller::show($content, $charset = '', $contentType = '', $prefix = '') /home/simontaosim/aptana_works/liulianxueshe/Application/Admin/Controller/Api/WorkController.class.php 第 87 行.
SQL: SHOW COLUMNS FROM `works` [ RunTime:0.0011s ]
SQL: SELECT * FROM `works` WHERE ( wid='179' ) LIMIT 1   [ RunTime:0.0004s ]

[ 2016-01-13T00:26:15+08:00 ] 127.0.0.1 /admin/api/work/show?wid=151
INFO: [ app_init ] --START--
INFO: Run Behavior\BuildLiteBehavior [ RunTime:0.000024s ]
INFO: [ app_init ] --END-- [ RunTime:0.000528s ]
INFO: [ app_begin ] --START--
INFO: Run Behavior\ReadHtmlCacheBehavior [ RunTime:0.000701s ]
INFO: [ app_begin ] --END-- [ RunTime:0.000796s ]
NOTIC: [2048] Declaration of Admin\Controller\Api\WorkController::show() should be compatible with Think\Controller::show($content, $charset = '', $contentType = '', $prefix = '') /home/simontaosim/aptana_works/liulianxueshe/Application/Admin/Controller/Api/WorkController.class.php 第 87 行.
SQL: SHOW COLUMNS FROM `works` [ RunTime:0.0012s ]
SQL: SELECT * FROM `works` WHERE ( wid='151' ) LIMIT 1   [ RunTime:0.0004s ]

[ 2016-01-13T00:26:22+08:00 ] 127.0.0.1 /admin/api/work/show?wid=139
INFO: [ app_init ] --START--
INFO: Run Behavior\BuildLiteBehavior [ RunTime:0.000024s ]
INFO: [ app_init ] --END-- [ RunTime:0.000512s ]
INFO: [ app_begin ] --START--
INFO: Run Behavior\ReadHtmlCacheBehavior [ RunTime:0.000645s ]
INFO: [ app_begin ] --END-- [ RunTime:0.000724s ]
NOTIC: [2048] Declaration of Admin\Controller\Api\WorkController::show() should be compatible with Think\Controller::show($content, $charset = '', $contentType = '', $prefix = '') /home/simontaosim/aptana_works/liulianxueshe/Application/Admin/Controller/Api/WorkController.class.php 第 87 行.
SQL: SHOW COLUMNS FROM `works` [ RunTime:0.0009s ]
SQL: SELECT * FROM `works` WHERE ( wid='139' ) LIMIT 1   [ RunTime:0.0004s ]

[ 2016-01-13T00:26:57+08:00 ] 127.0.0.1 /admin/api/work/show?wid=179
INFO: [ app_init ] --START--
INFO: Run Behavior\BuildLiteBehavior [ RunTime:0.000023s ]
INFO: [ app_init ] --END-- [ RunTime:0.000496s ]
INFO: [ app_begin ] --START--
INFO: Run Behavior\ReadHtmlCacheBehavior [ RunTime:0.000681s ]
INFO: [ app_begin ] --END-- [ RunTime:0.000766s ]
NOTIC: [2048] Declaration of Admin\Controller\Api\WorkController::show() should be compatible with Think\Controller::show($content, $charset = '', $contentType = '', $prefix = '') /home/simontaosim/aptana_works/liulianxueshe/Application/Admin/Controller/Api/WorkController.class.php 第 87 行.
SQL: SHOW COLUMNS FROM `works` [ RunTime:0.0011s ]
SQL: SELECT * FROM `works` WHERE ( wid='179' ) LIMIT 1   [ RunTime:0.0006s ]

[ 2016-01-13T00:27:05+08:00 ] 127.0.0.1 /admin/api/work/show?wid=174
INFO: [ app_init ] --START--
INFO: Run Behavior\BuildLiteBehavior [ RunTime:0.000015s ]
INFO: [ app_init ] --END-- [ RunTime:0.000319s ]
INFO: [ app_begin ] --START--
INFO: Run Behavior\ReadHtmlCacheBehavior [ RunTime:0.000384s ]
INFO: [ app_begin ] --END-- [ RunTime:0.000431s ]
NOTIC: [2048] Declaration of Admin\Controller\Api\WorkController::show() should be compatible with Think\Controller::show($content, $charset = '', $contentType = '', $prefix = '') /home/simontaosim/aptana_works/liulianxueshe/Application/Admin/Controller/Api/WorkController.class.php 第 87 行.
SQL: SHOW COLUMNS FROM `works` [ RunTime:0.0008s ]
SQL: SELECT * FROM `works` WHERE ( wid='174' ) LIMIT 1   [ RunTime:0.0003s ]

[ 2016-01-13T00:28:42+08:00 ] 127.0.0.1 /admin/api/work/show?wid=182
INFO: [ app_init ] --START--
INFO: Run Behavior\BuildLiteBehavior [ RunTime:0.000015s ]
INFO: [ app_init ] --END-- [ RunTime:0.000305s ]
INFO: [ app_begin ] --START--
INFO: Run Behavior\ReadHtmlCacheBehavior [ RunTime:0.000373s ]
INFO: [ app_begin ] --END-- [ RunTime:0.000416s ]
NOTIC: [2048] Declaration of Admin\Controller\Api\WorkController::show() should be compatible with Think\Controller::show($content, $charset = '', $contentType = '', $prefix = '') /home/simontaosim/aptana_works/liulianxueshe/Application/Admin/Controller/Api/WorkController.class.php 第 87 行.
SQL: SHOW COLUMNS FROM `works` [ RunTime:0.0008s ]
SQL: SELECT * FROM `works` WHERE ( wid='182' ) LIMIT 1   [ RunTime:0.0003s ]

[ 2016-01-13T00:28:47+08:00 ] 127.0.0.1 /admin/api/work/show?wid=159
INFO: [ app_init ] --START--
INFO: Run Behavior\BuildLiteBehavior [ RunTime:0.000020s ]
INFO: [ app_init ] --END-- [ RunTime:0.000331s ]
INFO: [ app_begin ] --START--
INFO: Run Behavior\ReadHtmlCacheBehavior [ RunTime:0.000563s ]
INFO: [ app_begin ] --END-- [ RunTime:0.000626s ]
NOTIC: [2048] Declaration of Admin\Controller\Api\WorkController::show() should be compatible with Think\Controller::show($content, $charset = '', $contentType = '', $prefix = '') /home/simontaosim/aptana_works/liulianxueshe/Application/Admin/Controller/Api/WorkController.class.php 第 87 行.
SQL: SHOW COLUMNS FROM `works` [ RunTime:0.0011s ]
SQL: SELECT * FROM `works` WHERE ( wid='159' ) LIMIT 1   [ RunTime:0.0004s ]

[ 2016-01-13T00:28:52+08:00 ] 127.0.0.1 /admin/api/work/show?wid=158
INFO: [ app_init ] --START--
INFO: Run Behavior\BuildLiteBehavior [ RunTime:0.000024s ]
INFO: [ app_init ] --END-- [ RunTime:0.000505s ]
INFO: [ app_begin ] --START--
INFO: Run Behavior\ReadHtmlCacheBehavior [ RunTime:0.000662s ]
INFO: [ app_begin ] --END-- [ RunTime:0.000741s ]
NOTIC: [2048] Declaration of Admin\Controller\Api\WorkController::show() should be compatible with Think\Controller::show($content, $charset = '', $contentType = '', $prefix = '') /home/simontaosim/aptana_works/liulianxueshe/Application/Admin/Controller/Api/WorkController.class.php 第 87 行.
SQL: SHOW COLUMNS FROM `works` [ RunTime:0.0028s ]
SQL: SELECT * FROM `works` WHERE ( wid='158' ) LIMIT 1   [ RunTime:0.0004s ]

[ 2016-01-13T00:29:04+08:00 ] 127.0.0.1 /admin/api/work/show?wid=149
INFO: [ app_init ] --START--
INFO: Run Behavior\BuildLiteBehavior [ RunTime:0.000021s ]
INFO: [ app_init ] --END-- [ RunTime:0.000476s ]
INFO: [ app_begin ] --START--
INFO: Run Behavior\ReadHtmlCacheBehavior [ RunTime:0.000568s ]
INFO: [ app_begin ] --END-- [ RunTime:0.000641s ]
NOTIC: [2048] Declaration of Admin\Controller\Api\WorkController::show() should be compatible with Think\Controller::show($content, $charset = '', $contentType = '', $prefix = '') /home/simontaosim/aptana_works/liulianxueshe/Application/Admin/Controller/Api/WorkController.class.php 第 87 行.
SQL: SHOW COLUMNS FROM `works` [ RunTime:0.0023s ]
SQL: SELECT * FROM `works` WHERE ( wid='149' ) LIMIT 1   [ RunTime:0.0020s ]

[ 2016-01-13T00:29:16+08:00 ] 127.0.0.1 /admin/api/work/show?wid=127
INFO: [ app_init ] --START--
INFO: Run Behavior\BuildLiteBehavior [ RunTime:0.000016s ]
INFO: [ app_init ] --END-- [ RunTime:0.000315s ]
INFO: [ app_begin ] --START--
INFO: Run Behavior\ReadHtmlCacheBehavior [ RunTime:0.000395s ]
INFO: [ app_begin ] --END-- [ RunTime:0.000439s ]
NOTIC: [2048] Declaration of Admin\Controller\Api\WorkController::show() should be compatible with Think\Controller::show($content, $charset = '', $contentType = '', $prefix = '') /home/simontaosim/aptana_works/liulianxueshe/Application/Admin/Controller/Api/WorkController.class.php 第 87 行.
SQL: SHOW COLUMNS FROM `works` [ RunTime:0.0011s ]
SQL: SELECT * FROM `works` WHERE ( wid='127' ) LIMIT 1   [ RunTime:0.0010s ]

[ 2016-01-13T00:29:21+08:00 ] 127.0.0.1 /admin/api/work/show?wid=192
INFO: [ app_init ] --START--
INFO: Run Behavior\BuildLiteBehavior [ RunTime:0.000022s ]
INFO: [ app_init ] --END-- [ RunTime:0.000481s ]
INFO: [ app_begin ] --START--
INFO: Run Behavior\ReadHtmlCacheBehavior [ RunTime:0.000619s ]
INFO: [ app_begin ] --END-- [ RunTime:0.000685s ]
NOTIC: [2048] Declaration of Admin\Controller\Api\WorkController::show() should be compatible with Think\Controller::show($content, $charset = '', $contentType = '', $prefix = '') /home/simontaosim/aptana_works/liulianxueshe/Application/Admin/Controller/Api/WorkController.class.php 第 87 行.
SQL: SHOW COLUMNS FROM `works` [ RunTime:0.0008s ]
SQL: SELECT * FROM `works` WHERE ( wid='192' ) LIMIT 1   [ RunTime:0.0081s ]

[ 2016-01-13T00:29:28+08:00 ] 127.0.0.1 /admin/api/work/show?wid=191
INFO: [ app_init ] --START--
INFO: Run Behavior\BuildLiteBehavior [ RunTime:0.000021s ]
INFO: [ app_init ] --END-- [ RunTime:0.000539s ]
INFO: [ app_begin ] --START--
INFO: Run Behavior\ReadHtmlCacheBehavior [ RunTime:0.000663s ]
INFO: [ app_begin ] --END-- [ RunTime:0.000748s ]
NOTIC: [2048] Declaration of Admin\Controller\Api\WorkController::show() should be compatible with Think\Controller::show($content, $charset = '', $contentType = '', $prefix = '') /home/simontaosim/aptana_works/liulianxueshe/Application/Admin/Controller/Api/WorkController.class.php 第 87 行.
SQL: SHOW COLUMNS FROM `works` [ RunTime:0.0013s ]
SQL: SELECT * FROM `works` WHERE ( wid='191' ) LIMIT 1   [ RunTime:0.0008s ]

[ 2016-01-13T00:29:31+08:00 ] 127.0.0.1 /admin/api/work/show?wid=186
INFO: [ app_init ] --START--
INFO: Run Behavior\BuildLiteBehavior [ RunTime:0.000026s ]
INFO: [ app_init ] --END-- [ RunTime:0.000602s ]
INFO: [ app_begin ] --START--
INFO: Run Behavior\ReadHtmlCacheBehavior [ RunTime:0.000707s ]
INFO: [ app_begin ] --END-- [ RunTime:0.000785s ]
NOTIC: [2048] Declaration of Admin\Controller\Api\WorkController::show() should be compatible with Think\Controller::show($content, $charset = '', $contentType = '', $prefix = '') /home/simontaosim/aptana_works/liulianxueshe/Application/Admin/Controller/Api/WorkController.class.php 第 87 行.
SQL: SHOW COLUMNS FROM `works` [ RunTime:0.0030s ]
SQL: SELECT * FROM `works` WHERE ( wid='186' ) LIMIT 1   [ RunTime:0.0015s ]

[ 2016-01-13T00:29:35+08:00 ] 127.0.0.1 /admin/api/work/show?wid=179
INFO: [ app_init ] --START--
INFO: Run Behavior\BuildLiteBehavior [ RunTime:0.000024s ]
INFO: [ app_init ] --END-- [ RunTime:0.000484s ]
INFO: [ app_begin ] --START--
INFO: Run Behavior\ReadHtmlCacheBehavior [ RunTime:0.000700s ]
INFO: [ app_begin ] --END-- [ RunTime:0.000781s ]
NOTIC: [2048] Declaration of Admin\Controller\Api\WorkController::show() should be compatible with Think\Controller::show($content, $charset = '', $contentType = '', $prefix = '') /home/simontaosim/aptana_works/liulianxueshe/Application/Admin/Controller/Api/WorkController.class.php 第 87 行.
SQL: SHOW COLUMNS FROM `works` [ RunTime:0.0013s ]
SQL: SELECT * FROM `works` WHERE ( wid='179' ) LIMIT 1   [ RunTime:0.0004s ]

[ 2016-01-13T00:29:42+08:00 ] 127.0.0.1 /admin/api/work/show?wid=173
INFO: [ app_init ] --START--
INFO: Run Behavior\BuildLiteBehavior [ RunTime:0.000022s ]
INFO: [ app_init ] --END-- [ RunTime:0.000511s ]
INFO: [ app_begin ] --START--
INFO: Run Behavior\ReadHtmlCacheBehavior [ RunTime:0.000633s ]
INFO: [ app_begin ] --END-- [ RunTime:0.000700s ]
NOTIC: [2048] Declaration of Admin\Controller\Api\WorkController::show() should be compatible with Think\Controller::show($content, $charset = '', $contentType = '', $prefix = '') /home/simontaosim/aptana_works/liulianxueshe/Application/Admin/Controller/Api/WorkController.class.php 第 87 行.
SQL: SHOW COLUMNS FROM `works` [ RunTime:0.0025s ]
SQL: SELECT * FROM `works` WHERE ( wid='173' ) LIMIT 1   [ RunTime:0.0015s ]

[ 2016-01-13T00:29:45+08:00 ] 127.0.0.1 /admin/api/work/show?wid=151
INFO: [ app_init ] --START--
INFO: Run Behavior\BuildLiteBehavior [ RunTime:0.000025s ]
INFO: [ app_init ] --END-- [ RunTime:0.000633s ]
INFO: [ app_begin ] --START--
INFO: Run Behavior\ReadHtmlCacheBehavior [ RunTime:0.000737s ]
INFO: [ app_begin ] --END-- [ RunTime:0.000821s ]
NOTIC: [2048] Declaration of Admin\Controller\Api\WorkController::show() should be compatible with Think\Controller::show($content, $charset = '', $contentType = '', $prefix = '') /home/simontaosim/aptana_works/liulianxueshe/Application/Admin/Controller/Api/WorkController.class.php 第 87 行.
SQL: SHOW COLUMNS FROM `works` [ RunTime:0.0011s ]
SQL: SELECT * FROM `works` WHERE ( wid='151' ) LIMIT 1   [ RunTime:0.0004s ]

[ 2016-01-13T00:29:49+08:00 ] 127.0.0.1 /admin/api/work/show?wid=143
INFO: [ app_init ] --START--
INFO: Run Behavior\BuildLiteBehavior [ RunTime:0.000024s ]
INFO: [ app_init ] --END-- [ RunTime:0.000502s ]
INFO: [ app_begin ] --START--
INFO: Run Behavior\ReadHtmlCacheBehavior [ RunTime:0.000425s ]
INFO: [ app_begin ] --END-- [ RunTime:0.000473s ]
NOTIC: [2048] Declaration of Admin\Controller\Api\WorkController::show() should be compatible with Think\Controller::show($content, $charset = '', $contentType = '', $prefix = '') /home/simontaosim/aptana_works/liulianxueshe/Application/Admin/Controller/Api/WorkController.class.php 第 87 行.
SQL: SHOW COLUMNS FROM `works` [ RunTime:0.0010s ]
SQL: SELECT * FROM `works` WHERE ( wid='143' ) LIMIT 1   [ RunTime:0.0004s ]

[ 2016-01-13T00:29:53+08:00 ] 127.0.0.1 /admin/api/work/show?wid=161
INFO: [ app_init ] --START--
INFO: Run Behavior\BuildLiteBehavior [ RunTime:0.000023s ]
INFO: [ app_init ] --END-- [ RunTime:0.000509s ]
INFO: [ app_begin ] --START--
INFO: Run Behavior\ReadHtmlCacheBehavior [ RunTime:0.000625s ]
INFO: [ app_begin ] --END-- [ RunTime:0.000695s ]
NOTIC: [2048] Declaration of Admin\Controller\Api\WorkController::show() should be compatible with Think\Controller::show($content, $charset = '', $contentType = '', $prefix = '') /home/simontaosim/aptana_works/liulianxueshe/Application/Admin/Controller/Api/WorkController.class.php 第 87 行.
SQL: SHOW COLUMNS FROM `works` [ RunTime:0.0008s ]
SQL: SELECT * FROM `works` WHERE ( wid='161' ) LIMIT 1   [ RunTime:0.0013s ]

[ 2016-01-13T00:29:56+08:00 ] 127.0.0.1 /admin/api/work/show?wid=160
INFO: [ app_init ] --START--
INFO: Run Behavior\BuildLiteBehavior [ RunTime:0.000024s ]
INFO: [ app_init ] --END-- [ RunTime:0.000535s ]
INFO: [ app_begin ] --START--
INFO: Run Behavior\ReadHtmlCacheBehavior [ RunTime:0.000637s ]
INFO: [ app_begin ] --END-- [ RunTime:0.000711s ]
NOTIC: [2048] Declaration of Admin\Controller\Api\WorkController::show() should be compatible with Think\Controller::show($content, $charset = '', $contentType = '', $prefix = '') /home/simontaosim/aptana_works/liulianxueshe/Application/Admin/Controller/Api/WorkController.class.php 第 87 行.
SQL: SHOW COLUMNS FROM `works` [ RunTime:0.0011s ]
SQL: SELECT * FROM `works` WHERE ( wid='160' ) LIMIT 1   [ RunTime:0.0004s ]

[ 2016-01-13T00:31:31+08:00 ] 127.0.0.1 /admin/api/work/show?wid=174
INFO: [ app_init ] --START--
INFO: Run Behavior\BuildLiteBehavior [ RunTime:0.000027s ]
INFO: [ app_init ] --END-- [ RunTime:0.000646s ]
INFO: [ app_begin ] --START--
INFO: Run Behavior\ReadHtmlCacheBehavior [ RunTime:0.000713s ]
INFO: [ app_begin ] --END-- [ RunTime:0.000799s ]
NOTIC: [2048] Declaration of Admin\Controller\Api\WorkController::show() should be compatible with Think\Controller::show($content, $charset = '', $contentType = '', $prefix = '') /home/simontaosim/aptana_works/liulianxueshe/Application/Admin/Controller/Api/WorkController.class.php 第 87 行.
SQL: SHOW COLUMNS FROM `works` [ RunTime:0.0011s ]
SQL: SELECT * FROM `works` WHERE ( wid='174' ) LIMIT 1   [ RunTime:0.0017s ]

[ 2016-01-13T00:31:35+08:00 ] 127.0.0.1 /admin/api/work/show?wid=194
INFO: [ app_init ] --START--
INFO: Run Behavior\BuildLiteBehavior [ RunTime:0.000023s ]
INFO: [ app_init ] --END-- [ RunTime:0.000440s ]
INFO: [ app_begin ] --START--
INFO: Run Behavior\ReadHtmlCacheBehavior [ RunTime:0.000420s ]
INFO: [ app_begin ] --END-- [ RunTime:0.000473s ]
NOTIC: [2048] Declaration of Admin\Controller\Api\WorkController::show() should be compatible with Think\Controller::show($content, $charset = '', $contentType = '', $prefix = '') /home/simontaosim/aptana_works/liulianxueshe/Application/Admin/Controller/Api/WorkController.class.php 第 87 行.
SQL: SHOW COLUMNS FROM `works` [ RunTime:0.0026s ]
SQL: SELECT * FROM `works` WHERE ( wid='194' ) LIMIT 1   [ RunTime:0.0019s ]

[ 2016-01-13T00:31:38+08:00 ] 127.0.0.1 /admin/api/work/show?wid=182
INFO: [ app_init ] --START--
INFO: Run Behavior\BuildLiteBehavior [ RunTime:0.000017s ]
INFO: [ app_init ] --END-- [ RunTime:0.000402s ]
INFO: [ app_begin ] --START--
INFO: Run Behavior\ReadHtmlCacheBehavior [ RunTime:0.000573s ]
INFO: [ app_begin ] --END-- [ RunTime:0.000691s ]
NOTIC: [2048] Declaration of Admin\Controller\Api\WorkController::show() should be compatible with Think\Controller::show($content, $charset = '', $contentType = '', $prefix = '') /home/simontaosim/aptana_works/liulianxueshe/Application/Admin/Controller/Api/WorkController.class.php 第 87 行.
SQL: SHOW COLUMNS FROM `works` [ RunTime:0.0008s ]
SQL: SELECT * FROM `works` WHERE ( wid='182' ) LIMIT 1   [ RunTime:0.0014s ]

[ 2016-01-13T00:31:41+08:00 ] 127.0.0.1 /admin/api/work/show?wid=151
INFO: [ app_init ] --START--
INFO: Run Behavior\BuildLiteBehavior [ RunTime:0.000025s ]
INFO: [ app_init ] --END-- [ RunTime:0.000583s ]
INFO: [ app_begin ] --START--
INFO: Run Behavior\ReadHtmlCacheBehavior [ RunTime:0.000689s ]
INFO: [ app_begin ] --END-- [ RunTime:0.000777s ]
NOTIC: [2048] Declaration of Admin\Controller\Api\WorkController::show() should be compatible with Think\Controller::show($content, $charset = '', $contentType = '', $prefix = '') /home/simontaosim/aptana_works/liulianxueshe/Application/Admin/Controller/Api/WorkController.class.php 第 87 行.
SQL: SHOW COLUMNS FROM `works` [ RunTime:0.0011s ]
SQL: SELECT * FROM `works` WHERE ( wid='151' ) LIMIT 1   [ RunTime:0.0006s ]

[ 2016-01-13T00:31:45+08:00 ] 127.0.0.1 /admin/api/work/show?wid=166
INFO: [ app_init ] --START--
INFO: Run Behavior\BuildLiteBehavior [ RunTime:0.000022s ]
INFO: [ app_init ] --END-- [ RunTime:0.000502s ]
INFO: [ app_begin ] --START--
INFO: Run Behavior\ReadHtmlCacheBehavior [ RunTime:0.000427s ]
INFO: [ app_begin ] --END-- [ RunTime:0.000481s ]
NOTIC: [2048] Declaration of Admin\Controller\Api\WorkController::show() should be compatible with Think\Controller::show($content, $charset = '', $contentType = '', $prefix = '') /home/simontaosim/aptana_works/liulianxueshe/Application/Admin/Controller/Api/WorkController.class.php 第 87 行.
SQL: SHOW COLUMNS FROM `works` [ RunTime:0.0010s ]
SQL: SELECT * FROM `works` WHERE ( wid='166' ) LIMIT 1   [ RunTime:0.0003s ]

[ 2016-01-13T00:31:49+08:00 ] 127.0.0.1 /admin/api/work/show?wid=159
INFO: [ app_init ] --START--
INFO: Run Behavior\BuildLiteBehavior [ RunTime:0.000035s ]
INFO: [ app_init ] --END-- [ RunTime:0.000575s ]
INFO: [ app_begin ] --START--
INFO: Run Behavior\ReadHtmlCacheBehavior [ RunTime:0.000662s ]
INFO: [ app_begin ] --END-- [ RunTime:0.000743s ]
NOTIC: [2048] Declaration of Admin\Controller\Api\WorkController::show() should be compatible with Think\Controller::show($content, $charset = '', $contentType = '', $prefix = '') /home/simontaosim/aptana_works/liulianxueshe/Application/Admin/Controller/Api/WorkController.class.php 第 87 行.
SQL: SHOW COLUMNS FROM `works` [ RunTime:0.0018s ]
SQL: SELECT * FROM `works` WHERE ( wid='159' ) LIMIT 1   [ RunTime:0.0020s ]

[ 2016-01-13T00:31:53+08:00 ] 127.0.0.1 /admin/api/work/show?wid=149
INFO: [ app_init ] --START--
INFO: Run Behavior\BuildLiteBehavior [ RunTime:0.000017s ]
INFO: [ app_init ] --END-- [ RunTime:0.000358s ]
INFO: [ app_begin ] --START--
INFO: Run Behavior\ReadHtmlCacheBehavior [ RunTime:0.000535s ]
INFO: [ app_begin ] --END-- [ RunTime:0.000593s ]
NOTIC: [2048] Declaration of Admin\Controller\Api\WorkController::show() should be compatible with Think\Controller::show($content, $charset = '', $contentType = '', $prefix = '') /home/simontaosim/aptana_works/liulianxueshe/Application/Admin/Controller/Api/WorkController.class.php 第 87 行.
SQL: SHOW COLUMNS FROM `works` [ RunTime:0.0010s ]
SQL: SELECT * FROM `works` WHERE ( wid='149' ) LIMIT 1   [ RunTime:0.0004s ]

[ 2016-01-13T00:31:57+08:00 ] 127.0.0.1 /admin/api/work/show?wid=138
INFO: [ app_init ] --START--
INFO: Run Behavior\BuildLiteBehavior [ RunTime:0.000017s ]
INFO: [ app_init ] --END-- [ RunTime:0.000357s ]
INFO: [ app_begin ] --START--
INFO: Run Behavior\ReadHtmlCacheBehavior [ RunTime:0.000575s ]
INFO: [ app_begin ] --END-- [ RunTime:0.000647s ]
NOTIC: [2048] Declaration of Admin\Controller\Api\WorkController::show() should be compatible with Think\Controller::show($content, $charset = '', $contentType = '', $prefix = '') /home/simontaosim/aptana_works/liulianxueshe/Application/Admin/Controller/Api/WorkController.class.php 第 87 行.
SQL: SHOW COLUMNS FROM `works` [ RunTime:0.0027s ]
SQL: SELECT * FROM `works` WHERE ( wid='138' ) LIMIT 1   [ RunTime:0.0015s ]

[ 2016-01-13T00:32:39+08:00 ] 127.0.0.1 /admin/api/work/show?wid=183
INFO: [ app_init ] --START--
INFO: Run Behavior\BuildLiteBehavior [ RunTime:0.000022s ]
INFO: [ app_init ] --END-- [ RunTime:0.000487s ]
INFO: [ app_begin ] --START--
INFO: Run Behavior\ReadHtmlCacheBehavior [ RunTime:0.000622s ]
INFO: [ app_begin ] --END-- [ RunTime:0.000691s ]
NOTIC: [2048] Declaration of Admin\Controller\Api\WorkController::show() should be compatible with Think\Controller::show($content, $charset = '', $contentType = '', $prefix = '') /home/simontaosim/aptana_works/liulianxueshe/Application/Admin/Controller/Api/WorkController.class.php 第 87 行.
SQL: SHOW COLUMNS FROM `works` [ RunTime:0.0011s ]
SQL: SELECT * FROM `works` WHERE ( wid='183' ) LIMIT 1   [ RunTime:0.0004s ]

[ 2016-01-13T00:34:00+08:00 ] 127.0.0.1 /admin/api/work/show?wid=183
INFO: [ app_init ] --START--
INFO: Run Behavior\BuildLiteBehavior [ RunTime:0.000022s ]
INFO: [ app_init ] --END-- [ RunTime:0.000499s ]
INFO: [ app_begin ] --START--
INFO: Run Behavior\ReadHtmlCacheBehavior [ RunTime:0.000630s ]
INFO: [ app_begin ] --END-- [ RunTime:0.000702s ]
NOTIC: [2048] Declaration of Admin\Controller\Api\WorkController::show() should be compatible with Think\Controller::show($content, $charset = '', $contentType = '', $prefix = '') /home/simontaosim/aptana_works/liulianxueshe/Application/Admin/Controller/Api/WorkController.class.php 第 87 行.
SQL: SHOW COLUMNS FROM `works` [ RunTime:0.0020s ]
SQL: SELECT * FROM `works` WHERE ( wid='183' ) LIMIT 1   [ RunTime:0.0013s ]

[ 2016-01-13T00:34:51+08:00 ] 127.0.0.1 /admin/api/work/show?wid=183
INFO: [ app_init ] --START--
INFO: Run Behavior\BuildLiteBehavior [ RunTime:0.000021s ]
INFO: [ app_init ] --END-- [ RunTime:0.000464s ]
INFO: [ app_begin ] --START--
INFO: Run Behavior\ReadHtmlCacheBehavior [ RunTime:0.000605s ]
INFO: [ app_begin ] --END-- [ RunTime:0.000673s ]
NOTIC: [2048] Declaration of Admin\Controller\Api\WorkController::show() should be compatible with Think\Controller::show($content, $charset = '', $contentType = '', $prefix = '') /home/simontaosim/aptana_works/liulianxueshe/Application/Admin/Controller/Api/WorkController.class.php 第 87 行.
SQL: SHOW COLUMNS FROM `works` [ RunTime:0.0024s ]
SQL: SELECT * FROM `works` WHERE ( wid='183' ) LIMIT 1   [ RunTime:0.0018s ]

[ 2016-01-13T00:35:19+08:00 ] 127.0.0.1 /admin/api/work/show?wid=177
INFO: [ app_init ] --START--
INFO: Run Behavior\BuildLiteBehavior [ RunTime:0.000023s ]
INFO: [ app_init ] --END-- [ RunTime:0.000486s ]
INFO: [ app_begin ] --START--
INFO: Run Behavior\ReadHtmlCacheBehavior [ RunTime:0.000619s ]
INFO: [ app_begin ] --END-- [ RunTime:0.000686s ]
NOTIC: [2048] Declaration of Admin\Controller\Api\WorkController::show() should be compatible with Think\Controller::show($content, $charset = '', $contentType = '', $prefix = '') /home/simontaosim/aptana_works/liulianxueshe/Application/Admin/Controller/Api/WorkController.class.php 第 87 行.
SQL: SHOW COLUMNS FROM `works` [ RunTime:0.0007s ]
SQL: SELECT * FROM `works` WHERE ( wid='177' ) LIMIT 1   [ RunTime:0.0003s ]

[ 2016-01-13T00:35:35+08:00 ] 127.0.0.1 /admin/api/work/show?wid=184
INFO: [ app_init ] --START--
INFO: Run Behavior\BuildLiteBehavior [ RunTime:0.000019s ]
INFO: [ app_init ] --END-- [ RunTime:0.000499s ]
INFO: [ app_begin ] --START--
INFO: Run Behavior\ReadHtmlCacheBehavior [ RunTime:0.000502s ]
INFO: [ app_begin ] --END-- [ RunTime:0.000570s ]
NOTIC: [2048] Declaration of Admin\Controller\Api\WorkController::show() should be compatible with Think\Controller::show($content, $charset = '', $contentType = '', $prefix = '') /home/simontaosim/aptana_works/liulianxueshe/Application/Admin/Controller/Api/WorkController.class.php 第 87 行.
SQL: SHOW COLUMNS FROM `works` [ RunTime:0.0010s ]
SQL: SELECT * FROM `works` WHERE ( wid='184' ) LIMIT 1   [ RunTime:0.0003s ]

[ 2016-01-13T00:36:13+08:00 ] 127.0.0.1 /admin/api/work/show?wid=182
INFO: [ app_init ] --START--
INFO: Run Behavior\BuildLiteBehavior [ RunTime:0.000039s ]
INFO: [ app_init ] --END-- [ RunTime:0.001033s ]
INFO: [ app_begin ] --START--
INFO: Run Behavior\ReadHtmlCacheBehavior [ RunTime:0.000630s ]
INFO: [ app_begin ] --END-- [ RunTime:0.000702s ]
NOTIC: [2048] Declaration of Admin\Controller\Api\WorkController::show() should be compatible with Think\Controller::show($content, $charset = '', $contentType = '', $prefix = '') /home/simontaosim/aptana_works/liulianxueshe/Application/Admin/Controller/Api/WorkController.class.php 第 87 行.
SQL: SHOW COLUMNS FROM `works` [ RunTime:0.0020s ]
SQL: SELECT * FROM `works` WHERE ( wid='182' ) LIMIT 1   [ RunTime:0.0009s ]

[ 2016-01-13T00:36:18+08:00 ] 127.0.0.1 /admin/api/work/show?wid=170
INFO: [ app_init ] --START--
INFO: Run Behavior\BuildLiteBehavior [ RunTime:0.000073s ]
INFO: [ app_init ] --END-- [ RunTime:0.001107s ]
INFO: [ app_begin ] --START--
INFO: Run Behavior\ReadHtmlCacheBehavior [ RunTime:0.000826s ]
INFO: [ app_begin ] --END-- [ RunTime:0.000923s ]
NOTIC: [2048] Declaration of Admin\Controller\Api\WorkController::show() should be compatible with Think\Controller::show($content, $charset = '', $contentType = '', $prefix = '') /home/simontaosim/aptana_works/liulianxueshe/Application/Admin/Controller/Api/WorkController.class.php 第 87 行.
SQL: SHOW COLUMNS FROM `works` [ RunTime:0.0011s ]
SQL: SELECT * FROM `works` WHERE ( wid='170' ) LIMIT 1   [ RunTime:0.0003s ]

[ 2016-01-13T00:36:44+08:00 ] 127.0.0.1 /admin/api/work/show?wid=183
INFO: [ app_init ] --START--
INFO: Run Behavior\BuildLiteBehavior [ RunTime:0.000022s ]
INFO: [ app_init ] --END-- [ RunTime:0.000473s ]
INFO: [ app_begin ] --START--
INFO: Run Behavior\ReadHtmlCacheBehavior [ RunTime:0.000651s ]
INFO: [ app_begin ] --END-- [ RunTime:0.000722s ]
NOTIC: [2048] Declaration of Admin\Controller\Api\WorkController::show() should be compatible with Think\Controller::show($content, $charset = '', $contentType = '', $prefix = '') /home/simontaosim/aptana_works/liulianxueshe/Application/Admin/Controller/Api/WorkController.class.php 第 87 行.
SQL: SHOW COLUMNS FROM `works` [ RunTime:0.0022s ]
SQL: SELECT * FROM `works` WHERE ( wid='183' ) LIMIT 1   [ RunTime:0.0016s ]

[ 2016-01-13T00:37:09+08:00 ] 127.0.0.1 /admin/api/work/show?wid=183
INFO: [ app_init ] --START--
INFO: Run Behavior\BuildLiteBehavior [ RunTime:0.000026s ]
INFO: [ app_init ] --END-- [ RunTime:0.000650s ]
INFO: [ app_begin ] --START--
INFO: Run Behavior\ReadHtmlCacheBehavior [ RunTime:0.000793s ]
INFO: [ app_begin ] --END-- [ RunTime:0.000886s ]
NOTIC: [2048] Declaration of Admin\Controller\Api\WorkController::show() should be compatible with Think\Controller::show($content, $charset = '', $contentType = '', $prefix = '') /home/simontaosim/aptana_works/liulianxueshe/Application/Admin/Controller/Api/WorkController.class.php 第 87 行.
SQL: SHOW COLUMNS FROM `works` [ RunTime:0.0011s ]
SQL: SELECT * FROM `works` WHERE ( wid='183' ) LIMIT 1   [ RunTime:0.0004s ]

[ 2016-01-13T00:37:19+08:00 ] 127.0.0.1 /admin/api/work/show?wid=181
INFO: [ app_init ] --START--
INFO: Run Behavior\BuildLiteBehavior [ RunTime:0.000033s ]
INFO: [ app_init ] --END-- [ RunTime:0.000530s ]
INFO: [ app_begin ] --START--
INFO: Run Behavior\ReadHtmlCacheBehavior [ RunTime:0.002868s ]
INFO: [ app_begin ] --END-- [ RunTime:0.002993s ]
NOTIC: [2048] Declaration of Admin\Controller\Api\WorkController::show() should be compatible with Think\Controller::show($content, $charset = '', $contentType = '', $prefix = '') /home/simontaosim/aptana_works/liulianxueshe/Application/Admin/Controller/Api/WorkController.class.php 第 87 行.
SQL: SHOW COLUMNS FROM `works` [ RunTime:0.0007s ]
SQL: SELECT * FROM `works` WHERE ( wid='181' ) LIMIT 1   [ RunTime:0.0002s ]

[ 2016-01-13T00:37:27+08:00 ] 127.0.0.1 /admin/api/work/show?wid=180
INFO: [ app_init ] --START--
INFO: Run Behavior\BuildLiteBehavior [ RunTime:0.000074s ]
INFO: [ app_init ] --END-- [ RunTime:0.001395s ]
INFO: [ app_begin ] --START--
INFO: Run Behavior\ReadHtmlCacheBehavior [ RunTime:0.001563s ]
INFO: [ app_begin ] --END-- [ RunTime:0.001823s ]
NOTIC: [2048] Declaration of Admin\Controller\Api\WorkController::show() should be compatible with Think\Controller::show($content, $charset = '', $contentType = '', $prefix = '') /home/simontaosim/aptana_works/liulianxueshe/Application/Admin/Controller/Api/WorkController.class.php 第 87 行.
SQL: SHOW COLUMNS FROM `works` [ RunTime:0.0007s ]
SQL: SELECT * FROM `works` WHERE ( wid='180' ) LIMIT 1   [ RunTime:0.0002s ]

[ 2016-01-13T00:37:50+08:00 ] 127.0.0.1 /admin/api/work/show?wid=194
INFO: [ app_init ] --START--
INFO: Run Behavior\BuildLiteBehavior [ RunTime:0.000015s ]
INFO: [ app_init ] --END-- [ RunTime:0.000319s ]
INFO: [ app_begin ] --START--
INFO: Run Behavior\ReadHtmlCacheBehavior [ RunTime:0.000398s ]
INFO: [ app_begin ] --END-- [ RunTime:0.000447s ]
NOTIC: [2048] Declaration of Admin\Controller\Api\WorkController::show() should be compatible with Think\Controller::show($content, $charset = '', $contentType = '', $prefix = '') /home/simontaosim/aptana_works/liulianxueshe/Application/Admin/Controller/Api/WorkController.class.php 第 87 行.
SQL: SHOW COLUMNS FROM `works` [ RunTime:0.0025s ]
SQL: SELECT * FROM `works` WHERE ( wid='194' ) LIMIT 1   [ RunTime:0.0017s ]

[ 2016-01-13T00:37:56+08:00 ] 127.0.0.1 /admin/api/work/show?wid=182
INFO: [ app_init ] --START--
INFO: Run Behavior\BuildLiteBehavior [ RunTime:0.000016s ]
INFO: [ app_init ] --END-- [ RunTime:0.000394s ]
INFO: [ app_begin ] --START--
INFO: Run Behavior\ReadHtmlCacheBehavior [ RunTime:0.000399s ]
INFO: [ app_begin ] --END-- [ RunTime:0.000445s ]
NOTIC: [2048] Declaration of Admin\Controller\Api\WorkController::show() should be compatible with Think\Controller::show($content, $charset = '', $contentType = '', $prefix = '') /home/simontaosim/aptana_works/liulianxueshe/Application/Admin/Controller/Api/WorkController.class.php 第 87 行.
SQL: SHOW COLUMNS FROM `works` [ RunTime:0.0012s ]
SQL: SELECT * FROM `works` WHERE ( wid='182' ) LIMIT 1   [ RunTime:0.0004s ]

[ 2016-01-13T00:38:00+08:00 ] 127.0.0.1 /admin/api/work/show?wid=173
INFO: [ app_init ] --START--
INFO: Run Behavior\BuildLiteBehavior [ RunTime:0.000022s ]
INFO: [ app_init ] --END-- [ RunTime:0.000515s ]
INFO: [ app_begin ] --START--
INFO: Run Behavior\ReadHtmlCacheBehavior [ RunTime:0.000553s ]
INFO: [ app_begin ] --END-- [ RunTime:0.000638s ]
NOTIC: [2048] Declaration of Admin\Controller\Api\WorkController::show() should be compatible with Think\Controller::show($content, $charset = '', $contentType = '', $prefix = '') /home/simontaosim/aptana_works/liulianxueshe/Application/Admin/Controller/Api/WorkController.class.php 第 87 行.
SQL: SHOW COLUMNS FROM `works` [ RunTime:0.0025s ]
SQL: SELECT * FROM `works` WHERE ( wid='173' ) LIMIT 1   [ RunTime:0.0005s ]

[ 2016-01-13T00:38:03+08:00 ] 127.0.0.1 /admin/api/work/show?wid=151
INFO: [ app_init ] --START--
INFO: Run Behavior\BuildLiteBehavior [ RunTime:0.000020s ]
INFO: [ app_init ] --END-- [ RunTime:0.000333s ]
INFO: [ app_begin ] --START--
INFO: Run Behavior\ReadHtmlCacheBehavior [ RunTime:0.000396s ]
INFO: [ app_begin ] --END-- [ RunTime:0.000442s ]
NOTIC: [2048] Declaration of Admin\Controller\Api\WorkController::show() should be compatible with Think\Controller::show($content, $charset = '', $contentType = '', $prefix = '') /home/simontaosim/aptana_works/liulianxueshe/Application/Admin/Controller/Api/WorkController.class.php 第 87 行.
SQL: SHOW COLUMNS FROM `works` [ RunTime:0.0020s ]
SQL: SELECT * FROM `works` WHERE ( wid='151' ) LIMIT 1   [ RunTime:0.0011s ]

[ 2016-01-13T00:38:06+08:00 ] 127.0.0.1 /admin/api/work/show?wid=166
INFO: [ app_init ] --START--
INFO: Run Behavior\BuildLiteBehavior [ RunTime:0.000017s ]
INFO: [ app_init ] --END-- [ RunTime:0.000359s ]
INFO: [ app_begin ] --START--
INFO: Run Behavior\ReadHtmlCacheBehavior [ RunTime:0.000404s ]
INFO: [ app_begin ] --END-- [ RunTime:0.000449s ]
NOTIC: [2048] Declaration of Admin\Controller\Api\WorkController::show() should be compatible with Think\Controller::show($content, $charset = '', $contentType = '', $prefix = '') /home/simontaosim/aptana_works/liulianxueshe/Application/Admin/Controller/Api/WorkController.class.php 第 87 行.
SQL: SHOW COLUMNS FROM `works` [ RunTime:0.0045s ]
SQL: SELECT * FROM `works` WHERE ( wid='166' ) LIMIT 1   [ RunTime:0.0018s ]

[ 2016-01-13T00:38:08+08:00 ] 127.0.0.1 /admin/api/work/show?wid=161
INFO: [ app_init ] --START--
INFO: Run Behavior\BuildLiteBehavior [ RunTime:0.000016s ]
INFO: [ app_init ] --END-- [ RunTime:0.000318s ]
INFO: [ app_begin ] --START--
INFO: Run Behavior\ReadHtmlCacheBehavior [ RunTime:0.000391s ]
INFO: [ app_begin ] --END-- [ RunTime:0.000433s ]
NOTIC: [2048] Declaration of Admin\Controller\Api\WorkController::show() should be compatible with Think\Controller::show($content, $charset = '', $contentType = '', $prefix = '') /home/simontaosim/aptana_works/liulianxueshe/Application/Admin/Controller/Api/WorkController.class.php 第 87 行.
SQL: SHOW COLUMNS FROM `works` [ RunTime:0.0008s ]
SQL: SELECT * FROM `works` WHERE ( wid='161' ) LIMIT 1   [ RunTime:0.0003s ]

[ 2016-01-13T00:38:10+08:00 ] 127.0.0.1 /admin/api/work/show?wid=163
INFO: [ app_init ] --START--
INFO: Run Behavior\BuildLiteBehavior [ RunTime:0.000022s ]
INFO: [ app_init ] --END-- [ RunTime:0.000505s ]
INFO: [ app_begin ] --START--
INFO: Run Behavior\ReadHtmlCacheBehavior [ RunTime:0.000609s ]
INFO: [ app_begin ] --END-- [ RunTime:0.000710s ]
NOTIC: [2048] Declaration of Admin\Controller\Api\WorkController::show() should be compatible with Think\Controller::show($content, $charset = '', $contentType = '', $prefix = '') /home/simontaosim/aptana_works/liulianxueshe/Application/Admin/Controller/Api/WorkController.class.php 第 87 行.
SQL: SHOW COLUMNS FROM `works` [ RunTime:0.0020s ]
SQL: SELECT * FROM `works` WHERE ( wid='163' ) LIMIT 1   [ RunTime:0.0011s ]

[ 2016-01-13T00:38:12+08:00 ] 127.0.0.1 /admin/api/work/show?wid=159
INFO: [ app_init ] --START--
INFO: Run Behavior\BuildLiteBehavior [ RunTime:0.000024s ]
INFO: [ app_init ] --END-- [ RunTime:0.000552s ]
INFO: [ app_begin ] --START--
INFO: Run Behavior\ReadHtmlCacheBehavior [ RunTime:0.000704s ]
INFO: [ app_begin ] --END-- [ RunTime:0.000784s ]
NOTIC: [2048] Declaration of Admin\Controller\Api\WorkController::show() should be compatible with Think\Controller::show($content, $charset = '', $contentType = '', $prefix = '') /home/simontaosim/aptana_works/liulianxueshe/Application/Admin/Controller/Api/WorkController.class.php 第 87 行.
SQL: SHOW COLUMNS FROM `works` [ RunTime:0.0040s ]
SQL: SELECT * FROM `works` WHERE ( wid='159' ) LIMIT 1   [ RunTime:0.0004s ]

[ 2016-01-13T00:38:14+08:00 ] 127.0.0.1 /admin/api/work/show?wid=158
INFO: [ app_init ] --START--
INFO: Run Behavior\BuildLiteBehavior [ RunTime:0.000025s ]
INFO: [ app_init ] --END-- [ RunTime:0.000503s ]
INFO: [ app_begin ] --START--
INFO: Run Behavior\ReadHtmlCacheBehavior [ RunTime:0.000606s ]
INFO: [ app_begin ] --END-- [ RunTime:0.000693s ]
NOTIC: [2048] Declaration of Admin\Controller\Api\WorkController::show() should be compatible with Think\Controller::show($content, $charset = '', $contentType = '', $prefix = '') /home/simontaosim/aptana_works/liulianxueshe/Application/Admin/Controller/Api/WorkController.class.php 第 87 行.
SQL: SHOW COLUMNS FROM `works` [ RunTime:0.0015s ]
SQL: SELECT * FROM `works` WHERE ( wid='158' ) LIMIT 1   [ RunTime:0.0004s ]

[ 2016-01-13T00:38:16+08:00 ] 127.0.0.1 /admin/api/work/show?wid=149
INFO: [ app_init ] --START--
INFO: Run Behavior\BuildLiteBehavior [ RunTime:0.000017s ]
INFO: [ app_init ] --END-- [ RunTime:0.000337s ]
INFO: [ app_begin ] --START--
INFO: Run Behavior\ReadHtmlCacheBehavior [ RunTime:0.000402s ]
INFO: [ app_begin ] --END-- [ RunTime:0.000448s ]
NOTIC: [2048] Declaration of Admin\Controller\Api\WorkController::show() should be compatible with Think\Controller::show($content, $charset = '', $contentType = '', $prefix = '') /home/simontaosim/aptana_works/liulianxueshe/Application/Admin/Controller/Api/WorkController.class.php 第 87 行.
SQL: SHOW COLUMNS FROM `works` [ RunTime:0.0037s ]
SQL: SELECT * FROM `works` WHERE ( wid='149' ) LIMIT 1   [ RunTime:0.0017s ]

[ 2016-01-13T00:38:18+08:00 ] 127.0.0.1 /admin/api/work/show?wid=157
INFO: [ app_init ] --START--
INFO: Run Behavior\BuildLiteBehavior [ RunTime:0.000016s ]
INFO: [ app_init ] --END-- [ RunTime:0.000322s ]
INFO: [ app_begin ] --START--
INFO: Run Behavior\ReadHtmlCacheBehavior [ RunTime:0.000387s ]
INFO: [ app_begin ] --END-- [ RunTime:0.000432s ]
NOTIC: [2048] Declaration of Admin\Controller\Api\WorkController::show() should be compatible with Think\Controller::show($content, $charset = '', $contentType = '', $prefix = '') /home/simontaosim/aptana_works/liulianxueshe/Application/Admin/Controller/Api/WorkController.class.php 第 87 行.
SQL: SHOW COLUMNS FROM `works` [ RunTime:0.0024s ]
SQL: SELECT * FROM `works` WHERE ( wid='157' ) LIMIT 1   [ RunTime:0.0020s ]

[ 2016-01-13T00:38:20+08:00 ] 127.0.0.1 /admin/api/work/show?wid=138
INFO: [ app_init ] --START--
INFO: Run Behavior\BuildLiteBehavior [ RunTime:0.000022s ]
INFO: [ app_init ] --END-- [ RunTime:0.000533s ]
INFO: [ app_begin ] --START--
INFO: Run Behavior\ReadHtmlCacheBehavior [ RunTime:0.001279s ]
INFO: [ app_begin ] --END-- [ RunTime:0.001577s ]
NOTIC: [2048] Declaration of Admin\Controller\Api\WorkController::show() should be compatible with Think\Controller::show($content, $charset = '', $contentType = '', $prefix = '') /home/simontaosim/aptana_works/liulianxueshe/Application/Admin/Controller/Api/WorkController.class.php 第 87 行.
SQL: SHOW COLUMNS FROM `works` [ RunTime:0.0011s ]
SQL: SELECT * FROM `works` WHERE ( wid='138' ) LIMIT 1   [ RunTime:0.0011s ]

[ 2016-01-13T00:38:22+08:00 ] 127.0.0.1 /admin/api/work/show?wid=139
INFO: [ app_init ] --START--
INFO: Run Behavior\BuildLiteBehavior [ RunTime:0.000016s ]
INFO: [ app_init ] --END-- [ RunTime:0.000329s ]
INFO: [ app_begin ] --START--
INFO: Run Behavior\ReadHtmlCacheBehavior [ RunTime:0.000398s ]
INFO: [ app_begin ] --END-- [ RunTime:0.000443s ]
NOTIC: [2048] Declaration of Admin\Controller\Api\WorkController::show() should be compatible with Think\Controller::show($content, $charset = '', $contentType = '', $prefix = '') /home/simontaosim/aptana_works/liulianxueshe/Application/Admin/Controller/Api/WorkController.class.php 第 87 行.
SQL: SHOW COLUMNS FROM `works` [ RunTime:0.0013s ]
SQL: SELECT * FROM `works` WHERE ( wid='139' ) LIMIT 1   [ RunTime:0.0005s ]

[ 2016-01-13T00:38:24+08:00 ] 127.0.0.1 /admin/api/work/show?wid=127
INFO: [ app_init ] --START--
INFO: Run Behavior\BuildLiteBehavior [ RunTime:0.000015s ]
INFO: [ app_init ] --END-- [ RunTime:0.000315s ]
INFO: [ app_begin ] --START--
INFO: Run Behavior\ReadHtmlCacheBehavior [ RunTime:0.000682s ]
INFO: [ app_begin ] --END-- [ RunTime:0.000767s ]
NOTIC: [2048] Declaration of Admin\Controller\Api\WorkController::show() should be compatible with Think\Controller::show($content, $charset = '', $contentType = '', $prefix = '') /home/simontaosim/aptana_works/liulianxueshe/Application/Admin/Controller/Api/WorkController.class.php 第 87 行.
SQL: SHOW COLUMNS FROM `works` [ RunTime:0.0007s ]
SQL: SELECT * FROM `works` WHERE ( wid='127' ) LIMIT 1   [ RunTime:0.0005s ]

[ 2016-01-13T00:38:29+08:00 ] 127.0.0.1 /admin/api/work/show?wid=156
INFO: [ app_init ] --START--
INFO: Run Behavior\BuildLiteBehavior [ RunTime:0.000016s ]
INFO: [ app_init ] --END-- [ RunTime:0.000373s ]
INFO: [ app_begin ] --START--
INFO: Run Behavior\ReadHtmlCacheBehavior [ RunTime:0.000389s ]
INFO: [ app_begin ] --END-- [ RunTime:0.000433s ]
NOTIC: [2048] Declaration of Admin\Controller\Api\WorkController::show() should be compatible with Think\Controller::show($content, $charset = '', $contentType = '', $prefix = '') /home/simontaosim/aptana_works/liulianxueshe/Application/Admin/Controller/Api/WorkController.class.php 第 87 行.
SQL: SHOW COLUMNS FROM `works` [ RunTime:0.0010s ]
SQL: SELECT * FROM `works` WHERE ( wid='156' ) LIMIT 1   [ RunTime:0.0004s ]

[ 2016-01-13T00:38:30+08:00 ] 127.0.0.1 /admin/api/work/show?wid=148
INFO: [ app_init ] --START--
INFO: Run Behavior\BuildLiteBehavior [ RunTime:0.000021s ]
INFO: [ app_init ] --END-- [ RunTime:0.000502s ]
INFO: [ app_begin ] --START--
INFO: Run Behavior\ReadHtmlCacheBehavior [ RunTime:0.000655s ]
INFO: [ app_begin ] --END-- [ RunTime:0.000725s ]
NOTIC: [2048] Declaration of Admin\Controller\Api\WorkController::show() should be compatible with Think\Controller::show($content, $charset = '', $contentType = '', $prefix = '') /home/simontaosim/aptana_works/liulianxueshe/Application/Admin/Controller/Api/WorkController.class.php 第 87 行.
SQL: SHOW COLUMNS FROM `works` [ RunTime:0.0008s ]
SQL: SELECT * FROM `works` WHERE ( wid='148' ) LIMIT 1   [ RunTime:0.0003s ]

[ 2016-01-13T00:38:34+08:00 ] 127.0.0.1 /admin/api/work/show?wid=162
INFO: [ app_init ] --START--
INFO: Run Behavior\BuildLiteBehavior [ RunTime:0.000016s ]
INFO: [ app_init ] --END-- [ RunTime:0.000330s ]
INFO: [ app_begin ] --START--
INFO: Run Behavior\ReadHtmlCacheBehavior [ RunTime:0.000398s ]
INFO: [ app_begin ] --END-- [ RunTime:0.000443s ]
NOTIC: [2048] Declaration of Admin\Controller\Api\WorkController::show() should be compatible with Think\Controller::show($content, $charset = '', $contentType = '', $prefix = '') /home/simontaosim/aptana_works/liulianxueshe/Application/Admin/Controller/Api/WorkController.class.php 第 87 行.
SQL: SHOW COLUMNS FROM `works` [ RunTime:0.0008s ]
SQL: SELECT * FROM `works` WHERE ( wid='162' ) LIMIT 1   [ RunTime:0.0004s ]

[ 2016-01-13T00:38:40+08:00 ] 127.0.0.1 /admin/api/work/show?wid=167
INFO: [ app_init ] --START--
INFO: Run Behavior\BuildLiteBehavior [ RunTime:0.000023s ]
INFO: [ app_init ] --END-- [ RunTime:0.000511s ]
INFO: [ app_begin ] --START--
INFO: Run Behavior\ReadHtmlCacheBehavior [ RunTime:0.000650s ]
INFO: [ app_begin ] --END-- [ RunTime:0.000725s ]
NOTIC: [2048] Declaration of Admin\Controller\Api\WorkController::show() should be compatible with Think\Controller::show($content, $charset = '', $contentType = '', $prefix = '') /home/simontaosim/aptana_works/liulianxueshe/Application/Admin/Controller/Api/WorkController.class.php 第 87 行.
SQL: SHOW COLUMNS FROM `works` [ RunTime:0.0031s ]
SQL: SELECT * FROM `works` WHERE ( wid='167' ) LIMIT 1   [ RunTime:0.0007s ]

[ 2016-01-13T00:38:49+08:00 ] 127.0.0.1 /admin/api/work/show?wid=194
INFO: [ app_init ] --START--
INFO: Run Behavior\BuildLiteBehavior [ RunTime:0.000025s ]
INFO: [ app_init ] --END-- [ RunTime:0.000564s ]
INFO: [ app_begin ] --START--
INFO: Run Behavior\ReadHtmlCacheBehavior [ RunTime:0.000703s ]
INFO: [ app_begin ] --END-- [ RunTime:0.000801s ]
NOTIC: [2048] Declaration of Admin\Controller\Api\WorkController::show() should be compatible with Think\Controller::show($content, $charset = '', $contentType = '', $prefix = '') /home/simontaosim/aptana_works/liulianxueshe/Application/Admin/Controller/Api/WorkController.class.php 第 87 行.
SQL: SHOW COLUMNS FROM `works` [ RunTime:0.0011s ]
SQL: SELECT * FROM `works` WHERE ( wid='194' ) LIMIT 1   [ RunTime:0.0004s ]

[ 2016-01-13T00:38:50+08:00 ] 127.0.0.1 /admin/api/work/show?wid=192
INFO: [ app_init ] --START--
INFO: Run Behavior\BuildLiteBehavior [ RunTime:0.000022s ]
INFO: [ app_init ] --END-- [ RunTime:0.000524s ]
INFO: [ app_begin ] --START--
INFO: Run Behavior\ReadHtmlCacheBehavior [ RunTime:0.000693s ]
INFO: [ app_begin ] --END-- [ RunTime:0.000776s ]
NOTIC: [2048] Declaration of Admin\Controller\Api\WorkController::show() should be compatible with Think\Controller::show($content, $charset = '', $contentType = '', $prefix = '') /home/simontaosim/aptana_works/liulianxueshe/Application/Admin/Controller/Api/WorkController.class.php 第 87 行.
SQL: SHOW COLUMNS FROM `works` [ RunTime:0.0018s ]
SQL: SELECT * FROM `works` WHERE ( wid='192' ) LIMIT 1   [ RunTime:0.0006s ]

[ 2016-01-13T00:38:52+08:00 ] 127.0.0.1 /admin/api/work/show?wid=193
INFO: [ app_init ] --START--
INFO: Run Behavior\BuildLiteBehavior [ RunTime:0.000020s ]
INFO: [ app_init ] --END-- [ RunTime:0.000501s ]
INFO: [ app_begin ] --START--
INFO: Run Behavior\ReadHtmlCacheBehavior [ RunTime:0.000725s ]
INFO: [ app_begin ] --END-- [ RunTime:0.000808s ]
NOTIC: [2048] Declaration of Admin\Controller\Api\WorkController::show() should be compatible with Think\Controller::show($content, $charset = '', $contentType = '', $prefix = '') /home/simontaosim/aptana_works/liulianxueshe/Application/Admin/Controller/Api/WorkController.class.php 第 87 行.
SQL: SHOW COLUMNS FROM `works` [ RunTime:0.0023s ]
SQL: SELECT * FROM `works` WHERE ( wid='193' ) LIMIT 1   [ RunTime:0.0020s ]

[ 2016-01-13T00:50:00+08:00 ] 127.0.0.1 /admin/api/work/show?wid=190
INFO: [ app_init ] --START--
INFO: Run Behavior\BuildLiteBehavior [ RunTime:0.000027s ]
INFO: [ app_init ] --END-- [ RunTime:0.000623s ]
INFO: [ app_begin ] --START--
INFO: Run Behavior\ReadHtmlCacheBehavior [ RunTime:0.000861s ]
INFO: [ app_begin ] --END-- [ RunTime:0.000967s ]
NOTIC: [2048] Declaration of Admin\Controller\Api\WorkController::show() should be compatible with Think\Controller::show($content, $charset = '', $contentType = '', $prefix = '') /home/simontaosim/aptana_works/liulianxueshe/Application/Admin/Controller/Api/WorkController.class.php 第 87 行.
SQL: SHOW COLUMNS FROM `works` [ RunTime:0.0017s ]
SQL: SELECT * FROM `works` WHERE ( wid='190' ) LIMIT 1   [ RunTime:0.0004s ]

[ 2016-01-13T00:50:05+08:00 ] 127.0.0.1 /admin/api/work/show?wid=188
INFO: [ app_init ] --START--
INFO: Run Behavior\BuildLiteBehavior [ RunTime:0.000024s ]
INFO: [ app_init ] --END-- [ RunTime:0.000507s ]
INFO: [ app_begin ] --START--
INFO: Run Behavior\ReadHtmlCacheBehavior [ RunTime:0.000666s ]
INFO: [ app_begin ] --END-- [ RunTime:0.000743s ]
NOTIC: [2048] Declaration of Admin\Controller\Api\WorkController::show() should be compatible with Think\Controller::show($content, $charset = '', $contentType = '', $prefix = '') /home/simontaosim/aptana_works/liulianxueshe/Application/Admin/Controller/Api/WorkController.class.php 第 87 行.
SQL: SHOW COLUMNS FROM `works` [ RunTime:0.0009s ]
SQL: SELECT * FROM `works` WHERE ( wid='188' ) LIMIT 1   [ RunTime:0.0014s ]

[ 2016-01-13T00:50:11+08:00 ] 127.0.0.1 /admin/api/work/show?wid=164
INFO: [ app_init ] --START--
INFO: Run Behavior\BuildLiteBehavior [ RunTime:0.000022s ]
INFO: [ app_init ] --END-- [ RunTime:0.000491s ]
INFO: [ app_begin ] --START--
INFO: Run Behavior\ReadHtmlCacheBehavior [ RunTime:0.000656s ]
INFO: [ app_begin ] --END-- [ RunTime:0.000728s ]
NOTIC: [2048] Declaration of Admin\Controller\Api\WorkController::show() should be compatible with Think\Controller::show($content, $charset = '', $contentType = '', $prefix = '') /home/simontaosim/aptana_works/liulianxueshe/Application/Admin/Controller/Api/WorkController.class.php 第 87 行.
SQL: SHOW COLUMNS FROM `works` [ RunTime:0.0025s ]
SQL: SELECT * FROM `works` WHERE ( wid='164' ) LIMIT 1   [ RunTime:0.0015s ]

[ 2016-01-13T01:07:01+08:00 ] 127.0.0.1 /admin/api/work/show?wid=175
INFO: [ app_init ] --START--
INFO: Run Behavior\BuildLiteBehavior [ RunTime:0.000016s ]
INFO: [ app_init ] --END-- [ RunTime:0.000344s ]
INFO: [ app_begin ] --START--
INFO: Run Behavior\ReadHtmlCacheBehavior [ RunTime:0.000377s ]
INFO: [ app_begin ] --END-- [ RunTime:0.000420s ]
NOTIC: [2048] Declaration of Admin\Controller\Api\WorkController::show() should be compatible with Think\Controller::show($content, $charset = '', $contentType = '', $prefix = '') /home/simontaosim/aptana_works/liulianxueshe/Application/Admin/Controller/Api/WorkController.class.php 第 87 行.
SQL: SHOW COLUMNS FROM `works` [ RunTime:0.0010s ]
SQL: SELECT * FROM `works` WHERE ( wid='175' ) LIMIT 1   [ RunTime:0.0003s ]

[ 2016-01-13T01:07:09+08:00 ] 127.0.0.1 /admin/api/work/show?wid=171
INFO: [ app_init ] --START--
INFO: Run Behavior\BuildLiteBehavior [ RunTime:0.000022s ]
INFO: [ app_init ] --END-- [ RunTime:0.000488s ]
INFO: [ app_begin ] --START--
INFO: Run Behavior\ReadHtmlCacheBehavior [ RunTime:0.000595s ]
INFO: [ app_begin ] --END-- [ RunTime:0.000662s ]
NOTIC: [2048] Declaration of Admin\Controller\Api\WorkController::show() should be compatible with Think\Controller::show($content, $charset = '', $contentType = '', $prefix = '') /home/simontaosim/aptana_works/liulianxueshe/Application/Admin/Controller/Api/WorkController.class.php 第 87 行.
SQL: SHOW COLUMNS FROM `works` [ RunTime:0.0008s ]
SQL: SELECT * FROM `works` WHERE ( wid='171' ) LIMIT 1   [ RunTime:0.0003s ]

[ 2016-01-13T01:07:21+08:00 ] 127.0.0.1 /admin/api/work/works?page=2
INFO: [ app_init ] --START--
INFO: Run Behavior\BuildLiteBehavior [ RunTime:0.000024s ]
INFO: [ app_init ] --END-- [ RunTime:0.000590s ]
INFO: [ app_begin ] --START--
INFO: Run Behavior\ReadHtmlCacheBehavior [ RunTime:0.000733s ]
INFO: [ app_begin ] --END-- [ RunTime:0.000823s ]
NOTIC: [2048] Declaration of Admin\Controller\Api\WorkController::show() should be compatible with Think\Controller::show($content, $charset = '', $contentType = '', $prefix = '') /home/simontaosim/aptana_works/liulianxueshe/Application/Admin/Controller/Api/WorkController.class.php 第 87 行.
SQL: SHOW COLUMNS FROM `works` [ RunTime:0.0037s ]
SQL: SELECT wid, author,thumbnail,content,createtime,updatetime,title FROM `works` WHERE valid=1 ORDER BY updatetime DESC LIMIT 20, 20 [ RunTime:0.0023s ]

[ 2016-01-13T01:07:21+08:00 ] 127.0.0.1 /admin/api/pagination/generatePagination?page=2
INFO: [ app_init ] --START--
INFO: Run Behavior\BuildLiteBehavior [ RunTime:0.000065s ]
INFO: [ app_init ] --END-- [ RunTime:0.001052s ]
INFO: [ app_begin ] --START--
INFO: Run Behavior\ReadHtmlCacheBehavior [ RunTime:0.001309s ]
INFO: [ app_begin ] --END-- [ RunTime:0.001521s ]
INFO: [ app_end ] --START--
INFO: Run Behavior\ShowPageTraceBehavior [ RunTime:0.001466s ]
INFO: [ app_end ] --END-- [ RunTime:0.001735s ]

[ 2016-01-13T01:07:27+08:00 ] 127.0.0.1 /admin/api/work/works?page=3
INFO: [ app_init ] --START--
INFO: Run Behavior\BuildLiteBehavior [ RunTime:0.000014s ]
INFO: [ app_init ] --END-- [ RunTime:0.000311s ]
INFO: [ app_begin ] --START--
INFO: Run Behavior\ReadHtmlCacheBehavior [ RunTime:0.000389s ]
INFO: [ app_begin ] --END-- [ RunTime:0.000437s ]
NOTIC: [2048] Declaration of Admin\Controller\Api\WorkController::show() should be compatible with Think\Controller::show($content, $charset = '', $contentType = '', $prefix = '') /home/simontaosim/aptana_works/liulianxueshe/Application/Admin/Controller/Api/WorkController.class.php 第 87 行.
SQL: SHOW COLUMNS FROM `works` [ RunTime:0.0007s ]
SQL: SELECT wid, author,thumbnail,content,createtime,updatetime,title FROM `works` WHERE valid=1 ORDER BY updatetime DESC LIMIT 40, 20 [ RunTime:0.0005s ]

[ 2016-01-13T01:07:27+08:00 ] 127.0.0.1 /admin/api/pagination/generatePagination?page=3
INFO: [ app_init ] --START--
INFO: Run Behavior\BuildLiteBehavior [ RunTime:0.000015s ]
INFO: [ app_init ] --END-- [ RunTime:0.000305s ]
INFO: [ app_begin ] --START--
INFO: Run Behavior\ReadHtmlCacheBehavior [ RunTime:0.000375s ]
INFO: [ app_begin ] --END-- [ RunTime:0.000421s ]
INFO: [ app_end ] --START--
INFO: Run Behavior\ShowPageTraceBehavior [ RunTime:0.000437s ]
INFO: [ app_end ] --END-- [ RunTime:0.000490s ]

[ 2016-01-13T01:07:31+08:00 ] 127.0.0.1 /admin/api/work/works?page=4
INFO: [ app_init ] --START--
INFO: Run Behavior\BuildLiteBehavior [ RunTime:0.000021s ]
INFO: [ app_init ] --END-- [ RunTime:0.000512s ]
INFO: [ app_begin ] --START--
INFO: Run Behavior\ReadHtmlCacheBehavior [ RunTime:0.000689s ]
INFO: [ app_begin ] --END-- [ RunTime:0.000791s ]
NOTIC: [2048] Declaration of Admin\Controller\Api\WorkController::show() should be compatible with Think\Controller::show($content, $charset = '', $contentType = '', $prefix = '') /home/simontaosim/aptana_works/liulianxueshe/Application/Admin/Controller/Api/WorkController.class.php 第 87 行.
SQL: SHOW COLUMNS FROM `works` [ RunTime:0.0011s ]
SQL: SELECT wid, author,thumbnail,content,createtime,updatetime,title FROM `works` WHERE valid=1 ORDER BY updatetime DESC LIMIT 60, 20 [ RunTime:0.0006s ]

[ 2016-01-13T01:07:31+08:00 ] 127.0.0.1 /admin/api/pagination/generatePagination?page=4
INFO: [ app_init ] --START--
INFO: Run Behavior\BuildLiteBehavior [ RunTime:0.000051s ]
INFO: [ app_init ] --END-- [ RunTime:0.000884s ]
INFO: [ app_begin ] --START--
INFO: Run Behavior\ReadHtmlCacheBehavior [ RunTime:0.001348s ]
INFO: [ app_begin ] --END-- [ RunTime:0.001640s ]
INFO: [ app_end ] --START--
INFO: Run Behavior\ShowPageTraceBehavior [ RunTime:0.001439s ]
INFO: [ app_end ] --END-- [ RunTime:0.001757s ]

[ 2016-01-13T01:07:33+08:00 ] 127.0.0.1 /admin/api/work/works?page=5
INFO: [ app_init ] --START--
INFO: Run Behavior\BuildLiteBehavior [ RunTime:0.000020s ]
INFO: [ app_init ] --END-- [ RunTime:0.000480s ]
INFO: [ app_begin ] --START--
INFO: Run Behavior\ReadHtmlCacheBehavior [ RunTime:0.000595s ]
INFO: [ app_begin ] --END-- [ RunTime:0.000675s ]
NOTIC: [2048] Declaration of Admin\Controller\Api\WorkController::show() should be compatible with Think\Controller::show($content, $charset = '', $contentType = '', $prefix = '') /home/simontaosim/aptana_works/liulianxueshe/Application/Admin/Controller/Api/WorkController.class.php 第 87 行.
SQL: SHOW COLUMNS FROM `works` [ RunTime:0.0010s ]
SQL: SELECT wid, author,thumbnail,content,createtime,updatetime,title FROM `works` WHERE valid=1 ORDER BY updatetime DESC LIMIT 80, 20 [ RunTime:0.0005s ]

[ 2016-01-13T01:07:33+08:00 ] 127.0.0.1 /admin/api/pagination/generatePagination?page=5
INFO: [ app_init ] --START--
INFO: Run Behavior\BuildLiteBehavior [ RunTime:0.000023s ]
INFO: [ app_init ] --END-- [ RunTime:0.000546s ]
INFO: [ app_begin ] --START--
INFO: Run Behavior\ReadHtmlCacheBehavior [ RunTime:0.000753s ]
INFO: [ app_begin ] --END-- [ RunTime:0.000850s ]
INFO: [ app_end ] --START--
INFO: Run Behavior\ShowPageTraceBehavior [ RunTime:0.000717s ]
INFO: [ app_end ] --END-- [ RunTime:0.000790s ]

[ 2016-01-13T01:07:34+08:00 ] 127.0.0.1 /admin/api/work/works?page=4
INFO: [ app_init ] --START--
INFO: Run Behavior\BuildLiteBehavior [ RunTime:0.000023s ]
INFO: [ app_init ] --END-- [ RunTime:0.000537s ]
INFO: [ app_begin ] --START--
INFO: Run Behavior\ReadHtmlCacheBehavior [ RunTime:0.000961s ]
INFO: [ app_begin ] --END-- [ RunTime:0.001081s ]
NOTIC: [2048] Declaration of Admin\Controller\Api\WorkController::show() should be compatible with Think\Controller::show($content, $charset = '', $contentType = '', $prefix = '') /home/simontaosim/aptana_works/liulianxueshe/Application/Admin/Controller/Api/WorkController.class.php 第 87 行.
SQL: SHOW COLUMNS FROM `works` [ RunTime:0.0008s ]
SQL: SELECT wid, author,thumbnail,content,createtime,updatetime,title FROM `works` WHERE valid=1 ORDER BY updatetime DESC LIMIT 60, 20 [ RunTime:0.0004s ]

[ 2016-01-13T01:07:34+08:00 ] 127.0.0.1 /admin/api/pagination/generatePagination?page=4
INFO: [ app_init ] --START--
INFO: Run Behavior\BuildLiteBehavior [ RunTime:0.000022s ]
INFO: [ app_init ] --END-- [ RunTime:0.000500s ]
INFO: [ app_begin ] --START--
INFO: Run Behavior\ReadHtmlCacheBehavior [ RunTime:0.000652s ]
INFO: [ app_begin ] --END-- [ RunTime:0.000740s ]
INFO: [ app_end ] --START--
INFO: Run Behavior\ShowPageTraceBehavior [ RunTime:0.000731s ]
INFO: [ app_end ] --END-- [ RunTime:0.000812s ]

[ 2016-01-13T01:08:11+08:00 ] 127.0.0.1 /admin/api/work/show?wid=175
INFO: [ app_init ] --START--
INFO: Run Behavior\BuildLiteBehavior [ RunTime:0.000022s ]
INFO: [ app_init ] --END-- [ RunTime:0.000481s ]
INFO: [ app_begin ] --START--
INFO: Run Behavior\ReadHtmlCacheBehavior [ RunTime:0.000609s ]
INFO: [ app_begin ] --END-- [ RunTime:0.000675s ]
NOTIC: [2048] Declaration of Admin\Controller\Api\WorkController::show() should be compatible with Think\Controller::show($content, $charset = '', $contentType = '', $prefix = '') /home/simontaosim/aptana_works/liulianxueshe/Application/Admin/Controller/Api/WorkController.class.php 第 87 行.
SQL: SHOW COLUMNS FROM `works` [ RunTime:0.0011s ]
SQL: SELECT * FROM `works` WHERE ( wid='175' ) LIMIT 1   [ RunTime:0.0007s ]

[ 2016-01-13T01:08:30+08:00 ] 127.0.0.1 /admin/api/work/works?page=3
INFO: [ app_init ] --START--
INFO: Run Behavior\BuildLiteBehavior [ RunTime:0.000020s ]
INFO: [ app_init ] --END-- [ RunTime:0.000461s ]
INFO: [ app_begin ] --START--
INFO: Run Behavior\ReadHtmlCacheBehavior [ RunTime:0.000594s ]
INFO: [ app_begin ] --END-- [ RunTime:0.000668s ]
NOTIC: [2048] Declaration of Admin\Controller\Api\WorkController::show() should be compatible with Think\Controller::show($content, $charset = '', $contentType = '', $prefix = '') /home/simontaosim/aptana_works/liulianxueshe/Application/Admin/Controller/Api/WorkController.class.php 第 87 行.
SQL: SHOW COLUMNS FROM `works` [ RunTime:0.0007s ]
SQL: SELECT wid, author,thumbnail,content,createtime,updatetime,title FROM `works` WHERE valid=1 ORDER BY updatetime DESC LIMIT 40, 20 [ RunTime:0.0005s ]

[ 2016-01-13T01:08:30+08:00 ] 127.0.0.1 /admin/api/pagination/generatePagination?page=3
INFO: [ app_init ] --START--
INFO: Run Behavior\BuildLiteBehavior [ RunTime:0.000021s ]
INFO: [ app_init ] --END-- [ RunTime:0.000491s ]
INFO: [ app_begin ] --START--
INFO: Run Behavior\ReadHtmlCacheBehavior [ RunTime:0.000643s ]
INFO: [ app_begin ] --END-- [ RunTime:0.000727s ]
INFO: [ app_end ] --START--
INFO: Run Behavior\ShowPageTraceBehavior [ RunTime:0.000630s ]
INFO: [ app_end ] --END-- [ RunTime:0.000711s ]

[ 2016-01-13T01:08:37+08:00 ] 127.0.0.1 /admin/api/work/works?page=2
INFO: [ app_init ] --START--
INFO: Run Behavior\BuildLiteBehavior [ RunTime:0.000016s ]
INFO: [ app_init ] --END-- [ RunTime:0.000374s ]
INFO: [ app_begin ] --START--
INFO: Run Behavior\ReadHtmlCacheBehavior [ RunTime:0.000447s ]
INFO: [ app_begin ] --END-- [ RunTime:0.000520s ]
NOTIC: [2048] Declaration of Admin\Controller\Api\WorkController::show() should be compatible with Think\Controller::show($content, $charset = '', $contentType = '', $prefix = '') /home/simontaosim/aptana_works/liulianxueshe/Application/Admin/Controller/Api/WorkController.class.php 第 87 行.
SQL: SHOW COLUMNS FROM `works` [ RunTime:0.0011s ]
SQL: SELECT wid, author,thumbnail,content,createtime,updatetime,title FROM `works` WHERE valid=1 ORDER BY updatetime DESC LIMIT 20, 20 [ RunTime:0.0029s ]

[ 2016-01-13T01:08:37+08:00 ] 127.0.0.1 /admin/api/pagination/generatePagination?page=2
INFO: [ app_init ] --START--
INFO: Run Behavior\BuildLiteBehavior [ RunTime:0.000022s ]
INFO: [ app_init ] --END-- [ RunTime:0.000511s ]
INFO: [ app_begin ] --START--
INFO: Run Behavior\ReadHtmlCacheBehavior [ RunTime:0.001575s ]
INFO: [ app_begin ] --END-- [ RunTime:0.001772s ]
INFO: [ app_end ] --START--
INFO: Run Behavior\ShowPageTraceBehavior [ RunTime:0.000682s ]
INFO: [ app_end ] --END-- [ RunTime:0.000771s ]

[ 2016-01-13T01:08:43+08:00 ] 127.0.0.1 /admin/api/work/works?page=1
INFO: [ app_init ] --START--
INFO: Run Behavior\BuildLiteBehavior [ RunTime:0.000016s ]
INFO: [ app_init ] --END-- [ RunTime:0.000403s ]
INFO: [ app_begin ] --START--
INFO: Run Behavior\ReadHtmlCacheBehavior [ RunTime:0.000393s ]
INFO: [ app_begin ] --END-- [ RunTime:0.000440s ]
NOTIC: [2048] Declaration of Admin\Controller\Api\WorkController::show() should be compatible with Think\Controller::show($content, $charset = '', $contentType = '', $prefix = '') /home/simontaosim/aptana_works/liulianxueshe/Application/Admin/Controller/Api/WorkController.class.php 第 87 行.
SQL: SHOW COLUMNS FROM `works` [ RunTime:0.0007s ]
SQL: SELECT wid, author,thumbnail,content,createtime,updatetime,title FROM `works` WHERE valid=1 ORDER BY updatetime DESC LIMIT 0, 20 [ RunTime:0.0005s ]

[ 2016-01-13T01:08:43+08:00 ] 127.0.0.1 /admin/api/pagination/generatePagination?page=1
INFO: [ app_init ] --START--
INFO: Run Behavior\BuildLiteBehavior [ RunTime:0.000022s ]
INFO: [ app_init ] --END-- [ RunTime:0.000500s ]
INFO: [ app_begin ] --START--
INFO: Run Behavior\ReadHtmlCacheBehavior [ RunTime:0.000641s ]
INFO: [ app_begin ] --END-- [ RunTime:0.000725s ]
INFO: [ app_end ] --START--
INFO: Run Behavior\ShowPageTraceBehavior [ RunTime:0.000644s ]
INFO: [ app_end ] --END-- [ RunTime:0.000723s ]

[ 2016-01-13T01:08:47+08:00 ] 127.0.0.1 /admin/page/work/editwork?wid=175
INFO: [ app_init ] --START--
INFO: Run Behavior\BuildLiteBehavior [ RunTime:0.000022s ]
INFO: [ app_init ] --END-- [ RunTime:0.000498s ]
INFO: [ app_begin ] --START--
INFO: Run Behavior\ReadHtmlCacheBehavior [ RunTime:0.000607s ]
INFO: [ app_begin ] --END-- [ RunTime:0.000681s ]
SQL: SHOW COLUMNS FROM `works` [ RunTime:0.0010s ]
SQL: SELECT * FROM `works` WHERE ( wid='175' ) LIMIT 1   [ RunTime:0.0005s ]
INFO: [ view_parse ] --START--
INFO: [ template_filter ] --START--
INFO: Run Behavior\ContentReplaceBehavior [ RunTime:0.000205s ]
INFO: [ template_filter ] --END-- [ RunTime:0.000505s ]
INFO: Run Behavior\ParseTemplateBehavior [ RunTime:0.012836s ]
INFO: [ view_parse ] --END-- [ RunTime:0.012974s ]
INFO: [ view_filter ] --START--
INFO: Run Behavior\WriteHtmlCacheBehavior [ RunTime:0.000153s ]
INFO: [ view_filter ] --END-- [ RunTime:0.000192s ]
INFO: [ app_end ] --START--
INFO: Run Behavior\ShowPageTraceBehavior [ RunTime:0.000475s ]
INFO: [ app_end ] --END-- [ RunTime:0.000522s ]

[ 2016-01-13T01:08:51+08:00 ] 127.0.0.1 /admin/api/work/upLoadPic
INFO: [ app_init ] --START--
INFO: Run Behavior\BuildLiteBehavior [ RunTime:0.000023s ]
INFO: [ app_init ] --END-- [ RunTime:0.000506s ]
INFO: [ app_begin ] --START--
INFO: Run Behavior\ReadHtmlCacheBehavior [ RunTime:0.000627s ]
INFO: [ app_begin ] --END-- [ RunTime:0.000698s ]
NOTIC: [2048] Declaration of Admin\Controller\Api\WorkController::show() should be compatible with Think\Controller::show($content, $charset = '', $contentType = '', $prefix = '') /home/simontaosim/aptana_works/liulianxueshe/Application/Admin/Controller/Api/WorkController.class.php 第 87 行.
NOTIC: [2] call_user_func() expects parameter 1 to be a valid callback, no array or string given /home/simontaosim/aptana_works/liulianxueshe/ThinkPHP/Library/Think/Upload.class.php 第 170 行.

[ 2016-01-13T01:08:53+08:00 ] 127.0.0.1 /admin/api/work/update
INFO: [ app_init ] --START--
INFO: Run Behavior\BuildLiteBehavior [ RunTime:0.000086s ]
INFO: [ app_init ] --END-- [ RunTime:0.001386s ]
INFO: [ app_begin ] --START--
INFO: Run Behavior\ReadHtmlCacheBehavior [ RunTime:0.000438s ]
INFO: [ app_begin ] --END-- [ RunTime:0.000494s ]
NOTIC: [2048] Declaration of Admin\Controller\Api\WorkController::show() should be compatible with Think\Controller::show($content, $charset = '', $contentType = '', $prefix = '') /home/simontaosim/aptana_works/liulianxueshe/Application/Admin/Controller/Api/WorkController.class.php 第 87 行.
NOTIC: [8] Use of undefined constant wid - assumed 'wid' /home/simontaosim/aptana_works/liulianxueshe/Application/Admin/Controller/Api/WorkController.class.php 第 36 行.
NOTIC: [8] Use of undefined constant author - assumed 'author' /home/simontaosim/aptana_works/liulianxueshe/Application/Admin/Controller/Api/WorkController.class.php 第 37 行.
NOTIC: [8] Use of undefined constant title - assumed 'title' /home/simontaosim/aptana_works/liulianxueshe/Application/Admin/Controller/Api/WorkController.class.php 第 38 行.
NOTIC: [8] Use of undefined constant thumbnail - assumed 'thumbnail' /home/simontaosim/aptana_works/liulianxueshe/Application/Admin/Controller/Api/WorkController.class.php 第 39 行.
NOTIC: [8] Use of undefined constant cover - assumed 'cover' /home/simontaosim/aptana_works/liulianxueshe/Application/Admin/Controller/Api/WorkController.class.php 第 40 行.
NOTIC: [8] Use of undefined constant content - assumed 'content' /home/simontaosim/aptana_works/liulianxueshe/Application/Admin/Controller/Api/WorkController.class.php 第 41 行.
SQL: SHOW COLUMNS FROM `works` [ RunTime:0.0010s ]
SQL: UPDATE `works` SET `wid`='175',`author`='agsdgawegdgwegrawega',`title`='asdfawfsfagaweg',`thumbnail`='1452618531197575055.jpg',`cover`='2016-01-13/56953323549c8.jpg',`content`='afwafawfwsgeawg' WHERE ( wid='175' ) [ RunTime:0.0326s ]

[ 2016-01-13T01:08:54+08:00 ] 127.0.0.1 /admin/page/work?massage=%E4%BD%9C%E5%93%81%E6%9B%B4%E6%96%B0%E6%88%90%E5%8A%9F%EF%BC%81
INFO: [ app_init ] --START--
INFO: Run Behavior\BuildLiteBehavior [ RunTime:0.000015s ]
INFO: [ app_init ] --END-- [ RunTime:0.000317s ]
INFO: [ app_begin ] --START--
INFO: Run Behavior\ReadHtmlCacheBehavior [ RunTime:0.000402s ]
INFO: [ app_begin ] --END-- [ RunTime:0.000452s ]
INFO: [ view_parse ] --START--
INFO: [ template_filter ] --START--
INFO: Run Behavior\ContentReplaceBehavior [ RunTime:0.000178s ]
INFO: [ template_filter ] --END-- [ RunTime:0.000441s ]
INFO: Run Behavior\ParseTemplateBehavior [ RunTime:0.017427s ]
INFO: [ view_parse ] --END-- [ RunTime:0.017640s ]
INFO: [ view_filter ] --START--
INFO: Run Behavior\WriteHtmlCacheBehavior [ RunTime:0.000556s ]
INFO: [ view_filter ] --END-- [ RunTime:0.000662s ]
INFO: [ app_end ] --START--
INFO: Run Behavior\ShowPageTraceBehavior [ RunTime:0.001195s ]
INFO: [ app_end ] --END-- [ RunTime:0.001377s ]

[ 2016-01-13T01:08:55+08:00 ] 127.0.0.1 /admin/api/pagination/generatePagination?page=1
INFO: [ app_init ] --START--
INFO: Run Behavior\BuildLiteBehavior [ RunTime:0.000023s ]
INFO: [ app_init ] --END-- [ RunTime:0.000481s ]
INFO: [ app_begin ] --START--
INFO: Run Behavior\ReadHtmlCacheBehavior [ RunTime:0.000615s ]
INFO: [ app_begin ] --END-- [ RunTime:0.000692s ]
INFO: [ app_end ] --START--
INFO: Run Behavior\ShowPageTraceBehavior [ RunTime:0.000623s ]
INFO: [ app_end ] --END-- [ RunTime:0.000702s ]

[ 2016-01-13T01:08:55+08:00 ] 127.0.0.1 /admin/api/work/works?page=1
INFO: [ app_init ] --START--
INFO: Run Behavior\BuildLiteBehavior [ RunTime:0.000019s ]
INFO: [ app_init ] --END-- [ RunTime:0.000439s ]
INFO: [ app_begin ] --START--
INFO: Run Behavior\ReadHtmlCacheBehavior [ RunTime:0.000635s ]
INFO: [ app_begin ] --END-- [ RunTime:0.000710s ]
NOTIC: [2048] Declaration of Admin\Controller\Api\WorkController::show() should be compatible with Think\Controller::show($content, $charset = '', $contentType = '', $prefix = '') /home/simontaosim/aptana_works/liulianxueshe/Application/Admin/Controller/Api/WorkController.class.php 第 87 行.
SQL: SHOW COLUMNS FROM `works` [ RunTime:0.0008s ]
SQL: SELECT wid, author,thumbnail,content,createtime,updatetime,title FROM `works` WHERE valid=1 ORDER BY updatetime DESC LIMIT 0, 20 [ RunTime:0.0005s ]

[ 2016-01-13T01:09:14+08:00 ] 127.0.0.1 /admin/api/work/show?wid=175
INFO: [ app_init ] --START--
INFO: Run Behavior\BuildLiteBehavior [ RunTime:0.000016s ]
INFO: [ app_init ] --END-- [ RunTime:0.000322s ]
INFO: [ app_begin ] --START--
INFO: Run Behavior\ReadHtmlCacheBehavior [ RunTime:0.000394s ]
INFO: [ app_begin ] --END-- [ RunTime:0.000438s ]
NOTIC: [2048] Declaration of Admin\Controller\Api\WorkController::show() should be compatible with Think\Controller::show($content, $charset = '', $contentType = '', $prefix = '') /home/simontaosim/aptana_works/liulianxueshe/Application/Admin/Controller/Api/WorkController.class.php 第 87 行.
SQL: SHOW COLUMNS FROM `works` [ RunTime:0.0007s ]
SQL: SELECT * FROM `works` WHERE ( wid='175' ) LIMIT 1   [ RunTime:0.0003s ]

[ 2016-01-13T01:09:19+08:00 ] 127.0.0.1 /admin/api/work/show?wid=193
INFO: [ app_init ] --START--
INFO: Run Behavior\BuildLiteBehavior [ RunTime:0.000025s ]
INFO: [ app_init ] --END-- [ RunTime:0.000522s ]
INFO: [ app_begin ] --START--
INFO: Run Behavior\ReadHtmlCacheBehavior [ RunTime:0.000660s ]
INFO: [ app_begin ] --END-- [ RunTime:0.000753s ]
NOTIC: [2048] Declaration of Admin\Controller\Api\WorkController::show() should be compatible with Think\Controller::show($content, $charset = '', $contentType = '', $prefix = '') /home/simontaosim/aptana_works/liulianxueshe/Application/Admin/Controller/Api/WorkController.class.php 第 87 行.
SQL: SHOW COLUMNS FROM `works` [ RunTime:0.0020s ]
SQL: SELECT * FROM `works` WHERE ( wid='193' ) LIMIT 1   [ RunTime:0.0022s ]

[ 2016-01-13T01:09:41+08:00 ] 127.0.0.1 /admin/api/work/show?wid=151
INFO: [ app_init ] --START--
INFO: Run Behavior\BuildLiteBehavior [ RunTime:0.000023s ]
INFO: [ app_init ] --END-- [ RunTime:0.000575s ]
INFO: [ app_begin ] --START--
INFO: Run Behavior\ReadHtmlCacheBehavior [ RunTime:0.000688s ]
INFO: [ app_begin ] --END-- [ RunTime:0.000774s ]
NOTIC: [2048] Declaration of Admin\Controller\Api\WorkController::show() should be compatible with Think\Controller::show($content, $charset = '', $contentType = '', $prefix = '') /home/simontaosim/aptana_works/liulianxueshe/Application/Admin/Controller/Api/WorkController.class.php 第 87 行.
SQL: SHOW COLUMNS FROM `works` [ RunTime:0.0011s ]
SQL: SELECT * FROM `works` WHERE ( wid='151' ) LIMIT 1   [ RunTime:0.0004s ]

[ 2016-01-13T01:10:07+08:00 ] 127.0.0.1 /admin/api/work/show?wid=189
INFO: [ app_init ] --START--
INFO: Run Behavior\BuildLiteBehavior [ RunTime:0.000023s ]
INFO: [ app_init ] --END-- [ RunTime:0.000501s ]
INFO: [ app_begin ] --START--
INFO: Run Behavior\ReadHtmlCacheBehavior [ RunTime:0.000637s ]
INFO: [ app_begin ] --END-- [ RunTime:0.000711s ]
NOTIC: [2048] Declaration of Admin\Controller\Api\WorkController::show() should be compatible with Think\Controller::show($content, $charset = '', $contentType = '', $prefix = '') /home/simontaosim/aptana_works/liulianxueshe/Application/Admin/Controller/Api/WorkController.class.php 第 87 行.
SQL: SHOW COLUMNS FROM `works` [ RunTime:0.0011s ]
SQL: SELECT * FROM `works` WHERE ( wid='189' ) LIMIT 1   [ RunTime:0.0004s ]

