[ 2016-01-11T17:11:18+08:00 ] 127.0.0.1 /admin/page/work/
INFO: [ app_init ] --START--
INFO: Run Behavior\BuildLiteBehavior [ RunTime:0.000024s ]
INFO: [ app_init ] --END-- [ RunTime:0.000634s ]
INFO: [ app_begin ] --START--
INFO: Run Behavior\ReadHtmlCacheBehavior [ RunTime:0.000727s ]
INFO: [ app_begin ] --END-- [ RunTime:0.000782s ]
INFO: [ view_parse ] --START--
INFO: [ template_filter ] --START--
INFO: Run Behavior\ContentReplaceBehavior [ RunTime:0.000048s ]
INFO: [ template_filter ] --END-- [ RunTime:0.000110s ]
INFO: Run Behavior\ParseTemplateBehavior [ RunTime:0.011764s ]
INFO: [ view_parse ] --END-- [ RunTime:0.011815s ]
INFO: [ view_filter ] --START--
INFO: Run Behavior\WriteHtmlCacheBehavior [ RunTime:0.000805s ]
INFO: [ view_filter ] --END-- [ RunTime:0.000850s ]
INFO: [ app_end ] --START--
INFO: Run Behavior\ShowPageTraceBehavior [ RunTime:0.000704s ]
INFO: [ app_end ] --END-- [ RunTime:0.000766s ]

[ 2016-01-11T17:11:19+08:00 ] 127.0.0.1 /admin/api/pagination/generatePagination?page=1
INFO: [ app_init ] --START--
INFO: Run Behavior\BuildLiteBehavior [ RunTime:0.000020s ]
INFO: [ app_init ] --END-- [ RunTime:0.000477s ]
INFO: [ app_begin ] --START--
INFO: Run Behavior\ReadHtmlCacheBehavior [ RunTime:0.000694s ]
INFO: [ app_begin ] --END-- [ RunTime:0.000786s ]
INFO: [ app_end ] --START--
INFO: Run Behavior\ShowPageTraceBehavior [ RunTime:0.000783s ]
INFO: [ app_end ] --END-- [ RunTime:0.000884s ]

[ 2016-01-11T17:11:19+08:00 ] 127.0.0.1 /admin/api/work/works?page=1
INFO: [ app_init ] --START--
INFO: Run Behavior\BuildLiteBehavior [ RunTime:0.000022s ]
INFO: [ app_init ] --END-- [ RunTime:0.000810s ]
INFO: [ app_begin ] --START--
INFO: Run Behavior\ReadHtmlCacheBehavior [ RunTime:0.000556s ]
INFO: [ app_begin ] --END-- [ RunTime:0.000628s ]
NOTIC: [2048] Declaration of Admin\Controller\Api\WorkController::show() should be compatible with Think\Controller::show($content, $charset = '', $contentType = '', $prefix = '') /home/simontaosim/aptana_works/liulianxueshe/Application/Admin/Controller/Api/WorkController.class.php 第 87 行.
SQL: SHOW COLUMNS FROM `works` [ RunTime:0.0083s ]
SQL: SELECT wid, author,thumbnail,content,createtime,updatetime,title FROM `works` WHERE valid=1 ORDER BY updatetime DESC LIMIT 0, 20 [ RunTime:0.0008s ]

[ 2016-01-11T17:12:44+08:00 ] 127.0.0.1 /admin/page/work/
INFO: [ app_init ] --START--
INFO: Run Behavior\BuildLiteBehavior [ RunTime:0.000020s ]
INFO: [ app_init ] --END-- [ RunTime:0.000516s ]
INFO: [ app_begin ] --START--
INFO: Run Behavior\ReadHtmlCacheBehavior [ RunTime:0.000640s ]
INFO: [ app_begin ] --END-- [ RunTime:0.000719s ]
INFO: [ view_parse ] --START--
INFO: [ template_filter ] --START--
INFO: Run Behavior\ContentReplaceBehavior [ RunTime:0.000067s ]
INFO: [ template_filter ] --END-- [ RunTime:0.000147s ]
INFO: Run Behavior\ParseTemplateBehavior [ RunTime:0.013033s ]
INFO: [ view_parse ] --END-- [ RunTime:0.013103s ]
INFO: [ view_filter ] --START--
INFO: Run Behavior\WriteHtmlCacheBehavior [ RunTime:0.000187s ]
INFO: [ view_filter ] --END-- [ RunTime:0.000246s ]
INFO: [ app_end ] --START--
INFO: Run Behavior\ShowPageTraceBehavior [ RunTime:0.000664s ]
INFO: [ app_end ] --END-- [ RunTime:0.000741s ]

[ 2016-01-11T17:12:45+08:00 ] 127.0.0.1 /admin/api/pagination/generatePagination?page=1
INFO: [ app_init ] --START--
INFO: Run Behavior\BuildLiteBehavior [ RunTime:0.000016s ]
INFO: [ app_init ] --END-- [ RunTime:0.000360s ]
INFO: [ app_begin ] --START--
INFO: Run Behavior\ReadHtmlCacheBehavior [ RunTime:0.000459s ]
INFO: [ app_begin ] --END-- [ RunTime:0.000512s ]
INFO: [ app_end ] --START--
INFO: Run Behavior\ShowPageTraceBehavior [ RunTime:0.000507s ]
INFO: [ app_end ] --END-- [ RunTime:0.000572s ]

[ 2016-01-11T17:12:45+08:00 ] 127.0.0.1 /admin/api/work/works?page=1
INFO: [ app_init ] --START--
INFO: Run Behavior\BuildLiteBehavior [ RunTime:0.000024s ]
INFO: [ app_init ] --END-- [ RunTime:0.000536s ]
INFO: [ app_begin ] --START--
INFO: Run Behavior\ReadHtmlCacheBehavior [ RunTime:0.000702s ]
INFO: [ app_begin ] --END-- [ RunTime:0.000784s ]
NOTIC: [2048] Declaration of Admin\Controller\Api\WorkController::show() should be compatible with Think\Controller::show($content, $charset = '', $contentType = '', $prefix = '') /home/simontaosim/aptana_works/liulianxueshe/Application/Admin/Controller/Api/WorkController.class.php 第 87 行.
SQL: SHOW COLUMNS FROM `works` [ RunTime:0.0014s ]
SQL: SELECT wid, author,thumbnail,content,createtime,updatetime,title FROM `works` WHERE valid=1 ORDER BY updatetime DESC LIMIT 0, 20 [ RunTime:0.0006s ]

[ 2016-01-11T17:58:08+08:00 ] 127.0.0.1 /admin/page/work/
INFO: [ app_init ] --START--
INFO: Run Behavior\BuildLiteBehavior [ RunTime:0.000017s ]
INFO: [ app_init ] --END-- [ RunTime:0.000579s ]
INFO: [ app_begin ] --START--
INFO: Run Behavior\ReadHtmlCacheBehavior [ RunTime:0.001191s ]
INFO: [ app_begin ] --END-- [ RunTime:0.001360s ]
INFO: [ view_parse ] --START--
INFO: [ template_filter ] --START--
INFO: Run Behavior\ContentReplaceBehavior [ RunTime:0.000047s ]
INFO: [ template_filter ] --END-- [ RunTime:0.000105s ]
INFO: Run Behavior\ParseTemplateBehavior [ RunTime:0.010976s ]
INFO: [ view_parse ] --END-- [ RunTime:0.011042s ]
INFO: [ view_filter ] --START--
INFO: Run Behavior\WriteHtmlCacheBehavior [ RunTime:0.000468s ]
INFO: [ view_filter ] --END-- [ RunTime:0.000507s ]
INFO: [ app_end ] --START--
INFO: Run Behavior\ShowPageTraceBehavior [ RunTime:0.000734s ]
INFO: [ app_end ] --END-- [ RunTime:0.000799s ]

[ 2016-01-11T17:58:09+08:00 ] 127.0.0.1 /admin/api/work/works?page=1
INFO: [ app_init ] --START--
INFO: Run Behavior\BuildLiteBehavior [ RunTime:0.000015s ]
INFO: [ app_init ] --END-- [ RunTime:0.000364s ]
INFO: [ app_begin ] --START--
INFO: Run Behavior\ReadHtmlCacheBehavior [ RunTime:0.000417s ]
INFO: [ app_begin ] --END-- [ RunTime:0.000469s ]
NOTIC: [2048] Declaration of Admin\Controller\Api\WorkController::show() should be compatible with Think\Controller::show($content, $charset = '', $contentType = '', $prefix = '') /home/simontaosim/aptana_works/liulianxueshe/Application/Admin/Controller/Api/WorkController.class.php 第 87 行.
SQL: SHOW COLUMNS FROM `works` [ RunTime:0.0059s ]
SQL: SELECT wid, author,thumbnail,content,createtime,updatetime,title FROM `works` WHERE valid=1 ORDER BY updatetime DESC LIMIT 0, 20 [ RunTime:0.0009s ]

[ 2016-01-11T17:58:09+08:00 ] 127.0.0.1 /admin/api/pagination/generatePagination?page=1
INFO: [ app_init ] --START--
INFO: Run Behavior\BuildLiteBehavior [ RunTime:0.000022s ]
INFO: [ app_init ] --END-- [ RunTime:0.000527s ]
INFO: [ app_begin ] --START--
INFO: Run Behavior\ReadHtmlCacheBehavior [ RunTime:0.000735s ]
INFO: [ app_begin ] --END-- [ RunTime:0.000825s ]
INFO: [ app_end ] --START--
INFO: Run Behavior\ShowPageTraceBehavior [ RunTime:0.000843s ]
INFO: [ app_end ] --END-- [ RunTime:0.000963s ]

[ 2016-01-11T22:39:16+08:00 ] 127.0.0.1 /admin/page/work/
INFO: [ app_init ] --START--
INFO: Run Behavior\BuildLiteBehavior [ RunTime:0.000066s ]
INFO: [ app_init ] --END-- [ RunTime:0.001233s ]
INFO: [ app_begin ] --START--
INFO: Run Behavior\ReadHtmlCacheBehavior [ RunTime:0.000668s ]
INFO: [ app_begin ] --END-- [ RunTime:0.000756s ]
INFO: [ view_parse ] --START--
INFO: [ template_filter ] --START--
INFO: Run Behavior\ContentReplaceBehavior [ RunTime:0.000052s ]
INFO: [ template_filter ] --END-- [ RunTime:0.000113s ]
INFO: Run Behavior\ParseTemplateBehavior [ RunTime:0.010502s ]
INFO: [ view_parse ] --END-- [ RunTime:0.010575s ]
INFO: [ view_filter ] --START--
INFO: Run Behavior\WriteHtmlCacheBehavior [ RunTime:0.000174s ]
INFO: [ view_filter ] --END-- [ RunTime:0.000225s ]
INFO: [ app_end ] --START--
INFO: Run Behavior\ShowPageTraceBehavior [ RunTime:0.000652s ]
INFO: [ app_end ] --END-- [ RunTime:0.000739s ]

[ 2016-01-11T22:39:17+08:00 ] 127.0.0.1 /admin/api/pagination/generatePagination?page=1
INFO: [ app_init ] --START--
INFO: Run Behavior\BuildLiteBehavior [ RunTime:0.000013s ]
INFO: [ app_init ] --END-- [ RunTime:0.000313s ]
INFO: [ app_begin ] --START--
INFO: Run Behavior\ReadHtmlCacheBehavior [ RunTime:0.000419s ]
INFO: [ app_begin ] --END-- [ RunTime:0.000471s ]
INFO: [ app_end ] --START--
INFO: Run Behavior\ShowPageTraceBehavior [ RunTime:0.000616s ]
INFO: [ app_end ] --END-- [ RunTime:0.000681s ]

[ 2016-01-11T22:39:17+08:00 ] 127.0.0.1 /admin/api/work/works?page=1
INFO: [ app_init ] --START--
INFO: Run Behavior\BuildLiteBehavior [ RunTime:0.000023s ]
INFO: [ app_init ] --END-- [ RunTime:0.000539s ]
INFO: [ app_begin ] --START--
INFO: Run Behavior\ReadHtmlCacheBehavior [ RunTime:0.000701s ]
INFO: [ app_begin ] --END-- [ RunTime:0.000786s ]
NOTIC: [2048] Declaration of Admin\Controller\Api\WorkController::show() should be compatible with Think\Controller::show($content, $charset = '', $contentType = '', $prefix = '') /home/simontaosim/aptana_works/liulianxueshe/Application/Admin/Controller/Api/WorkController.class.php 第 87 行.
SQL: SHOW COLUMNS FROM `works` [ RunTime:0.0009s ]
SQL: SELECT wid, author,thumbnail,content,createtime,updatetime,title FROM `works` WHERE valid=1 ORDER BY updatetime DESC LIMIT 0, 20 [ RunTime:0.0006s ]

[ 2016-01-11T23:01:30+08:00 ] 127.0.0.1 /admin/page/work/
INFO: [ app_init ] --START--
INFO: Run Behavior\BuildLiteBehavior [ RunTime:0.000015s ]
INFO: [ app_init ] --END-- [ RunTime:0.000509s ]
INFO: [ app_begin ] --START--
INFO: Run Behavior\ReadHtmlCacheBehavior [ RunTime:0.000688s ]
INFO: [ app_begin ] --END-- [ RunTime:0.000741s ]
INFO: [ view_parse ] --START--
INFO: [ template_filter ] --START--
INFO: Run Behavior\ContentReplaceBehavior [ RunTime:0.000047s ]
INFO: [ template_filter ] --END-- [ RunTime:0.000099s ]
INFO: Run Behavior\ParseTemplateBehavior [ RunTime:0.009286s ]
INFO: [ view_parse ] --END-- [ RunTime:0.009356s ]
INFO: [ view_filter ] --START--
INFO: Run Behavior\WriteHtmlCacheBehavior [ RunTime:0.002328s ]
INFO: [ view_filter ] --END-- [ RunTime:0.002366s ]
INFO: [ app_end ] --START--
INFO: Run Behavior\ShowPageTraceBehavior [ RunTime:0.000699s ]
INFO: [ app_end ] --END-- [ RunTime:0.000750s ]

[ 2016-01-11T23:01:30+08:00 ] 127.0.0.1 /admin/api/work/works?page=1
INFO: [ app_init ] --START--
INFO: Run Behavior\BuildLiteBehavior [ RunTime:0.000016s ]
INFO: [ app_init ] --END-- [ RunTime:0.000325s ]
INFO: [ app_begin ] --START--
INFO: Run Behavior\ReadHtmlCacheBehavior [ RunTime:0.000544s ]
INFO: [ app_begin ] --END-- [ RunTime:0.000611s ]
NOTIC: [2048] Declaration of Admin\Controller\Api\WorkController::show() should be compatible with Think\Controller::show($content, $charset = '', $contentType = '', $prefix = '') /home/simontaosim/aptana_works/liulianxueshe/Application/Admin/Controller/Api/WorkController.class.php 第 87 行.
SQL: SHOW COLUMNS FROM `works` [ RunTime:0.0055s ]
SQL: SELECT wid, author,thumbnail,content,createtime,updatetime,title FROM `works` WHERE valid=1 ORDER BY updatetime DESC LIMIT 0, 20 [ RunTime:0.0005s ]

[ 2016-01-11T23:01:30+08:00 ] 127.0.0.1 /admin/api/pagination/generatePagination?page=1
INFO: [ app_init ] --START--
INFO: Run Behavior\BuildLiteBehavior [ RunTime:0.000021s ]
INFO: [ app_init ] --END-- [ RunTime:0.000509s ]
INFO: [ app_begin ] --START--
INFO: Run Behavior\ReadHtmlCacheBehavior [ RunTime:0.000682s ]
INFO: [ app_begin ] --END-- [ RunTime:0.000765s ]
INFO: [ app_end ] --START--
INFO: Run Behavior\ShowPageTraceBehavior [ RunTime:0.000716s ]
INFO: [ app_end ] --END-- [ RunTime:0.000813s ]

[ 2016-01-11T23:01:35+08:00 ] 127.0.0.1 /admin/api/work/works?page=2
INFO: [ app_init ] --START--
INFO: Run Behavior\BuildLiteBehavior [ RunTime:0.000014s ]
INFO: [ app_init ] --END-- [ RunTime:0.000296s ]
INFO: [ app_begin ] --START--
INFO: Run Behavior\ReadHtmlCacheBehavior [ RunTime:0.000371s ]
INFO: [ app_begin ] --END-- [ RunTime:0.000417s ]
NOTIC: [2048] Declaration of Admin\Controller\Api\WorkController::show() should be compatible with Think\Controller::show($content, $charset = '', $contentType = '', $prefix = '') /home/simontaosim/aptana_works/liulianxueshe/Application/Admin/Controller/Api/WorkController.class.php 第 87 行.
SQL: SHOW COLUMNS FROM `works` [ RunTime:0.0007s ]
SQL: SELECT wid, author,thumbnail,content,createtime,updatetime,title FROM `works` WHERE valid=1 ORDER BY updatetime DESC LIMIT 20, 20 [ RunTime:0.0004s ]

[ 2016-01-11T23:01:35+08:00 ] 127.0.0.1 /admin/api/pagination/generatePagination?page=2
INFO: [ app_init ] --START--
INFO: Run Behavior\BuildLiteBehavior [ RunTime:0.000016s ]
INFO: [ app_init ] --END-- [ RunTime:0.000314s ]
INFO: [ app_begin ] --START--
INFO: Run Behavior\ReadHtmlCacheBehavior [ RunTime:0.000386s ]
INFO: [ app_begin ] --END-- [ RunTime:0.000431s ]
INFO: [ app_end ] --START--
INFO: Run Behavior\ShowPageTraceBehavior [ RunTime:0.000404s ]
INFO: [ app_end ] --END-- [ RunTime:0.000449s ]

[ 2016-01-11T23:01:35+08:00 ] 127.0.0.1 /admin/api/work/works?page=4
INFO: [ app_init ] --START--
INFO: Run Behavior\BuildLiteBehavior [ RunTime:0.000017s ]
INFO: [ app_init ] --END-- [ RunTime:0.000322s ]
INFO: [ app_begin ] --START--
INFO: Run Behavior\ReadHtmlCacheBehavior [ RunTime:0.000453s ]
INFO: [ app_begin ] --END-- [ RunTime:0.000517s ]
NOTIC: [2048] Declaration of Admin\Controller\Api\WorkController::show() should be compatible with Think\Controller::show($content, $charset = '', $contentType = '', $prefix = '') /home/simontaosim/aptana_works/liulianxueshe/Application/Admin/Controller/Api/WorkController.class.php 第 87 行.
SQL: SHOW COLUMNS FROM `works` [ RunTime:0.0029s ]
SQL: SELECT wid, author,thumbnail,content,createtime,updatetime,title FROM `works` WHERE valid=1 ORDER BY updatetime DESC LIMIT 60, 20 [ RunTime:0.0022s ]

[ 2016-01-11T23:01:35+08:00 ] 127.0.0.1 /admin/api/pagination/generatePagination?page=4
INFO: [ app_init ] --START--
INFO: Run Behavior\BuildLiteBehavior [ RunTime:0.000017s ]
INFO: [ app_init ] --END-- [ RunTime:0.000357s ]
INFO: [ app_begin ] --START--
INFO: Run Behavior\ReadHtmlCacheBehavior [ RunTime:0.000388s ]
INFO: [ app_begin ] --END-- [ RunTime:0.000432s ]
INFO: [ app_end ] --START--
INFO: Run Behavior\ShowPageTraceBehavior [ RunTime:0.000402s ]
INFO: [ app_end ] --END-- [ RunTime:0.000448s ]

[ 2016-01-11T23:01:36+08:00 ] 127.0.0.1 /admin/api/work/works?page=3
INFO: [ app_init ] --START--
INFO: Run Behavior\BuildLiteBehavior [ RunTime:0.000013s ]
INFO: [ app_init ] --END-- [ RunTime:0.000288s ]
INFO: [ app_begin ] --START--
INFO: Run Behavior\ReadHtmlCacheBehavior [ RunTime:0.000368s ]
INFO: [ app_begin ] --END-- [ RunTime:0.000413s ]
NOTIC: [2048] Declaration of Admin\Controller\Api\WorkController::show() should be compatible with Think\Controller::show($content, $charset = '', $contentType = '', $prefix = '') /home/simontaosim/aptana_works/liulianxueshe/Application/Admin/Controller/Api/WorkController.class.php 第 87 行.
SQL: SHOW COLUMNS FROM `works` [ RunTime:0.0008s ]
SQL: SELECT wid, author,thumbnail,content,createtime,updatetime,title FROM `works` WHERE valid=1 ORDER BY updatetime DESC LIMIT 40, 20 [ RunTime:0.0004s ]

[ 2016-01-11T23:01:36+08:00 ] 127.0.0.1 /admin/api/pagination/generatePagination?page=3
INFO: [ app_init ] --START--
INFO: Run Behavior\BuildLiteBehavior [ RunTime:0.000014s ]
INFO: [ app_init ] --END-- [ RunTime:0.000292s ]
INFO: [ app_begin ] --START--
INFO: Run Behavior\ReadHtmlCacheBehavior [ RunTime:0.000364s ]
INFO: [ app_begin ] --END-- [ RunTime:0.000408s ]
INFO: [ app_end ] --START--
INFO: Run Behavior\ShowPageTraceBehavior [ RunTime:0.000387s ]
INFO: [ app_end ] --END-- [ RunTime:0.000433s ]

[ 2016-01-11T23:01:37+08:00 ] 127.0.0.1 /admin/api/work/works?page=1
INFO: [ app_init ] --START--
INFO: Run Behavior\BuildLiteBehavior [ RunTime:0.000022s ]
INFO: [ app_init ] --END-- [ RunTime:0.000498s ]
INFO: [ app_begin ] --START--
INFO: Run Behavior\ReadHtmlCacheBehavior [ RunTime:0.000638s ]
INFO: [ app_begin ] --END-- [ RunTime:0.000721s ]
NOTIC: [2048] Declaration of Admin\Controller\Api\WorkController::show() should be compatible with Think\Controller::show($content, $charset = '', $contentType = '', $prefix = '') /home/simontaosim/aptana_works/liulianxueshe/Application/Admin/Controller/Api/WorkController.class.php 第 87 行.
SQL: SHOW COLUMNS FROM `works` [ RunTime:0.0008s ]
SQL: SELECT wid, author,thumbnail,content,createtime,updatetime,title FROM `works` WHERE valid=1 ORDER BY updatetime DESC LIMIT 0, 20 [ RunTime:0.0006s ]

[ 2016-01-11T23:01:37+08:00 ] 127.0.0.1 /admin/api/pagination/generatePagination?page=1
INFO: [ app_init ] --START--
INFO: Run Behavior\BuildLiteBehavior [ RunTime:0.000016s ]
INFO: [ app_init ] --END-- [ RunTime:0.000332s ]
INFO: [ app_begin ] --START--
INFO: Run Behavior\ReadHtmlCacheBehavior [ RunTime:0.000447s ]
INFO: [ app_begin ] --END-- [ RunTime:0.000496s ]
INFO: [ app_end ] --START--
INFO: Run Behavior\ShowPageTraceBehavior [ RunTime:0.000407s ]
INFO: [ app_end ] --END-- [ RunTime:0.000455s ]

[ 2016-01-11T23:01:41+08:00 ] 127.0.0.1 /admin/page/teacher/
INFO: [ app_init ] --START--
INFO: Run Behavior\BuildLiteBehavior [ RunTime:0.000038s ]
INFO: [ app_init ] --END-- [ RunTime:0.000534s ]
INFO: [ app_begin ] --START--
INFO: Run Behavior\ReadHtmlCacheBehavior [ RunTime:0.000386s ]
INFO: [ app_begin ] --END-- [ RunTime:0.000431s ]
INFO: [ view_parse ] --START--
INFO: [ template_filter ] --START--
INFO: Run Behavior\ContentReplaceBehavior [ RunTime:0.000051s ]
INFO: [ template_filter ] --END-- [ RunTime:0.000103s ]
NOTIC: [8] Undefined variable: massage /home/simontaosim/aptana_works/liulianxueshe/Application/Runtime/Cache/Admin/8eda1afdf5b2356245ddfd9f53056232.php 第 120 行.
INFO: Run Behavior\ParseTemplateBehavior [ RunTime:0.009040s ]
INFO: [ view_parse ] --END-- [ RunTime:0.009098s ]
INFO: [ view_filter ] --START--
INFO: Run Behavior\WriteHtmlCacheBehavior [ RunTime:0.000170s ]
INFO: [ view_filter ] --END-- [ RunTime:0.000232s ]
INFO: [ app_end ] --START--
INFO: Run Behavior\ShowPageTraceBehavior [ RunTime:0.000686s ]
INFO: [ app_end ] --END-- [ RunTime:0.000753s ]

[ 2016-01-11T23:01:41+08:00 ] 127.0.0.1 /admin/api/pagination/generatePagination?page=1
INFO: [ app_init ] --START--
INFO: Run Behavior\BuildLiteBehavior [ RunTime:0.000015s ]
INFO: [ app_init ] --END-- [ RunTime:0.000301s ]
INFO: [ app_begin ] --START--
INFO: Run Behavior\ReadHtmlCacheBehavior [ RunTime:0.000372s ]
INFO: [ app_begin ] --END-- [ RunTime:0.000418s ]
INFO: [ app_end ] --START--
INFO: Run Behavior\ShowPageTraceBehavior [ RunTime:0.000452s ]
INFO: [ app_end ] --END-- [ RunTime:0.000512s ]

[ 2016-01-11T23:01:41+08:00 ] 127.0.0.1 /admin/api/teacher/teachers?page=1
INFO: [ app_init ] --START--
INFO: Run Behavior\BuildLiteBehavior [ RunTime:0.000021s ]
INFO: [ app_init ] --END-- [ RunTime:0.000514s ]
INFO: [ app_begin ] --START--
INFO: Run Behavior\ReadHtmlCacheBehavior [ RunTime:0.000664s ]
INFO: [ app_begin ] --END-- [ RunTime:0.000742s ]
SQL: SHOW COLUMNS FROM `users` [ RunTime:0.0021s ]
SQL: SELECT `uid`,`truename`,`img`,`major`,`school`,`createtime`,`birth`,`profile`,`location` FROM `users` WHERE ( valid='1' AND role='1' ) ORDER BY createtime desc LIMIT 0,20   [ RunTime:0.0005s ]
SQL: SHOW COLUMNS FROM `user_abilities` [ RunTime:0.0021s ]
SQL: SELECT `value` FROM `user_abilities` WHERE ( user_id=1 and ability_id=1 ) LIMIT 1   [ RunTime:0.0003s ]
SQL: SELECT `value` FROM `user_abilities` WHERE ( user_id=1 and ability_id=4 ) LIMIT 1   [ RunTime:0.0002s ]
SQL: SELECT `value` FROM `user_abilities` WHERE ( user_id=1 and ability_id=5 ) LIMIT 1   [ RunTime:0.0002s ]
SQL: SELECT `value` FROM `user_abilities` WHERE ( user_id=1 and ability_id=6 ) LIMIT 1   [ RunTime:0.0002s ]
SQL: SELECT `value` FROM `user_abilities` WHERE ( user_id=1 and ability_id=9 ) LIMIT 1   [ RunTime:0.0002s ]
SQL: SELECT `value` FROM `user_abilities` WHERE ( user_id=1 and ability_id=12 ) LIMIT 1   [ RunTime:0.0002s ]
SQL: SELECT `value` FROM `user_abilities` WHERE ( user_id=2 and ability_id=1 ) LIMIT 1   [ RunTime:0.0003s ]
SQL: SELECT `value` FROM `user_abilities` WHERE ( user_id=2 and ability_id=4 ) LIMIT 1   [ RunTime:0.0003s ]
SQL: SELECT `value` FROM `user_abilities` WHERE ( user_id=2 and ability_id=5 ) LIMIT 1   [ RunTime:0.0003s ]
SQL: SELECT `value` FROM `user_abilities` WHERE ( user_id=2 and ability_id=6 ) LIMIT 1   [ RunTime:0.0003s ]
SQL: SELECT `value` FROM `user_abilities` WHERE ( user_id=2 and ability_id=9 ) LIMIT 1   [ RunTime:0.0003s ]
SQL: SELECT `value` FROM `user_abilities` WHERE ( user_id=2 and ability_id=12 ) LIMIT 1   [ RunTime:0.0003s ]

